

================================================================
== Vitis HLS Report for 'bubble_sort'
================================================================
* Date:           Thu Feb 20 13:04:45 2025

* Version:        2024.1 (Build 5069499 on May 21 2024)
* Project:        prac
* Solution:       hls (Vivado IP Flow Target)
* Product family: zynq
* Target device:  xc7z010-clg225-1


================================================================
== Performance Estimates
================================================================
+ Timing: 
    * Summary: 
    +--------+----------+----------+------------+
    |  Clock |  Target  | Estimated| Uncertainty|
    +--------+----------+----------+------------+
    |ap_clk  |  10.00 ns|  7.196 ns|     1.00 ns|
    +--------+----------+----------+------------+

+ Latency: 
    * Summary: 
    +---------+---------+----------+----------+-----+-----+---------+
    |  Latency (cycles) |  Latency (absolute) |  Interval | Pipeline|
    |   min   |   max   |    min   |    max   | min | max |   Type  |
    +---------+---------+----------+----------+-----+-----+---------+
    |      153|      837|  1.530 us|  8.370 us|  154|  838|       no|
    +---------+---------+----------+----------+-----+-----+---------+

    + Detail: 
        * Instance: 
        +-----------------------------------------------+-------------------------------------+---------+---------+-----------+----------+-----+-----+-----------------------------------------------+
        |                                               |                                     |  Latency (cycles) |  Latency (absolute)  |  Interval |                    Pipeline                   |
        |                    Instance                   |                Module               |   min   |   max   |    min    |    max   | min | max |                      Type                     |
        +-----------------------------------------------+-------------------------------------+---------+---------+-----------+----------+-----+-----+-----------------------------------------------+
        |grp_bubble_sort_Pipeline_VITIS_LOOP_6_2_fu_59  |bubble_sort_Pipeline_VITIS_LOOP_6_2  |        4|       40|  40.000 ns|  0.400 us|    3|   39|  loop auto-rewind stp(delay=0 clock cycles(s))|
        +-----------------------------------------------+-------------------------------------+---------+---------+-----------+----------+-----+-----+-----------------------------------------------+

        * Loop: 
        +------------------+---------+---------+----------+-----------+-----------+------+----------+
        |                  |  Latency (cycles) | Iteration|  Initiation Interval  | Trip |          |
        |     Loop Name    |   min   |   max   |  Latency |  achieved |   target  | Count| Pipelined|
        +------------------+---------+---------+----------+-----------+-----------+------+----------+
        |- VITIS_LOOP_4_1  |      152|      836|    8 ~ 44|          -|          -|    19|        no|
        +------------------+---------+---------+----------+-----------+-----------+------+----------+

============================================================
+ Verbose Summary: Synthesis Manager
============================================================
InlineROM: 1
ExposeGlobal: 0
============================================================
+ Verbose Summary: CDFG Model
============================================================
IsTopModel: 1
ResetActiveHigh: 1
IsCombinational: 0
IsDatapathOnly: 0
HasWiredReturn: 1
HasMFsm: 0
HasVarLatency: 1
IsPipeline: 0
IsRtlPipelined: 0
IsInstanceOverlapped: 0
IsDontTouch: 0
HasImplIP: 0
IsGatedGlobalClock: 0


============================================================
+ Verbose Summary: Schedule
============================================================
* Number of FSM states : 5
* Pipeline : 0
* Dataflow Pipeline: 0

* FSM state transitions: 
1 --> 2 
2 --> 3 
3 --> 4 
4 --> 5 
5 --> 2 

* FSM state operations: 

State 1 <SV = 0> <Delay = 1.58>
ST_1 : Operation 6 [1/1] (0.00ns)   --->   "%indvars_iv = alloca i32 1"   --->   Operation 6 'alloca' 'indvars_iv' <Predicate = true> <Delay = 0.00>
ST_1 : Operation 7 [1/1] (0.00ns)   --->   "%i = alloca i32 1" [bubble_sort.cpp:4]   --->   Operation 7 'alloca' 'i' <Predicate = true> <Delay = 0.00>
ST_1 : Operation 8 [1/1] (0.00ns)   --->   "%spectopmodule_ln3 = spectopmodule void @_ssdm_op_SpecTopModule, void @empty_1" [bubble_sort.cpp:3]   --->   Operation 8 'spectopmodule' 'spectopmodule_ln3' <Predicate = true> <Delay = 0.00>
ST_1 : Operation 9 [1/1] (0.00ns)   --->   "%specinterface_ln0 = specinterface void @_ssdm_op_SpecInterface, i32 %M, void @empty, i32 0, i32 0, void @empty_0, i32 4294967295, i32 0, void @empty_0, void @empty_0, void @empty_0, i32 0, i32 0, i32 0, i32 0, void @empty_0, void @empty_0, i32 4294967295, i32 0, i32 0"   --->   Operation 9 'specinterface' 'specinterface_ln0' <Predicate = true> <Delay = 0.00>
ST_1 : Operation 10 [1/1] (0.00ns)   --->   "%specbitsmap_ln0 = specbitsmap void @_ssdm_op_SpecBitsMap, i32 %M"   --->   Operation 10 'specbitsmap' 'specbitsmap_ln0' <Predicate = true> <Delay = 0.00>
ST_1 : Operation 11 [1/1] (1.58ns)   --->   "%store_ln4 = store i5 0, i5 %i" [bubble_sort.cpp:4]   --->   Operation 11 'store' 'store_ln4' <Predicate = true> <Delay = 1.58>
ST_1 : Operation 12 [1/1] (1.58ns)   --->   "%store_ln0 = store i5 1, i5 %indvars_iv"   --->   Operation 12 'store' 'store_ln0' <Predicate = true> <Delay = 1.58>
ST_1 : Operation 13 [1/1] (0.00ns)   --->   "%br_ln4 = br void %VITIS_LOOP_6_2" [bubble_sort.cpp:4]   --->   Operation 13 'br' 'br_ln4' <Predicate = true> <Delay = 0.00>

State 2 <SV = 1> <Delay = 3.36>
ST_2 : Operation 14 [1/1] (0.00ns)   --->   "%i_1 = load i5 %i" [bubble_sort.cpp:6]   --->   Operation 14 'load' 'i_1' <Predicate = true> <Delay = 0.00>
ST_2 : Operation 15 [1/1] (1.78ns)   --->   "%icmp_ln4 = icmp_eq  i5 %i_1, i5 19" [bubble_sort.cpp:4]   --->   Operation 15 'icmp' 'icmp_ln4' <Predicate = true> <Delay = 1.78> <CoreInst = "Cmp">   --->   Core 9 'Cmp' <Latency = 0> <II = 1> <Delay = 1.78> <FuncUnit> <Opcode : 'seteq' 'setne' 'setle' 'setge' 'setlt' 'setgt'> <InPorts = 2> <OutPorts = 1>
ST_2 : Operation 16 [1/1] (1.78ns)   --->   "%add_ln6 = add i5 %i_1, i5 1" [bubble_sort.cpp:6]   --->   Operation 16 'add' 'add_ln6' <Predicate = true> <Delay = 1.78> <CoreInst = "Adder">   --->   Core 1 'Adder' <Latency = 0> <II = 1> <Delay = 1.78> <FuncUnit> <Opcode : 'add' 'sub'> <InPorts = 2> <OutPorts = 1>
ST_2 : Operation 17 [1/1] (0.00ns)   --->   "%br_ln4 = br i1 %icmp_ln4, void %VITIS_LOOP_6_2.split, void %for.end17" [bubble_sort.cpp:4]   --->   Operation 17 'br' 'br_ln4' <Predicate = true> <Delay = 0.00>
ST_2 : Operation 18 [1/1] (0.00ns)   --->   "%zext_ln4 = zext i5 %i_1" [bubble_sort.cpp:4]   --->   Operation 18 'zext' 'zext_ln4' <Predicate = (!icmp_ln4)> <Delay = 0.00>
ST_2 : Operation 19 [1/1] (0.00ns)   --->   "%M_addr = getelementptr i32 %M, i64 0, i64 %zext_ln4" [bubble_sort.cpp:5]   --->   Operation 19 'getelementptr' 'M_addr' <Predicate = (!icmp_ln4)> <Delay = 0.00>
ST_2 : Operation 20 [2/2] (2.32ns)   --->   "%A = load i5 %M_addr" [bubble_sort.cpp:5]   --->   Operation 20 'load' 'A' <Predicate = (!icmp_ln4)> <Delay = 2.32> <CoreInst = "RAM">   --->   Core 81 'RAM' <Latency = 1> <II = 1> <Delay = 2.32> <Storage> <Opcode : 'load' 'store'> <Ports = 2> <Width = 32> <Depth = 20> <RAM>
ST_2 : Operation 21 [1/1] (1.58ns)   --->   "%store_ln4 = store i5 %add_ln6, i5 %i" [bubble_sort.cpp:4]   --->   Operation 21 'store' 'store_ln4' <Predicate = (!icmp_ln4)> <Delay = 1.58>
ST_2 : Operation 22 [1/1] (0.00ns)   --->   "%ret_ln15 = ret" [bubble_sort.cpp:15]   --->   Operation 22 'ret' 'ret_ln15' <Predicate = (icmp_ln4)> <Delay = 0.00>

State 3 <SV = 2> <Delay = 2.32>
ST_3 : Operation 23 [1/2] (2.32ns)   --->   "%A = load i5 %M_addr" [bubble_sort.cpp:5]   --->   Operation 23 'load' 'A' <Predicate = true> <Delay = 2.32> <CoreInst = "RAM">   --->   Core 81 'RAM' <Latency = 1> <II = 1> <Delay = 2.32> <Storage> <Opcode : 'load' 'store'> <Ports = 2> <Width = 32> <Depth = 20> <RAM>

State 4 <SV = 3> <Delay = 3.36>
ST_4 : Operation 24 [1/1] (0.00ns)   --->   "%indvars_iv_load = load i5 %indvars_iv" [bubble_sort.cpp:4]   --->   Operation 24 'load' 'indvars_iv_load' <Predicate = true> <Delay = 0.00>
ST_4 : Operation 25 [2/2] (1.58ns)   --->   "%call_ln4 = call void @bubble_sort_Pipeline_VITIS_LOOP_6_2, i5 %indvars_iv_load, i32 %A, i32 %M, i5 %i_1" [bubble_sort.cpp:4]   --->   Operation 25 'call' 'call_ln4' <Predicate = true> <Delay = 1.58> <CoreType = "Generic">   --->   Core 0 '' <Latency = 0> <II = 1> <Delay = 1.00> <Generic> <Opcode : >
ST_4 : Operation 26 [1/1] (1.78ns)   --->   "%add_ln4 = add i5 %indvars_iv_load, i5 1" [bubble_sort.cpp:4]   --->   Operation 26 'add' 'add_ln4' <Predicate = true> <Delay = 1.78> <CoreInst = "Adder">   --->   Core 1 'Adder' <Latency = 0> <II = 1> <Delay = 1.78> <FuncUnit> <Opcode : 'add' 'sub'> <InPorts = 2> <OutPorts = 1>
ST_4 : Operation 27 [1/1] (1.58ns)   --->   "%store_ln4 = store i5 %add_ln4, i5 %indvars_iv" [bubble_sort.cpp:4]   --->   Operation 27 'store' 'store_ln4' <Predicate = true> <Delay = 1.58>

State 5 <SV = 4> <Delay = 3.41>
ST_5 : Operation 28 [1/1] (0.00ns)   --->   "%speclooptripcount_ln4 = speclooptripcount void @_ssdm_op_SpecLoopTripCount, i64 19, i64 19, i64 19" [bubble_sort.cpp:4]   --->   Operation 28 'speclooptripcount' 'speclooptripcount_ln4' <Predicate = true> <Delay = 0.00>
ST_5 : Operation 29 [1/1] (0.00ns)   --->   "%specloopname_ln4 = specloopname void @_ssdm_op_SpecLoopName, void @empty_3" [bubble_sort.cpp:4]   --->   Operation 29 'specloopname' 'specloopname_ln4' <Predicate = true> <Delay = 0.00>
ST_5 : Operation 30 [1/2] (3.41ns)   --->   "%call_ln4 = call void @bubble_sort_Pipeline_VITIS_LOOP_6_2, i5 %indvars_iv_load, i32 %A, i32 %M, i5 %i_1" [bubble_sort.cpp:4]   --->   Operation 30 'call' 'call_ln4' <Predicate = true> <Delay = 3.41> <CoreType = "Generic">   --->   Core 0 '' <Latency = 0> <II = 1> <Delay = 1.00> <Generic> <Opcode : >
ST_5 : Operation 31 [1/1] (0.00ns)   --->   "%br_ln4 = br void %VITIS_LOOP_6_2" [bubble_sort.cpp:4]   --->   Operation 31 'br' 'br_ln4' <Predicate = true> <Delay = 0.00>


============================================================
+ Verbose Summary: Binding
============================================================
STG Binding: 
---------------- STG Properties BEGIN ----------------
- Is combinational: 0
- Is one-state seq: 0
- Is datapath-only: 0
- Is pipelined: 0
- Is top level: 1
Port [ Return ] is wired: 1; IO mode=ap_ctrl_hs:ce=0
Port [ M]:  wired=1; compound=1; hidden=0; nouse=0; global=0; static=0; extern=0; dir=2; type=1; pingpong=0; private_global=0; MemPort=[20]; IO mode=ap_memory:ce=0
---------------- STG Properties END ------------------

---------------- Datapath Model BEGIN ----------------

<LifeTime>
<method=bitvector/>
indvars_iv            (alloca           ) [ 011111]
i                     (alloca           ) [ 011111]
spectopmodule_ln3     (spectopmodule    ) [ 000000]
specinterface_ln0     (specinterface    ) [ 000000]
specbitsmap_ln0       (specbitsmap      ) [ 000000]
store_ln4             (store            ) [ 000000]
store_ln0             (store            ) [ 000000]
br_ln4                (br               ) [ 000000]
i_1                   (load             ) [ 000111]
icmp_ln4              (icmp             ) [ 001111]
add_ln6               (add              ) [ 000000]
br_ln4                (br               ) [ 000000]
zext_ln4              (zext             ) [ 000000]
M_addr                (getelementptr    ) [ 000100]
store_ln4             (store            ) [ 000000]
ret_ln15              (ret              ) [ 000000]
A                     (load             ) [ 000011]
indvars_iv_load       (load             ) [ 000001]
add_ln4               (add              ) [ 000000]
store_ln4             (store            ) [ 000000]
speclooptripcount_ln4 (speclooptripcount) [ 000000]
specloopname_ln4      (specloopname     ) [ 000000]
call_ln4              (call             ) [ 000000]
br_ln4                (br               ) [ 000000]
</LifeTime>

<model>

<comp_list>
<comp id="0" class="1000" name="M">
<pin_list>
<pin id="1" dir="1" index="0" bw="1" slack="0"/>
</pin_list>
<bind>
<StgValue><ssdm name="M"/><MemPortTyVec>2 0 </MemPortTyVec>
</StgValue>
</bind>
</comp>

<comp id="2" class="1001" name="const_2">
<pin_list>
<pin id="3" dir="1" index="0" bw="1" slack="0"/>
</pin_list>
<bind>
<StgValue><ssdm name=""/></StgValue>
</bind>
</comp>

<comp id="4" class="1001" name="const_4">
<pin_list>
<pin id="5" dir="1" index="0" bw="1" slack="2147483647"/>
</pin_list>
<bind>
<StgValue><ssdm name="_ssdm_op_SpecTopModule"/></StgValue>
</bind>
</comp>

<comp id="6" class="1001" name="const_6">
<pin_list>
<pin id="7" dir="1" index="0" bw="1" slack="2147483647"/>
</pin_list>
<bind>
<StgValue><ssdm name="empty_1"/></StgValue>
</bind>
</comp>

<comp id="8" class="1001" name="const_8">
<pin_list>
<pin id="9" dir="1" index="0" bw="1" slack="2147483647"/>
</pin_list>
<bind>
<StgValue><ssdm name="_ssdm_op_SpecInterface"/></StgValue>
</bind>
</comp>

<comp id="10" class="1001" name="const_10">
<pin_list>
<pin id="11" dir="1" index="0" bw="1" slack="2147483647"/>
</pin_list>
<bind>
<StgValue><ssdm name="empty"/></StgValue>
</bind>
</comp>

<comp id="12" class="1001" name="const_12">
<pin_list>
<pin id="13" dir="1" index="0" bw="1" slack="2147483647"/>
</pin_list>
<bind>
<StgValue><ssdm name=""/></StgValue>
</bind>
</comp>

<comp id="14" class="1001" name="const_14">
<pin_list>
<pin id="15" dir="1" index="0" bw="1" slack="2147483647"/>
</pin_list>
<bind>
<StgValue><ssdm name="empty_0"/></StgValue>
</bind>
</comp>

<comp id="16" class="1001" name="const_16">
<pin_list>
<pin id="17" dir="1" index="0" bw="1" slack="2147483647"/>
</pin_list>
<bind>
<StgValue><ssdm name=""/></StgValue>
</bind>
</comp>

<comp id="18" class="1001" name="const_18">
<pin_list>
<pin id="19" dir="1" index="0" bw="1" slack="2147483647"/>
</pin_list>
<bind>
<StgValue><ssdm name="_ssdm_op_SpecBitsMap"/></StgValue>
</bind>
</comp>

<comp id="20" class="1001" name="const_20">
<pin_list>
<pin id="21" dir="1" index="0" bw="1" slack="0"/>
</pin_list>
<bind>
<StgValue><ssdm name=""/></StgValue>
</bind>
</comp>

<comp id="22" class="1001" name="const_22">
<pin_list>
<pin id="23" dir="1" index="0" bw="1" slack="0"/>
</pin_list>
<bind>
<StgValue><ssdm name=""/></StgValue>
</bind>
</comp>

<comp id="24" class="1001" name="const_24">
<pin_list>
<pin id="25" dir="1" index="0" bw="1" slack="0"/>
</pin_list>
<bind>
<StgValue><ssdm name=""/></StgValue>
</bind>
</comp>

<comp id="26" class="1001" name="const_26">
<pin_list>
<pin id="27" dir="1" index="0" bw="1" slack="0"/>
</pin_list>
<bind>
<StgValue><ssdm name=""/></StgValue>
</bind>
</comp>

<comp id="28" class="1001" name="const_28">
<pin_list>
<pin id="29" dir="1" index="0" bw="1" slack="0"/>
</pin_list>
<bind>
<StgValue><ssdm name="bubble_sort_Pipeline_VITIS_LOOP_6_2"/></StgValue>
</bind>
</comp>

<comp id="30" class="1001" name="const_30">
<pin_list>
<pin id="31" dir="1" index="0" bw="1" slack="2147483647"/>
</pin_list>
<bind>
<StgValue><ssdm name="_ssdm_op_SpecLoopTripCount"/></StgValue>
</bind>
</comp>

<comp id="32" class="1001" name="const_32">
<pin_list>
<pin id="33" dir="1" index="0" bw="1" slack="2147483647"/>
</pin_list>
<bind>
<StgValue><ssdm name=""/></StgValue>
</bind>
</comp>

<comp id="34" class="1001" name="const_34">
<pin_list>
<pin id="35" dir="1" index="0" bw="1" slack="2147483647"/>
</pin_list>
<bind>
<StgValue><ssdm name="_ssdm_op_SpecLoopName"/></StgValue>
</bind>
</comp>

<comp id="36" class="1001" name="const_36">
<pin_list>
<pin id="37" dir="1" index="0" bw="1" slack="2147483647"/>
</pin_list>
<bind>
<StgValue><ssdm name="empty_3"/></StgValue>
</bind>
</comp>

<comp id="38" class="1004" name="indvars_iv_fu_38">
<pin_list>
<pin id="39" dir="0" index="0" bw="1" slack="0"/>
<pin id="40" dir="1" index="1" bw="5" slack="0"/>
</pin_list>
<bind>
<opcode="alloca(26) " fcode="alloca"/>
<opset="indvars_iv/1 "/>
</bind>
</comp>

<comp id="42" class="1004" name="i_fu_42">
<pin_list>
<pin id="43" dir="0" index="0" bw="1" slack="0"/>
<pin id="44" dir="1" index="1" bw="5" slack="0"/>
</pin_list>
<bind>
<opcode="alloca(26) " fcode="alloca"/>
<opset="i/1 "/>
</bind>
</comp>

<comp id="46" class="1004" name="M_addr_gep_fu_46">
<pin_list>
<pin id="47" dir="0" index="0" bw="32" slack="0"/>
<pin id="48" dir="0" index="1" bw="1" slack="0"/>
<pin id="49" dir="0" index="2" bw="5" slack="0"/>
<pin id="50" dir="1" index="3" bw="5" slack="0"/>
</pin_list>
<bind>
<opcode="getelementptr(29) " fcode="getelementptr"/>
<opset="M_addr/2 "/>
</bind>
</comp>

<comp id="53" class="1004" name="grp_access_fu_53">
<pin_list>
<pin id="54" dir="0" index="0" bw="5" slack="0"/>
<pin id="55" dir="0" index="1" bw="32" slack="2147483647"/>
<pin id="56" dir="0" index="2" bw="0" slack="2147483647"/>
<pin id="57" dir="1" index="3" bw="32" slack="1"/>
</pin_list>
<bind>
<opcode="load(27) " fcode="load"/>
<opset="A/2 "/>
</bind>
</comp>

<comp id="59" class="1004" name="grp_bubble_sort_Pipeline_VITIS_LOOP_6_2_fu_59">
<pin_list>
<pin id="60" dir="0" index="0" bw="0" slack="0"/>
<pin id="61" dir="0" index="1" bw="5" slack="0"/>
<pin id="62" dir="0" index="2" bw="32" slack="1"/>
<pin id="63" dir="0" index="3" bw="32" slack="0"/>
<pin id="64" dir="0" index="4" bw="5" slack="2"/>
<pin id="65" dir="1" index="5" bw="0" slack="2147483647"/>
</pin_list>
<bind>
<opcode="call(48) " fcode="call"/>
<opset="call_ln4/4 "/>
</bind>
</comp>

<comp id="68" class="1004" name="store_ln4_store_fu_68">
<pin_list>
<pin id="69" dir="0" index="0" bw="1" slack="0"/>
<pin id="70" dir="0" index="1" bw="5" slack="0"/>
<pin id="71" dir="1" index="2" bw="0" slack="2147483647"/>
</pin_list>
<bind>
<opcode="store(28) " fcode="store"/>
<opset="store_ln4/1 "/>
</bind>
</comp>

<comp id="73" class="1004" name="store_ln0_store_fu_73">
<pin_list>
<pin id="74" dir="0" index="0" bw="1" slack="0"/>
<pin id="75" dir="0" index="1" bw="5" slack="0"/>
<pin id="76" dir="1" index="2" bw="0" slack="2147483647"/>
</pin_list>
<bind>
<opcode="store(28) " fcode="store"/>
<opset="store_ln0/1 "/>
</bind>
</comp>

<comp id="78" class="1004" name="i_1_load_fu_78">
<pin_list>
<pin id="79" dir="0" index="0" bw="5" slack="1"/>
<pin id="80" dir="1" index="1" bw="5" slack="0"/>
</pin_list>
<bind>
<opcode="load(27) " fcode="load"/>
<opset="i_1/2 "/>
</bind>
</comp>

<comp id="81" class="1004" name="icmp_ln4_fu_81">
<pin_list>
<pin id="82" dir="0" index="0" bw="5" slack="0"/>
<pin id="83" dir="0" index="1" bw="5" slack="0"/>
<pin id="84" dir="1" index="2" bw="1" slack="2147483647"/>
</pin_list>
<bind>
<opcode="icmp(45) " fcode="icmp"/>
<opset="icmp_ln4/2 "/>
</bind>
</comp>

<comp id="87" class="1004" name="add_ln6_fu_87">
<pin_list>
<pin id="88" dir="0" index="0" bw="5" slack="0"/>
<pin id="89" dir="0" index="1" bw="1" slack="0"/>
<pin id="90" dir="1" index="2" bw="5" slack="0"/>
</pin_list>
<bind>
<opcode="add(8) " fcode="add"/>
<opset="add_ln6/2 "/>
</bind>
</comp>

<comp id="93" class="1004" name="zext_ln4_fu_93">
<pin_list>
<pin id="94" dir="0" index="0" bw="5" slack="0"/>
<pin id="95" dir="1" index="1" bw="64" slack="0"/>
</pin_list>
<bind>
<opcode="zext(34) " fcode="zext"/>
<opset="zext_ln4/2 "/>
</bind>
</comp>

<comp id="98" class="1004" name="store_ln4_store_fu_98">
<pin_list>
<pin id="99" dir="0" index="0" bw="5" slack="0"/>
<pin id="100" dir="0" index="1" bw="5" slack="1"/>
<pin id="101" dir="1" index="2" bw="0" slack="2147483647"/>
</pin_list>
<bind>
<opcode="store(28) " fcode="store"/>
<opset="store_ln4/2 "/>
</bind>
</comp>

<comp id="103" class="1004" name="indvars_iv_load_load_fu_103">
<pin_list>
<pin id="104" dir="0" index="0" bw="5" slack="3"/>
<pin id="105" dir="1" index="1" bw="5" slack="0"/>
</pin_list>
<bind>
<opcode="load(27) " fcode="load"/>
<opset="indvars_iv_load/4 "/>
</bind>
</comp>

<comp id="107" class="1004" name="add_ln4_fu_107">
<pin_list>
<pin id="108" dir="0" index="0" bw="5" slack="0"/>
<pin id="109" dir="0" index="1" bw="1" slack="0"/>
<pin id="110" dir="1" index="2" bw="5" slack="0"/>
</pin_list>
<bind>
<opcode="add(8) " fcode="add"/>
<opset="add_ln4/4 "/>
</bind>
</comp>

<comp id="113" class="1004" name="store_ln4_store_fu_113">
<pin_list>
<pin id="114" dir="0" index="0" bw="5" slack="0"/>
<pin id="115" dir="0" index="1" bw="5" slack="3"/>
<pin id="116" dir="1" index="2" bw="0" slack="2147483647"/>
</pin_list>
<bind>
<opcode="store(28) " fcode="store"/>
<opset="store_ln4/4 "/>
</bind>
</comp>

<comp id="118" class="1005" name="indvars_iv_reg_118">
<pin_list>
<pin id="119" dir="0" index="0" bw="5" slack="0"/>
<pin id="120" dir="1" index="1" bw="5" slack="0"/>
</pin_list>
<bind>
<opset="indvars_iv "/>
</bind>
</comp>

<comp id="125" class="1005" name="i_reg_125">
<pin_list>
<pin id="126" dir="0" index="0" bw="5" slack="0"/>
<pin id="127" dir="1" index="1" bw="5" slack="0"/>
</pin_list>
<bind>
<opset="i "/>
</bind>
</comp>

<comp id="132" class="1005" name="i_1_reg_132">
<pin_list>
<pin id="133" dir="0" index="0" bw="5" slack="2"/>
<pin id="134" dir="1" index="1" bw="5" slack="2"/>
</pin_list>
<bind>
<opset="i_1 "/>
</bind>
</comp>

<comp id="140" class="1005" name="M_addr_reg_140">
<pin_list>
<pin id="141" dir="0" index="0" bw="5" slack="1"/>
<pin id="142" dir="1" index="1" bw="5" slack="1"/>
</pin_list>
<bind>
<opset="M_addr "/>
</bind>
</comp>

<comp id="145" class="1005" name="A_reg_145">
<pin_list>
<pin id="146" dir="0" index="0" bw="32" slack="1"/>
<pin id="147" dir="1" index="1" bw="32" slack="1"/>
</pin_list>
<bind>
<opset="A "/>
</bind>
</comp>

<comp id="150" class="1005" name="indvars_iv_load_reg_150">
<pin_list>
<pin id="151" dir="0" index="0" bw="5" slack="1"/>
<pin id="152" dir="1" index="1" bw="5" slack="1"/>
</pin_list>
<bind>
<opset="indvars_iv_load "/>
</bind>
</comp>

</comp_list>

<net_list>
<net id="41"><net_src comp="2" pin="0"/><net_sink comp="38" pin=0"/></net>

<net id="45"><net_src comp="2" pin="0"/><net_sink comp="42" pin=0"/></net>

<net id="51"><net_src comp="0" pin="0"/><net_sink comp="46" pin=0"/></net>

<net id="52"><net_src comp="26" pin="0"/><net_sink comp="46" pin=1"/></net>

<net id="58"><net_src comp="46" pin="3"/><net_sink comp="53" pin=0"/></net>

<net id="66"><net_src comp="28" pin="0"/><net_sink comp="59" pin=0"/></net>

<net id="67"><net_src comp="0" pin="0"/><net_sink comp="59" pin=3"/></net>

<net id="72"><net_src comp="20" pin="0"/><net_sink comp="68" pin=0"/></net>

<net id="77"><net_src comp="22" pin="0"/><net_sink comp="73" pin=0"/></net>

<net id="85"><net_src comp="78" pin="1"/><net_sink comp="81" pin=0"/></net>

<net id="86"><net_src comp="24" pin="0"/><net_sink comp="81" pin=1"/></net>

<net id="91"><net_src comp="78" pin="1"/><net_sink comp="87" pin=0"/></net>

<net id="92"><net_src comp="22" pin="0"/><net_sink comp="87" pin=1"/></net>

<net id="96"><net_src comp="78" pin="1"/><net_sink comp="93" pin=0"/></net>

<net id="97"><net_src comp="93" pin="1"/><net_sink comp="46" pin=2"/></net>

<net id="102"><net_src comp="87" pin="2"/><net_sink comp="98" pin=0"/></net>

<net id="106"><net_src comp="103" pin="1"/><net_sink comp="59" pin=1"/></net>

<net id="111"><net_src comp="103" pin="1"/><net_sink comp="107" pin=0"/></net>

<net id="112"><net_src comp="22" pin="0"/><net_sink comp="107" pin=1"/></net>

<net id="117"><net_src comp="107" pin="2"/><net_sink comp="113" pin=0"/></net>

<net id="121"><net_src comp="38" pin="1"/><net_sink comp="118" pin=0"/></net>

<net id="122"><net_src comp="118" pin="1"/><net_sink comp="73" pin=1"/></net>

<net id="123"><net_src comp="118" pin="1"/><net_sink comp="103" pin=0"/></net>

<net id="124"><net_src comp="118" pin="1"/><net_sink comp="113" pin=1"/></net>

<net id="128"><net_src comp="42" pin="1"/><net_sink comp="125" pin=0"/></net>

<net id="129"><net_src comp="125" pin="1"/><net_sink comp="68" pin=1"/></net>

<net id="130"><net_src comp="125" pin="1"/><net_sink comp="78" pin=0"/></net>

<net id="131"><net_src comp="125" pin="1"/><net_sink comp="98" pin=1"/></net>

<net id="135"><net_src comp="78" pin="1"/><net_sink comp="132" pin=0"/></net>

<net id="136"><net_src comp="132" pin="1"/><net_sink comp="59" pin=4"/></net>

<net id="143"><net_src comp="46" pin="3"/><net_sink comp="140" pin=0"/></net>

<net id="144"><net_src comp="140" pin="1"/><net_sink comp="53" pin=0"/></net>

<net id="148"><net_src comp="53" pin="3"/><net_sink comp="145" pin=0"/></net>

<net id="149"><net_src comp="145" pin="1"/><net_sink comp="59" pin=2"/></net>

<net id="153"><net_src comp="103" pin="1"/><net_sink comp="150" pin=0"/></net>

<net id="154"><net_src comp="150" pin="1"/><net_sink comp="59" pin=1"/></net>

</net_list>

</model> 
---------------- Datapath Model END ------------------

* FSMD analyzer results:
  - Output states:
	Port: M | {4 5 }
 - Input state : 
	Port: bubble_sort : M | {2 3 4 5 }
  - Chain level:
	State 1
		store_ln4 : 1
		store_ln0 : 1
	State 2
		icmp_ln4 : 1
		add_ln6 : 1
		br_ln4 : 2
		zext_ln4 : 1
		M_addr : 2
		A : 3
		store_ln4 : 2
	State 3
	State 4
		call_ln4 : 1
		add_ln4 : 1
		store_ln4 : 2
	State 5


============================================================
+ Verbose Summary: Datapath Resource usage 
============================================================

* Functional unit list:
|----------|-----------------------------------------------|---------|---------|---------|
| Operation|                Functional Unit                |  Delay  |    FF   |   LUT   |
|----------|-----------------------------------------------|---------|---------|---------|
|   call   | grp_bubble_sort_Pipeline_VITIS_LOOP_6_2_fu_59 |  1.588  |   150   |    76   |
|----------|-----------------------------------------------|---------|---------|---------|
|    add   |                 add_ln6_fu_87                 |    0    |    0    |    13   |
|          |                 add_ln4_fu_107                |    0    |    0    |    13   |
|----------|-----------------------------------------------|---------|---------|---------|
|   icmp   |                 icmp_ln4_fu_81                |    0    |    0    |    13   |
|----------|-----------------------------------------------|---------|---------|---------|
|   zext   |                 zext_ln4_fu_93                |    0    |    0    |    0    |
|----------|-----------------------------------------------|---------|---------|---------|
|   Total  |                                               |  1.588  |   150   |   115   |
|----------|-----------------------------------------------|---------|---------|---------|

Memories:
N/A

* Register list:
+-----------------------+--------+
|                       |   FF   |
+-----------------------+--------+
|       A_reg_145       |   32   |
|     M_addr_reg_140    |    5   |
|      i_1_reg_132      |    5   |
|       i_reg_125       |    5   |
|indvars_iv_load_reg_150|    5   |
|   indvars_iv_reg_118  |    5   |
+-----------------------+--------+
|         Total         |   57   |
+-----------------------+--------+

* Multiplexer (MUX) list: 
|-----------------------------------------------|------|------|------|--------||---------||---------||---------|
|                      Comp                     |  Pin | Size |  BW  | S x BW ||  Delay  ||    FF   ||   LUT   |
|-----------------------------------------------|------|------|------|--------||---------||---------||---------|
|                grp_access_fu_53               |  p0  |   2  |   5  |   10   ||    0    ||    9    |
| grp_bubble_sort_Pipeline_VITIS_LOOP_6_2_fu_59 |  p1  |   2  |   5  |   10   ||    0    ||    9    |
|-----------------------------------------------|------|------|------|--------||---------||---------||---------|
|                     Total                     |      |      |      |   20   ||  3.176  ||    0    ||    18   |
|-----------------------------------------------|------|------|------|--------||---------||---------||---------|



* Summary:
+-----------+--------+--------+--------+
|           |  Delay |   FF   |   LUT  |
+-----------+--------+--------+--------+
|  Function |    1   |   150  |   115  |
|   Memory  |    -   |    -   |    -   |
|Multiplexer|    3   |    0   |   18   |
|  Register |    -   |   57   |    -   |
+-----------+--------+--------+--------+
|   Total   |    4   |   207  |   133  |
+-----------+--------+--------+--------+
