INFO: [v++ 60-1548] Creating build summary session with primary output C:/Users/minec/OneDrive/Documents/Vitis_HLS/project1/prac/prac\prac.hlscompile_summary, at 02/24/25 14:23:23
INFO: [v++ 82-31] Launching vitis_hls: vitis_hls -nolog -run csynth -work_dir C:/Users/minec/OneDrive/Documents/Vitis_HLS/project1/prac/prac -config C:/Users/minec/OneDrive/Documents/Vitis_HLS/project1/prac/hls_config.cfg -cmdlineconfig C:/Users/minec/OneDrive/Documents/Vitis_HLS/project1/prac/prac/hls/config.cmdline
INFO: [HLS 200-10] For user 'Jaime' on host 'desktop-99hfaol' (Windows NT_amd64 version 10.0) on Mon Feb 24 14:23:25 -0500 2025
INFO: [HLS 200-10] In directory 'C:/Users/minec/OneDrive/Documents/Vitis_HLS/project1/prac'
INFO: [HLS 200-2005] Using work_dir C:/Users/minec/OneDrive/Documents/Vitis_HLS/project1/prac/prac 
INFO: [HLS 200-1505] Using default flow_target 'vivado'
Resolution: For help on HLS 200-1505 see docs.xilinx.com/access/sources/dita/topic?Doc_Version=2024.1%20English&url=ug1448-hls-guidance&resourceid=200-1505.html
INFO: [HLS 200-1465] Applying ini 'syn.file=bubble_sort.cpp' from C:/Users/minec/OneDrive/Documents/Vitis_HLS/project1/prac/hls_config.cfg(10)
INFO: [HLS 200-10] Adding design file 'C:/Users/minec/OneDrive/Documents/Vitis_HLS/project1/prac/bubble_sort.cpp' to the project
INFO: [HLS 200-1465] Applying ini 'syn.file=bubble_sort_header.hpp' from C:/Users/minec/OneDrive/Documents/Vitis_HLS/project1/prac/hls_config.cfg(11)
INFO: [HLS 200-10] Adding design file 'C:/Users/minec/OneDrive/Documents/Vitis_HLS/project1/prac/bubble_sort_header.hpp' to the project
INFO: [HLS 200-1465] Applying ini 'tb.file=bubble_sort_tb.cpp' from C:/Users/minec/OneDrive/Documents/Vitis_HLS/project1/prac/hls_config.cfg(9)
INFO: [HLS 200-10] Adding test bench file 'C:/Users/minec/OneDrive/Documents/Vitis_HLS/project1/prac/bubble_sort_tb.cpp' to the project
INFO: [HLS 200-1465] Applying ini 'syn.top=bubble_sort' from C:/Users/minec/OneDrive/Documents/Vitis_HLS/project1/prac/hls_config.cfg(12)
INFO: [HLS 200-1465] Applying ini 'flow_target=vivado' from C:/Users/minec/OneDrive/Documents/Vitis_HLS/project1/prac/hls_config.cfg(4)
INFO: [HLS 200-1505] Using flow_target 'vivado'
Resolution: For help on HLS 200-1505 see docs.xilinx.com/access/sources/dita/topic?Doc_Version=2024.1%20English&url=ug1448-hls-guidance&resourceid=200-1505.html
INFO: [HLS 200-1465] Applying ini 'part=xc7z010clg225-1' from C:/Users/minec/OneDrive/Documents/Vitis_HLS/project1/prac/hls_config.cfg(1)
INFO: [HLS 200-1611] Setting target device to 'xc7z010-clg225-1'
INFO: [HLS 200-1465] Applying ini 'clock=100MHz' from C:/Users/minec/OneDrive/Documents/Vitis_HLS/project1/prac/hls_config.cfg(7)
INFO: [SYN 201-201] Setting up clock 'default' with a period of 10ns.
INFO: [HLS 200-1465] Applying ini 'clock_uncertainty=1' from C:/Users/minec/OneDrive/Documents/Vitis_HLS/project1/prac/hls_config.cfg(8)
INFO: [SYN 201-201] Setting up clock 'default' with an uncertainty of 1ns.
INFO: [HLS 200-1465] Applying ini 'package.output.format=rtl' from C:/Users/minec/OneDrive/Documents/Vitis_HLS/project1/prac/hls_config.cfg(5)
INFO: [HLS 200-111] Finished File checks and directory preparation: CPU user time: 2 seconds. CPU system time: 2 seconds. Elapsed time: 3.885 seconds; current allocated memory: 230.742 MB.
INFO: [HLS 200-10] Analyzing design file 'bubble_sort.cpp' ... 
WARNING: [HLS 207-4905] address of function 'is_sorted' will always evaluate to 'true' (bubble_sort.cpp:49:10)
INFO: [HLS 207-4238] prefix with the address-of operator to silence this warning (bubble_sort.cpp:49:10)
INFO: [HLS 200-111] Finished Source Code Analysis and Preprocessing: CPU user time: 1 seconds. CPU system time: 0 seconds. Elapsed time: 4.806 seconds; current allocated memory: 233.805 MB.
INFO: [HLS 200-777] Using interface defaults for 'Vivado' flow target.
INFO: [HLS 200-1995] There were 340 instructions in the design after the 'Compile/Link' phase of compilation. See the Design Size Report for more details: C:/Users/minec/OneDrive/Documents/Vitis_HLS/project1/prac/prac/hls/syn/report/csynth_design_size.rpt
INFO: [HLS 200-1995] There were 167 instructions in the design after the 'Unroll/Inline (step 1)' phase of compilation. See the Design Size Report for more details: C:/Users/minec/OneDrive/Documents/Vitis_HLS/project1/prac/prac/hls/syn/report/csynth_design_size.rpt
INFO: [HLS 200-1995] There were 105 instructions in the design after the 'Unroll/Inline (step 2)' phase of compilation. See the Design Size Report for more details: C:/Users/minec/OneDrive/Documents/Vitis_HLS/project1/prac/prac/hls/syn/report/csynth_design_size.rpt
INFO: [HLS 200-1995] There were 84 instructions in the design after the 'Unroll/Inline (step 3)' phase of compilation. See the Design Size Report for more details: C:/Users/minec/OneDrive/Documents/Vitis_HLS/project1/prac/prac/hls/syn/report/csynth_design_size.rpt
INFO: [HLS 200-1995] There were 74 instructions in the design after the 'Unroll/Inline (step 4)' phase of compilation. See the Design Size Report for more details: C:/Users/minec/OneDrive/Documents/Vitis_HLS/project1/prac/prac/hls/syn/report/csynth_design_size.rpt
INFO: [HLS 200-1995] There were 53 instructions in the design after the 'Array/Struct (step 1)' phase of compilation. See the Design Size Report for more details: C:/Users/minec/OneDrive/Documents/Vitis_HLS/project1/prac/prac/hls/syn/report/csynth_design_size.rpt
INFO: [HLS 200-1995] There were 53 instructions in the design after the 'Array/Struct (step 2)' phase of compilation. See the Design Size Report for more details: C:/Users/minec/OneDrive/Documents/Vitis_HLS/project1/prac/prac/hls/syn/report/csynth_design_size.rpt
INFO: [HLS 200-1995] There were 53 instructions in the design after the 'Array/Struct (step 3)' phase of compilation. See the Design Size Report for more details: C:/Users/minec/OneDrive/Documents/Vitis_HLS/project1/prac/prac/hls/syn/report/csynth_design_size.rpt
INFO: [HLS 200-1995] There were 53 instructions in the design after the 'Array/Struct (step 4)' phase of compilation. See the Design Size Report for more details: C:/Users/minec/OneDrive/Documents/Vitis_HLS/project1/prac/prac/hls/syn/report/csynth_design_size.rpt
INFO: [HLS 200-1995] There were 26 instructions in the design after the 'Array/Struct (step 5)' phase of compilation. See the Design Size Report for more details: C:/Users/minec/OneDrive/Documents/Vitis_HLS/project1/prac/prac/hls/syn/report/csynth_design_size.rpt
INFO: [HLS 200-1995] There were 26 instructions in the design after the 'Performance (step 1)' phase of compilation. See the Design Size Report for more details: C:/Users/minec/OneDrive/Documents/Vitis_HLS/project1/prac/prac/hls/syn/report/csynth_design_size.rpt
INFO: [HLS 200-1995] There were 26 instructions in the design after the 'Performance (step 2)' phase of compilation. See the Design Size Report for more details: C:/Users/minec/OneDrive/Documents/Vitis_HLS/project1/prac/prac/hls/syn/report/csynth_design_size.rpt
INFO: [HLS 200-1995] There were 26 instructions in the design after the 'Performance (step 3)' phase of compilation. See the Design Size Report for more details: C:/Users/minec/OneDrive/Documents/Vitis_HLS/project1/prac/prac/hls/syn/report/csynth_design_size.rpt
INFO: [HLS 200-1995] There were 26 instructions in the design after the 'Performance (step 4)' phase of compilation. See the Design Size Report for more details: C:/Users/minec/OneDrive/Documents/Vitis_HLS/project1/prac/prac/hls/syn/report/csynth_design_size.rpt
INFO: [HLS 200-1995] There were 29 instructions in the design after the 'HW Transforms (step 1)' phase of compilation. See the Design Size Report for more details: C:/Users/minec/OneDrive/Documents/Vitis_HLS/project1/prac/prac/hls/syn/report/csynth_design_size.rpt
INFO: [HLS 200-1995] There were 38 instructions in the design after the 'HW Transforms (step 2)' phase of compilation. See the Design Size Report for more details: C:/Users/minec/OneDrive/Documents/Vitis_HLS/project1/prac/prac/hls/syn/report/csynth_design_size.rpt
INFO: [HLS 214-376] automatically set the pipeline for Loop< VITIS_LOOP_14_2> at bubble_sort.cpp:14:26 
INFO: [HLS 214-437] Automatically disabling loop flattening for loop 'VITIS_LOOP_9_1'. (bubble_sort.cpp:9:21)
INFO: [HLS 200-111] Finished Compiling Optimization and Transform: CPU user time: 0 seconds. CPU system time: 0 seconds. Elapsed time: 9.05 seconds; current allocated memory: 235.516 MB.
INFO: [HLS 200-111] Finished Checking Pragmas: CPU user time: 0 seconds. CPU system time: 0 seconds. Elapsed time: 0.006 seconds; current allocated memory: 235.516 MB.
INFO: [HLS 200-10] Starting code transformations ...
INFO: [HLS 200-111] Finished Standard Transforms: CPU user time: 0 seconds. CPU system time: 0 seconds. Elapsed time: 0.027 seconds; current allocated memory: 239.793 MB.
INFO: [HLS 200-10] Checking synthesizability ...
INFO: [HLS 200-111] Finished Checking Synthesizability: CPU user time: 0 seconds. CPU system time: 0 seconds. Elapsed time: 0.025 seconds; current allocated memory: 241.211 MB.
INFO: [HLS 200-111] Finished Loop, function and other optimizations: CPU user time: 0 seconds. CPU system time: 0 seconds. Elapsed time: 0.056 seconds; current allocated memory: 262.613 MB.
INFO: [HLS 200-111] Finished Architecture Synthesis: CPU user time: 0 seconds. CPU system time: 0 seconds. Elapsed time: 0.048 seconds; current allocated memory: 265.969 MB.
INFO: [HLS 200-10] Starting hardware synthesis ...
INFO: [HLS 200-10] Synthesizing 'bubble_sort' ...
INFO: [HLS 200-10] ----------------------------------------------------------------
INFO: [HLS 200-42] -- Implementing module 'bubble_sort_Pipeline_VITIS_LOOP_14_2' 
INFO: [HLS 200-10] ----------------------------------------------------------------
INFO: [SCHED 204-11] Starting scheduling ...
INFO: [SCHED 204-61] Pipelining loop 'VITIS_LOOP_14_2'.
WARNING: [HLS 200-880] The II Violation in module 'bubble_sort_Pipeline_VITIS_LOOP_14_2' (loop 'VITIS_LOOP_14_2'): Unable to enforce a carried dependence constraint (II = 1, distance = 1, offset = 1) between 'store' operation 0 bit ('M_addr_write_ln28', bubble_sort.cpp:28) of variable 'B', bubble_sort.cpp:26 on array 'M' and 'load' operation 32 bit ('B', bubble_sort.cpp:26) on array 'M'.
Resolution: For help on HLS 200-880 see docs.xilinx.com/access/sources/dita/topic?Doc_Version=2024.1%20English&url=ug1448-hls-guidance&resourceid=200-880.html
INFO: [HLS 200-1470] Pipelining result : Target II = NA, Final II = 2, Depth = 3, loop 'VITIS_LOOP_14_2'
INFO: [SCHED 204-11] Finished scheduling.
INFO: [HLS 200-111] Finished Scheduling: CPU user time: 0 seconds. CPU system time: 0 seconds. Elapsed time: 0.2 seconds; current allocated memory: 269.969 MB.
INFO: [BIND 205-100] Starting micro-architecture generation ...
INFO: [BIND 205-101] Performing variable lifetime analysis.
INFO: [BIND 205-101] Exploring resource sharing.
INFO: [BIND 205-101] Binding ...
INFO: [BIND 205-100] Finished micro-architecture generation.
INFO: [HLS 200-111] Finished Binding: CPU user time: 0 seconds. CPU system time: 0 seconds. Elapsed time: 0.08 seconds; current allocated memory: 271.152 MB.
INFO: [HLS 200-10] ----------------------------------------------------------------
INFO: [HLS 200-42] -- Implementing module 'bubble_sort' 
INFO: [HLS 200-10] ----------------------------------------------------------------
INFO: [SCHED 204-11] Starting scheduling ...
INFO: [SCHED 204-11] Finished scheduling.
INFO: [HLS 200-111] Finished Scheduling: CPU user time: 0 seconds. CPU system time: 0 seconds. Elapsed time: 0.085 seconds; current allocated memory: 271.250 MB.
INFO: [BIND 205-100] Starting micro-architecture generation ...
INFO: [BIND 205-101] Performing variable lifetime analysis.
INFO: [BIND 205-101] Exploring resource sharing.
INFO: [BIND 205-101] Binding ...
INFO: [BIND 205-100] Finished micro-architecture generation.
INFO: [HLS 200-111] Finished Binding: CPU user time: 0 seconds. CPU system time: 0 seconds. Elapsed time: 0.076 seconds; current allocated memory: 271.305 MB.
INFO: [HLS 200-10] ----------------------------------------------------------------
INFO: [HLS 200-10] -- Generating RTL for module 'bubble_sort_Pipeline_VITIS_LOOP_14_2' 
INFO: [HLS 200-10] ----------------------------------------------------------------
INFO: [HLS 200-1030] Apply Unified Pipeline Control on module 'bubble_sort_Pipeline_VITIS_LOOP_14_2' pipeline 'VITIS_LOOP_14_2' pipeline type 'loop pipeline'
INFO: [RTGEN 206-100] Finished creating RTL model for 'bubble_sort_Pipeline_VITIS_LOOP_14_2'.
INFO: [HLS 200-111] Finished Creating RTL model: CPU user time: 0 seconds. CPU system time: 0 seconds. Elapsed time: 1.316 seconds; current allocated memory: 272.898 MB.
INFO: [HLS 200-10] ----------------------------------------------------------------
INFO: [HLS 200-10] -- Generating RTL for module 'bubble_sort' 
INFO: [HLS 200-10] ----------------------------------------------------------------
INFO: [RTGEN 206-500] Setting interface mode on port 'bubble_sort/M' to 'ap_memory'.
INFO: [RTGEN 206-500] Setting interface mode on port 'bubble_sort/errorFlag' to 'ap_none'.
WARNING: [RTGEN 206-101] Port 'errorFlag' with mode 'ap_none' may require an associated data valid signal to correctly communicate with other blocks or a test bench; automatic C/RTL co-simulation may not be able to verify such a port.
INFO: [RTGEN 206-500] Setting interface mode on function 'bubble_sort' to 'ap_ctrl_hs'.
INFO: [RTGEN 206-100] Finished creating RTL model for 'bubble_sort'.
INFO: [HLS 200-111] Finished Creating RTL model: CPU user time: 0 seconds. CPU system time: 0 seconds. Elapsed time: 0.234 seconds; current allocated memory: 273.875 MB.
INFO: [HLS 200-111] Finished Generating all RTL models: CPU user time: 0 seconds. CPU system time: 0 seconds. Elapsed time: 0.44 seconds; current allocated memory: 276.285 MB.
INFO: [HLS 200-111] Finished Updating report files: CPU user time: 1 seconds. CPU system time: 1 seconds. Elapsed time: 0.907 seconds; current allocated memory: 277.844 MB.
INFO: [VHDL 208-304] Generating VHDL RTL for bubble_sort.
INFO: [VLOG 209-307] Generating Verilog RTL for bubble_sort.
INFO: [HLS 200-790] **** Loop Constraint Status: All loop constraints were NOT satisfied.
INFO: [HLS 200-789] **** Estimated Fmax: 138.97 MHz
INFO: [HLS 200-112] Total CPU user time: 4 seconds. Total CPU system time: 3 seconds. Total elapsed time: 21.396 seconds; peak allocated memory: 278.145 MB.
INFO: [v++ 60-791] Total elapsed time: 0h 0m 25s
