# 
# Steps log generated by v++
# This log file contains a collection of steps that describe the kernel compilation flow
# Note: Some steps are tagged as internal, these steps are for debugging purposes and 
#       are not expected to be able to run independently.
# 

# The following environment variables are set when running vitis-run
Environment variables :
------------------------------------------
ACSetupSvcPort=23210
ALLUSERSPROFILE=C:\ProgramData
APPDATA=C:\Users\minec\AppData\Roaming
arr.length=0
arr.Ubound=-1
CHARPOP=1
ChocolateyInstall=C:\ProgramData\chocolatey
ChocolateyLastPathUpdate=133548393020130332
CMAKE_OBJECT_PATH_MAX=4096
CodeContractsInstallDir=C:\Program Files (x86)\Microsoft\Contracts\
CommonProgramFiles=C:\Program Files\Common Files
CommonProgramFiles(x86)=C:\Program Files (x86)\Common Files
CommonProgramW6432=C:\Program Files\Common Files
COMPUTERNAME=DESKTOP-99HFAOL
ComSpec=C:\Windows\system32\cmd.exe
CUDA_PATH=C:\Program Files\NVIDIA GPU Computing Toolkit\CUDA\v12.8
CUDA_PATH_V12_8=C:\Program Files\NVIDIA GPU Computing Toolkit\CUDA\v12.8
DriverData=C:\Windows\System32\Drivers\DriverData
FPS_BROWSER_APP_PROFILE_STRING=Internet Explorer
FPS_BROWSER_USER_PROFILE_STRING=Default
HDI_APPROOT=C:/Xilinx/Vitis/2024.1
HDI_PROCESSOR=i686
HOMEDRIVE=C:
HOMEPATH=\Users\minec
HW_SERVER_DJTG_DISABLE=1
HW_SERVER_FTDIMGR_DISABLE=1
IDE_SKIP_SERVER_LICENSE=1
INT_VARIABLE_NAME=XILINX_PATH
ISL_IOSTREAMS_RSA=C:/Xilinx/Vitis/2024.1/tps/isl
JAVA_EXE=C:/Xilinx\Vitis\2024.1\tps\win64\jre11.0.16_1\bin\java.exe
JAVA_HOME=C:/Xilinx\Vitis\2024.1\tps\win64\jre11.0.16_1
LC_NUMERIC=C
LOCALAPPDATA=C:\Users\minec\AppData\Local
LOGONSERVER=\\DESKTOP-99HFAOL
LOPPER_DTC_FLAGS=-b 0 -@
NOSPLASH=false
NUMBER_OF_PROCESSORS=12
OneDrive=C:\Users\minec\OneDrive
ORIGINAL_XDG_CURRENT_DESKTOP=undefined
OS=Windows_NT
PATH=C:/Xilinx/Vivado/2024.1/tps/win64/binutils-2.26/bin;C:/Xilinx/Vitis/2024.1/bin/../gnu/aarch64/nt/aarch64-linux/bin;C:/Xilinx/Vitis/2024.1/bin/../gnu/ppc64le/4.9.3/win64/bin;C:/Xilinx/Vitis/2024.1/bin/../gnu/aarch32/nt/gcc-arm-linux-gnueabi/bin;C:/Xilinx\Vitis_HLS\2024.1/tps/mingw/6.2.0/win64.o/nt/bin;C:/Xilinx/Vivado/2024.1\gnuwin\bin;C:/Xilinx/Vivado/2024.1\gnu\microblaze\nt\bin;C:/Xilinx/Vitis/2024.1/bin;C:/Xilinx/Vitis/2024.1/tps/win64/java-cef-95.0.4638.69/bin/lib/win64;C:/Xilinx/Vitis/2024.1/tps/win64/javafx-sdk-11.0.2/lib;C:/Xilinx/Vitis/2024.1/tps/win64/javafx-sdk-11.0.2/bin;C:/Xilinx/Vitis/2024.1/lib/win64.o;C:/Xilinx/Vitis/2024.1/tps/win64/jre11.0.16_1/bin/server;C:/Xilinx/Vitis/2024.1/tps/win64/jre11.0.16_1/bin;C:\Xilinx\Vitis\2024.1\tps\win64\LOPPER~1.0-P\min_sdk\\usr\bin;C:/Xilinx\Vitis\2024.1\tps\win64\cmake-3.24.2\bin;C:/Xilinx\Vitis\2024.1\gnu\microblaze\nt\bin;C:/Xilinx\Vitis\2024.1\gnu\microblaze\linux_toolchain\nt64_le\bin;C:/Xilinx\Vitis\2024.1\gnu\aarch32\nt\gcc-arm-linux-gnueabi\bin;C:/Xilinx\Vitis\2024.1\gnu\aarch32\nt\gcc-arm-none-eabi\bin;C:/Xilinx\Vitis\2024.1\gnu\aarch64\nt\aarch64-linux\bin;C:/Xilinx\Vitis\2024.1\gnu\aarch64\nt\aarch64-none\bin;C:/Xilinx\Vitis\2024.1\gnu\armr5\nt\gcc-arm-none-eabi\bin;C:/Xilinx\Vitis\2024.1\gnuwin\bin;C:/Xilinx\Vitis\2024.1\tps\win64\python-3.8.3;C:/Xilinx\Vitis\2024.1\tps\win64\libxslt\bin;C:/Xilinx/Vivado/2024.1\bin;C:/Xilinx/Vitis/2024.1\gnu\arm\nt\bin;C:/Xilinx/Vitis/2024.1\gnu\microblaze\linux_toolchain\nt64_be\bin;C:/Xilinx/Vitis/2024.1\gnu\riscv\nt\riscv64-unknown-elf\bin;C:/Xilinx/Vitis/2024.1\tps\win64\git-2.16.2\bin;C:/Xilinx/Vitis/2024.1\win64\tools\clang\bin;C:/Xilinx\Vitis_HLS\2024.1\lib\win64.o;C:/Xilinx\Vitis_HLS\2024.1\bin;C:/Xilinx/Vivado/2024.1  /bin;/bin;C:\Program Files\NVIDIA GPU Computing Toolkit\CUDA\v12.8\bin;C:\Program Files\NVIDIA GPU Computing Toolkit\CUDA\v12.8\libnvvp;C:\Python312\Scripts\;C:\Python312\;C:\Windows\system32;C:\Windows;C:\Windows\System32\Wbem;C:\Windows\System32\WindowsPowerShell\v1.0\;C:\Windows\System32\OpenSSH\;C:\Program Files\NVIDIA Corporation\NVIDIA NvDLISR;C:\Program Files (x86)\NVIDIA Corporation\PhysX\Common;C:\MinGW\bin;C:\Program Files\CMake\bin;C:\Program Files\Git\cmd;C:\Program Files\nodejs\;C:\ProgramData\chocolatey\bin;C:\Program Files\Amazon\AWSCLIV2\;C:\Program Files\dotnet\;C:\Program Files\NVIDIA Corporation\Nsight Compute 2025.1.0\;C:\Program Files\NVIDIA Corporation\NVIDIA app\NvDLISR;C:\Users\minec\AppData\Local\Programs\Python\Python311\;C:\Users\minec\AppData\Local\Packages\PythonSoftwareFoundation.Python.3.12_qbz5n2kfra8p0\LocalCache\local-packages\Python312\Scripts;C:\Users\minec\AppData\Local\Microsoft\WindowsApps;C:\Users\minec\AppData\Local\Programs\Microsoft VS Code\bin;C:\Users\minec\OneDrive\Documents\z3-4.12.5-x64-win\z3-4.12.5-x64-win\bin;C:\Users\minec\AppData\Roaming\npm;C:\Program Files (x86)\MongoDB Atlas CLI\;C:\Users\minec\OneDrive\Documents\gradle-7.6.4\bin;C:\Users\minec\AppData\Local\Muse Hub\lib;C:/Xilinx/Vitis/2024.1\tps\mingw\6.2.0\win64.o\nt\bin;C:/Xilinx/Vitis/2024.1\tps\mingw\6.2.0\win64.o\nt\libexec\gcc\x86_64-w64-mingw32\6.2.0
PATHEXT=.COM;.EXE;.BAT;.CMD;.VBS;.VBE;.JS;.JSE;.WSF;.WSH;.MSC;.PY;.PYW
PROCESSOR_ARCHITECTURE=AMD64
PROCESSOR_IDENTIFIER=AMD64 Family 23 Model 113 Stepping 0, AuthenticAMD
PROCESSOR_LEVEL=23
PROCESSOR_REVISION=7100
PRODVERSION_EXE=C:/Xilinx/Vitis/2024.1/bin/unwrapped/win64.o/prodversion.exe
ProgramData=C:\ProgramData
ProgramFiles=C:\Program Files
ProgramFiles(x86)=C:\Program Files (x86)
ProgramW6432=C:\Program Files
PROMPT=$P$G
PSModulePath=C:\Program Files\WindowsPowerShell\Modules;C:\Windows\system32\WindowsPowerShell\v1.0\Modules
PUBLIC=C:\Users\Public
PYTHONPATH=C:\Users\minec\AppData\Local\Programs\Python\Python311\;C:/Xilinx/Vitis/2024.1\cli;C:/Xilinx/Vitis/2024.1\cli\python-packages\win64;C:/Xilinx/Vitis/2024.1\cli\python-packages\site-packages;C:/Xilinx/Vitis/2024.1\cli\proto;C:/Xilinx/Vitis/2024.1\scripts\python_pkg;
python_path=C:\Users\minec\AppData\Local\Programs\Python\Python311\;C:/Xilinx/Vitis/2024.1\cli;C:/Xilinx/Vitis/2024.1\cli\python-packages\win64;C:/Xilinx/Vitis/2024.1\cli\python-packages\site-packages;C:/Xilinx/Vitis/2024.1\cli\proto;C:/Xilinx/Vitis/2024.1\scripts\python_pkg;
RDI_APPROOT=C:/Xilinx/Vitis/2024.1
RDI_ARGS= --mode hls --csim --config C:\Users\minec\OneDrive\Documents\Vitis_HLS\project1\prac\hls_config.cfg --work_dir prac
RDI_ARGS_FUNCTION=RDI_EXEC_DEFAULT
RDI_BASEROOT=C:/Xilinx/Vitis
RDI_BINDIR=C:/Xilinx/Vitis/2024.1/bin
RDI_BINROOT=C:/Xilinx/Vitis/2024.1/bin
RDI_BUILD=yes
RDI_CHECK_PROG=True
RDI_DATADIR=C:/Xilinx/SharedData/2024.1/data;C:/Xilinx/Vitis/2024.1/data
RDI_INSTALLROOT=C:/Xilinx
RDI_INSTALLVER=2024.1
RDI_INSTALLVERSION=2024.1
RDI_JAVACEFROOT=C:/Xilinx/Vitis/2024.1/tps/win64/java-cef-95.0.4638.69
RDI_JAVAFXROOT=C:/Xilinx/Vitis/2024.1/tps/win64/javafx-sdk-11.0.2
RDI_JAVAROOT=C:/Xilinx/Vitis/2024.1/tps/win64/jre11.0.16_1
RDI_JAVA_VERSION=11.0.16_1
RDI_LIBDIR=C:/Xilinx/Vitis/2024.1/lib/win64.o
RDI_MINGW_LIB=C:/Xilinx/Vitis/2024.1\tps\mingw\6.2.0\win64.o\nt\bin;C:/Xilinx/Vitis/2024.1\tps\mingw\6.2.0\win64.o\nt\libexec\gcc\x86_64-w64-mingw32\6.2.0
RDI_OPT_EXT=.o
RDI_OS_ARCH=64
RDI_PLATFORM=win64
RDI_PREPEND_PATH=C:/Xilinx/Vitis/2024.1/bin
RDI_PROG=C:/Xilinx/Vitis/2024.1/bin/unwrapped/win64.o/vitis-run.exe
RDI_PROGNAME=vitis-run.exe
RDI_SESSION_INFO=C:\Xilinx\Vitis\2024.1\bin:DESKTOP-99HFAOL-Thu02-20-2025_12-28-42.15
RDI_SHARED_DATA=C:/Xilinx/SharedData/2024.1/data
RDI_TPS_ROOT=C:/Xilinx/Vivado/2024.1/tps/win64
RDI_USE_JDK11=1
RDI_VERBOSE=False
RlsSvcPort=22112
RT_LIBPATH=C:/Xilinx/Vitis/2024.1/scripts/rt/data
RT_TCL_PATH=C:/Xilinx/Vitis/2024.1/scripts/rt/base_tcl/tcl
SDKROOT=C:\Xilinx\Vitis\2024.1\tps\win64\LOPPER~1.0-P\min_sdk\
SESSIONNAME=Console
session_string=C:\Users\minec\OneDrive\Documents\Vitis_HLS\project1\prac:DESKTOP-99HFAOL-Thu02-20-2025_12-48-46.50
SHARED_DATA_HOME="C:/Xilinx/SharedData/2024.1"
SWIG_LIB=C:\Xilinx\Vitis\2024.1\tps\win64\LOPPER~1.0-P\min_sdk\\usr\lib\swig\4.0.2
SYNTH_COMMON=C:/Xilinx/Vitis/2024.1/scripts/rt/data
SystemDrive=C:
SystemRoot=C:\Windows
TCL_LIBRARY=C:/Xilinx/Vitis/2024.1/tps/tcl/tcl8.6
TCMALLOC_LARGE_ALLOC_REPORT_THRESHOLD=4294967296
TEMP=C:\Users\minec\AppData\Local\Temp
THEIA_APP_PROJECT_PATH=C:\Xilinx\Vitis\2024.1\ide\electron-app\win64\resources\app
THEIA_DEFAULT_PLUGINS=local-dir:C:\Xilinx\Vitis\2024.1\ide\electron-app\win64\resources\app\plugins
THEIA_ELECTRON_TOKEN={"value":"21ca7838-56af-4249-a27e-d3763c5c9f73"}
THEIA_ELECTRON_VERSION=15.5.7
THEIA_PLUGINS=local-dir:C:\Users\minec\.theia\plugins
TMP=C:\Users\minec\AppData\Local\Temp
USERDOMAIN=DESKTOP-99HFAOL
USERDOMAIN_ROAMINGPROFILE=DESKTOP-99HFAOL
USERNAME=Jaime
USERPROFILE=C:\Users\minec
VBOX_MSI_INSTALL_PATH=C:\Program Files\Oracle\VirtualBox\
VITISNEW=true
VSCODE_API_VERSION=1.53.2
windir=C:\Windows
XILINX_HLS=C:/Xilinx\Vitis_HLS\2024.1
XILINX_PLANAHEAD=C:/Xilinx/Vitis/2024.1
XILINX_SDK=C:/Xilinx/Vitis/2024.1
XILINX_VERSION_DEFAULT=2024.1
XILINX_VERSION_VITIS=2024.1
XILINX_VITIS=C:/Xilinx\Vitis\2024.1
XILINX_VITIS_VERSION=Vitis v2024.1 (64-bit)
XILINX_VIVADO=C:/Xilinx/Vivado/2024.1
XILINX_VIVADO_HLS=C:/Xilinx/Vivado/2024.1
XIL_CHECK_TCL_DEBUG=False
XIL_NO_OVERRIDE=0
XIL_SUPPRESS_OVERRIDE_WARNINGS=1
XVREDIST=C:/Xilinx/Vitis/2024.1\tps\win64\xvcredist.exe
_RDI_BINROOT=C:\Xilinx\Vitis\2024.1\bin
_RDI_CWD=C:\Users\minec\OneDrive\Documents\Vitis_HLS\project1\prac
_RDI_DONT_SET_XILINX_AS_PATH=True
_RDI_VERSION_PROG=vitis-run
_valid=False
__PSLockDownPolicy=0
XILINX_CD_CONNECT_ID=60887
XILINX_CD_SESSION=a3f183dc-8868-498e-8277-e11a2795783d


VITIS-RUN command line:
------------------------------------------
C:/Xilinx/Vitis/2024.1/bin/unwrapped/win64.o/vitis-run.exe --mode hls --csim --config C:\Users\minec\OneDrive\Documents\Vitis_HLS\project1\prac\hls_config.cfg --work_dir prac 

FINAL PROGRAM OPTIONS
--config C:\Users\minec\OneDrive\Documents\Vitis_HLS\project1\prac\hls_config.cfg
--csim
--hls.clock 100MHz
--hls.clock_uncertainty 1
--hls.flow_target vivado
--hls.package.output.format rtl
--hls.package.output.syn false
--hls.syn.file bubble_sort.cpp
--hls.tb.file bubble_sort_tb.cpp
--mode hls
--part xc7z010clg225-1
--work_dir prac

PARSED COMMAND LINE OPTIONS
--mode hls 
--csim 
--config C:\Users\minec\OneDrive\Documents\Vitis_HLS\project1\prac\hls_config.cfg 
--work_dir prac 

PARSED CONFIG FILE (1) OPTIONS
file: C:\Users\minec\OneDrive\Documents\Vitis_HLS\project1\prac\hls_config.cfg
part xc7z010clg225-1 
hls.flow_target vivado 
hls.package.output.format rtl 
hls.package.output.syn false 
hls.clock 100MHz 
hls.clock_uncertainty 1 
hls.syn.file bubble_sort.cpp 
hls.tb.file bubble_sort_tb.cpp 


==========================================
new:  steps log generated by v++ for new launch 
timestamp: 20 Feb 2025 12:48:50
------------------------------------------
VITIS-RUN internal step: writing a config file for vitis_hls: C:/Users/minec/OneDrive/Documents/Vitis_HLS/project1/prac/prac/hls/config.cmdline
timestamp: 20 Feb 2025 12:48:50
VITIS-RUN internal step status: success
------------------------------------------
VITIS-RUN internal step: running vitis_hls
timestamp: 20 Feb 2025 12:48:50
working dir: C:/Users/minec/OneDrive/Documents/Vitis_HLS/project1/prac
cmd: vitis_hls -nolog -run csim -work_dir C:/Users/minec/OneDrive/Documents/Vitis_HLS/project1/prac/prac -config C:/Users/minec/OneDrive/Documents/Vitis_HLS/project1/prac/hls_config.cfg -cmdlineconfig C:/Users/minec/OneDrive/Documents/Vitis_HLS/project1/prac/prac/hls/config.cmdline
VITIS-RUN internal step status: fail

------------------------------------------
VITIS-RUN command line :
------------------------------------------
C:/Xilinx/Vitis/2024.1/bin/unwrapped/win64.o/vitis-run.exe --mode hls --csim --config C:\Users\minec\OneDrive\Documents\Vitis_HLS\project1\prac\hls_config.cfg --work_dir prac 
  Options from -O    : 
  Options from *.ini : 
  Options from Hw Platform : 

==========================================
new:  steps log generated by v++ for new launch 
timestamp: 20 Feb 2025 12:50:01
------------------------------------------
VITIS-RUN internal step: writing a config file for vitis_hls: C:/Users/minec/OneDrive/Documents/Vitis_HLS/project1/prac/prac/hls/config.cmdline
timestamp: 20 Feb 2025 12:50:01
VITIS-RUN internal step status: success
------------------------------------------
VITIS-RUN internal step: running vitis_hls
timestamp: 20 Feb 2025 12:50:01
working dir: C:/Users/minec/OneDrive/Documents/Vitis_HLS/project1/prac
cmd: vitis_hls -nolog -run csim -work_dir C:/Users/minec/OneDrive/Documents/Vitis_HLS/project1/prac/prac -config C:/Users/minec/OneDrive/Documents/Vitis_HLS/project1/prac/hls_config.cfg -cmdlineconfig C:/Users/minec/OneDrive/Documents/Vitis_HLS/project1/prac/prac/hls/config.cmdline
VITIS-RUN internal step status: fail

------------------------------------------
VITIS-RUN command line :
------------------------------------------
C:/Xilinx/Vitis/2024.1/bin/unwrapped/win64.o/vitis-run.exe --mode hls --csim --config C:\Users\minec\OneDrive\Documents\Vitis_HLS\project1\prac\hls_config.cfg --work_dir prac 
  Options from -O    : 
  Options from *.ini : 
  Options from Hw Platform : 

==========================================
new:  steps log generated by v++ for new launch 
timestamp: 20 Feb 2025 12:58:38
------------------------------------------
VITIS-RUN internal step: writing a config file for vitis_hls: C:/Users/minec/OneDrive/Documents/Vitis_HLS/project1/prac/prac/hls/config.cmdline
timestamp: 20 Feb 2025 12:58:38
VITIS-RUN internal step status: success
------------------------------------------
VITIS-RUN internal step: running vitis_hls
timestamp: 20 Feb 2025 12:58:38
working dir: C:/Users/minec/OneDrive/Documents/Vitis_HLS/project1/prac
cmd: vitis_hls -nolog -run csim -work_dir C:/Users/minec/OneDrive/Documents/Vitis_HLS/project1/prac/prac -config C:/Users/minec/OneDrive/Documents/Vitis_HLS/project1/prac/hls_config.cfg -cmdlineconfig C:/Users/minec/OneDrive/Documents/Vitis_HLS/project1/prac/prac/hls/config.cmdline
VITIS-RUN internal step status: fail

------------------------------------------
VITIS-RUN command line :
------------------------------------------
C:/Xilinx/Vitis/2024.1/bin/unwrapped/win64.o/vitis-run.exe --mode hls --csim --config C:\Users\minec\OneDrive\Documents\Vitis_HLS\project1\prac\hls_config.cfg --work_dir prac 
  Options from -O    : 
  Options from *.ini : 
  Options from Hw Platform : 

==========================================
new:  steps log generated by v++ for new launch 
timestamp: 20 Feb 2025 12:59:49
------------------------------------------
VITIS-RUN internal step: writing a config file for vitis_hls: C:/Users/minec/OneDrive/Documents/Vitis_HLS/project1/prac/prac/hls/config.cmdline
timestamp: 20 Feb 2025 12:59:49
VITIS-RUN internal step status: success
------------------------------------------
VITIS-RUN internal step: running vitis_hls
timestamp: 20 Feb 2025 12:59:49
working dir: C:/Users/minec/OneDrive/Documents/Vitis_HLS/project1/prac
cmd: vitis_hls -nolog -run csim -work_dir C:/Users/minec/OneDrive/Documents/Vitis_HLS/project1/prac/prac -config C:/Users/minec/OneDrive/Documents/Vitis_HLS/project1/prac/hls_config.cfg -cmdlineconfig C:/Users/minec/OneDrive/Documents/Vitis_HLS/project1/prac/prac/hls/config.cmdline
VITIS-RUN internal step status: fail

------------------------------------------
VITIS-RUN command line :
------------------------------------------
C:/Xilinx/Vitis/2024.1/bin/unwrapped/win64.o/vitis-run.exe --mode hls --csim --config C:\Users\minec\OneDrive\Documents\Vitis_HLS\project1\prac\hls_config.cfg --work_dir prac 
  Options from -O    : 
  Options from *.ini : 
  Options from Hw Platform : 

==========================================
new:  steps log generated by v++ for new launch 
timestamp: 20 Feb 2025 13:00:15
------------------------------------------
VITIS-RUN internal step: writing a config file for vitis_hls: C:/Users/minec/OneDrive/Documents/Vitis_HLS/project1/prac/prac/hls/config.cmdline
timestamp: 20 Feb 2025 13:00:15
VITIS-RUN internal step status: success
------------------------------------------
VITIS-RUN internal step: running vitis_hls
timestamp: 20 Feb 2025 13:00:15
working dir: C:/Users/minec/OneDrive/Documents/Vitis_HLS/project1/prac
cmd: vitis_hls -nolog -run csim -work_dir C:/Users/minec/OneDrive/Documents/Vitis_HLS/project1/prac/prac -config C:/Users/minec/OneDrive/Documents/Vitis_HLS/project1/prac/hls_config.cfg -cmdlineconfig C:/Users/minec/OneDrive/Documents/Vitis_HLS/project1/prac/prac/hls/config.cmdline
VITIS-RUN internal step status: success

------------------------------------------
V++ command line :
------------------------------------------
C:/Xilinx/Vitis/2024.1/bin/unwrapped/win64.o/v++.exe -c --mode hls --config C:\Users\minec\OneDrive\Documents\Vitis_HLS\project1\prac\hls_config.cfg --work_dir prac 
  Options from -O    : 
  Options from *.ini : 
  Options from Hw Platform : 

==========================================
new:  steps log generated by v++ for new launch 
timestamp: 20 Feb 2025 13:04:25
------------------------------------------
V++ internal step: writing a config file for vitis_hls: C:/Users/minec/OneDrive/Documents/Vitis_HLS/project1/prac/prac/hls/config.cmdline
timestamp: 20 Feb 2025 13:04:25
V++ internal step status: success
------------------------------------------
V++ internal step: running vitis_hls
timestamp: 20 Feb 2025 13:04:25
working dir: C:/Users/minec/OneDrive/Documents/Vitis_HLS/project1/prac
cmd: vitis_hls -nolog -run csynth -work_dir C:/Users/minec/OneDrive/Documents/Vitis_HLS/project1/prac/prac -config C:/Users/minec/OneDrive/Documents/Vitis_HLS/project1/prac/hls_config.cfg -cmdlineconfig C:/Users/minec/OneDrive/Documents/Vitis_HLS/project1/prac/prac/hls/config.cmdline
V++ internal step status: success

------------------------------------------
VITIS-RUN command line :
------------------------------------------
C:/Xilinx/Vitis/2024.1/bin/unwrapped/win64.o/vitis-run.exe --mode hls --cosim --config C:\Users\minec\OneDrive\Documents\Vitis_HLS\project1\prac\hls_config.cfg --work_dir prac 
  Options from -O    : 
  Options from *.ini : 
  Options from Hw Platform : 

==========================================
new:  steps log generated by v++ for new launch 
timestamp: 20 Feb 2025 13:06:08
------------------------------------------
VITIS-RUN internal step: writing a config file for vitis_hls: C:/Users/minec/OneDrive/Documents/Vitis_HLS/project1/prac/prac/hls/config.cmdline
timestamp: 20 Feb 2025 13:06:08
VITIS-RUN internal step status: success
------------------------------------------
VITIS-RUN internal step: running vitis_hls
timestamp: 20 Feb 2025 13:06:08
working dir: C:/Users/minec/OneDrive/Documents/Vitis_HLS/project1/prac
cmd: vitis_hls -nolog -run cosim -work_dir C:/Users/minec/OneDrive/Documents/Vitis_HLS/project1/prac/prac -config C:/Users/minec/OneDrive/Documents/Vitis_HLS/project1/prac/hls_config.cfg -cmdlineconfig C:/Users/minec/OneDrive/Documents/Vitis_HLS/project1/prac/prac/hls/config.cmdline
VITIS-RUN internal step status: success

------------------------------------------
VITIS-RUN command line :
------------------------------------------
C:/Xilinx/Vitis/2024.1/bin/unwrapped/win64.o/vitis-run.exe --mode hls --csim --config C:\Users\minec\OneDrive\Documents\Vitis_HLS\project1\prac\hls_config.cfg --work_dir prac 
  Options from -O    : 
  Options from *.ini : 
  Options from Hw Platform : 

==========================================
new:  steps log generated by v++ for new launch 
timestamp: 24 Feb 2025 13:57:02
------------------------------------------
VITIS-RUN internal step: writing a config file for vitis_hls: C:/Users/minec/OneDrive/Documents/Vitis_HLS/project1/prac/prac/hls/config.cmdline
timestamp: 24 Feb 2025 13:57:02
VITIS-RUN internal step status: success
------------------------------------------
VITIS-RUN internal step: running vitis_hls
timestamp: 24 Feb 2025 13:57:02
working dir: C:/Users/minec/OneDrive/Documents/Vitis_HLS/project1/prac
cmd: vitis_hls -nolog -run csim -work_dir C:/Users/minec/OneDrive/Documents/Vitis_HLS/project1/prac/prac -config C:/Users/minec/OneDrive/Documents/Vitis_HLS/project1/prac/hls_config.cfg -cmdlineconfig C:/Users/minec/OneDrive/Documents/Vitis_HLS/project1/prac/prac/hls/config.cmdline
VITIS-RUN internal step status: fail

------------------------------------------
VITIS-RUN command line :
------------------------------------------
C:/Xilinx/Vitis/2024.1/bin/unwrapped/win64.o/vitis-run.exe --mode hls --csim --config C:\Users\minec\OneDrive\Documents\Vitis_HLS\project1\prac\hls_config.cfg --work_dir prac 
  Options from -O    : 
  Options from *.ini : 
  Options from Hw Platform : 

==========================================
new:  steps log generated by v++ for new launch 
timestamp: 24 Feb 2025 13:58:19
------------------------------------------
VITIS-RUN internal step: writing a config file for vitis_hls: C:/Users/minec/OneDrive/Documents/Vitis_HLS/project1/prac/prac/hls/config.cmdline
timestamp: 24 Feb 2025 13:58:19
VITIS-RUN internal step status: success
------------------------------------------
VITIS-RUN internal step: running vitis_hls
timestamp: 24 Feb 2025 13:58:19
working dir: C:/Users/minec/OneDrive/Documents/Vitis_HLS/project1/prac
cmd: vitis_hls -nolog -run csim -work_dir C:/Users/minec/OneDrive/Documents/Vitis_HLS/project1/prac/prac -config C:/Users/minec/OneDrive/Documents/Vitis_HLS/project1/prac/hls_config.cfg -cmdlineconfig C:/Users/minec/OneDrive/Documents/Vitis_HLS/project1/prac/prac/hls/config.cmdline
VITIS-RUN internal step status: fail

------------------------------------------
VITIS-RUN command line :
------------------------------------------
C:/Xilinx/Vitis/2024.1/bin/unwrapped/win64.o/vitis-run.exe --mode hls --csim --config C:\Users\minec\OneDrive\Documents\Vitis_HLS\project1\prac\hls_config.cfg --work_dir prac 
  Options from -O    : 
  Options from *.ini : 
  Options from Hw Platform : 

==========================================
new:  steps log generated by v++ for new launch 
timestamp: 24 Feb 2025 13:58:46
------------------------------------------
VITIS-RUN internal step: writing a config file for vitis_hls: C:/Users/minec/OneDrive/Documents/Vitis_HLS/project1/prac/prac/hls/config.cmdline
timestamp: 24 Feb 2025 13:58:46
VITIS-RUN internal step status: success
------------------------------------------
VITIS-RUN internal step: running vitis_hls
timestamp: 24 Feb 2025 13:58:46
working dir: C:/Users/minec/OneDrive/Documents/Vitis_HLS/project1/prac
cmd: vitis_hls -nolog -run csim -work_dir C:/Users/minec/OneDrive/Documents/Vitis_HLS/project1/prac/prac -config C:/Users/minec/OneDrive/Documents/Vitis_HLS/project1/prac/hls_config.cfg -cmdlineconfig C:/Users/minec/OneDrive/Documents/Vitis_HLS/project1/prac/prac/hls/config.cmdline
VITIS-RUN internal step status: fail

------------------------------------------
VITIS-RUN command line :
------------------------------------------
C:/Xilinx/Vitis/2024.1/bin/unwrapped/win64.o/vitis-run.exe --mode hls --csim --config C:\Users\minec\OneDrive\Documents\Vitis_HLS\project1\prac\hls_config.cfg --work_dir prac 
  Options from -O    : 
  Options from *.ini : 
  Options from Hw Platform : 

==========================================
new:  steps log generated by v++ for new launch 
timestamp: 24 Feb 2025 13:59:31
------------------------------------------
VITIS-RUN internal step: writing a config file for vitis_hls: C:/Users/minec/OneDrive/Documents/Vitis_HLS/project1/prac/prac/hls/config.cmdline
timestamp: 24 Feb 2025 13:59:31
VITIS-RUN internal step status: success
------------------------------------------
VITIS-RUN internal step: running vitis_hls
timestamp: 24 Feb 2025 13:59:31
working dir: C:/Users/minec/OneDrive/Documents/Vitis_HLS/project1/prac
cmd: vitis_hls -nolog -run csim -work_dir C:/Users/minec/OneDrive/Documents/Vitis_HLS/project1/prac/prac -config C:/Users/minec/OneDrive/Documents/Vitis_HLS/project1/prac/hls_config.cfg -cmdlineconfig C:/Users/minec/OneDrive/Documents/Vitis_HLS/project1/prac/prac/hls/config.cmdline
VITIS-RUN internal step status: fail

------------------------------------------
VITIS-RUN command line :
------------------------------------------
C:/Xilinx/Vitis/2024.1/bin/unwrapped/win64.o/vitis-run.exe --mode hls --csim --config C:\Users\minec\OneDrive\Documents\Vitis_HLS\project1\prac\hls_config.cfg --work_dir prac 
  Options from -O    : 
  Options from *.ini : 
  Options from Hw Platform : 

==========================================
new:  steps log generated by v++ for new launch 
timestamp: 24 Feb 2025 14:01:25
------------------------------------------
VITIS-RUN internal step: writing a config file for vitis_hls: C:/Users/minec/OneDrive/Documents/Vitis_HLS/project1/prac/prac/hls/config.cmdline
timestamp: 24 Feb 2025 14:01:25
VITIS-RUN internal step status: success
------------------------------------------
VITIS-RUN internal step: running vitis_hls
timestamp: 24 Feb 2025 14:01:25
working dir: C:/Users/minec/OneDrive/Documents/Vitis_HLS/project1/prac
cmd: vitis_hls -nolog -run csim -work_dir C:/Users/minec/OneDrive/Documents/Vitis_HLS/project1/prac/prac -config C:/Users/minec/OneDrive/Documents/Vitis_HLS/project1/prac/hls_config.cfg -cmdlineconfig C:/Users/minec/OneDrive/Documents/Vitis_HLS/project1/prac/prac/hls/config.cmdline
VITIS-RUN internal step status: fail

------------------------------------------
VITIS-RUN command line :
------------------------------------------
C:/Xilinx/Vitis/2024.1/bin/unwrapped/win64.o/vitis-run.exe --mode hls --csim --config C:\Users\minec\OneDrive\Documents\Vitis_HLS\project1\prac\hls_config.cfg --work_dir prac 
  Options from -O    : 
  Options from *.ini : 
  Options from Hw Platform : 

==========================================
new:  steps log generated by v++ for new launch 
timestamp: 24 Feb 2025 14:03:57
------------------------------------------
VITIS-RUN internal step: writing a config file for vitis_hls: C:/Users/minec/OneDrive/Documents/Vitis_HLS/project1/prac/prac/hls/config.cmdline
timestamp: 24 Feb 2025 14:03:57
VITIS-RUN internal step status: success
------------------------------------------
VITIS-RUN internal step: running vitis_hls
timestamp: 24 Feb 2025 14:03:57
working dir: C:/Users/minec/OneDrive/Documents/Vitis_HLS/project1/prac
cmd: vitis_hls -nolog -run csim -work_dir C:/Users/minec/OneDrive/Documents/Vitis_HLS/project1/prac/prac -config C:/Users/minec/OneDrive/Documents/Vitis_HLS/project1/prac/hls_config.cfg -cmdlineconfig C:/Users/minec/OneDrive/Documents/Vitis_HLS/project1/prac/prac/hls/config.cmdline
VITIS-RUN internal step status: fail

------------------------------------------
VITIS-RUN command line :
------------------------------------------
C:/Xilinx/Vitis/2024.1/bin/unwrapped/win64.o/vitis-run.exe --mode hls --csim --config C:\Users\minec\OneDrive\Documents\Vitis_HLS\project1\prac\hls_config.cfg --work_dir prac 
  Options from -O    : 
  Options from *.ini : 
  Options from Hw Platform : 

==========================================
new:  steps log generated by v++ for new launch 
timestamp: 24 Feb 2025 14:06:59
------------------------------------------
VITIS-RUN internal step: writing a config file for vitis_hls: C:/Users/minec/OneDrive/Documents/Vitis_HLS/project1/prac/prac/hls/config.cmdline
timestamp: 24 Feb 2025 14:06:59
VITIS-RUN internal step status: success
------------------------------------------
VITIS-RUN internal step: running vitis_hls
timestamp: 24 Feb 2025 14:06:59
working dir: C:/Users/minec/OneDrive/Documents/Vitis_HLS/project1/prac
cmd: vitis_hls -nolog -run csim -work_dir C:/Users/minec/OneDrive/Documents/Vitis_HLS/project1/prac/prac -config C:/Users/minec/OneDrive/Documents/Vitis_HLS/project1/prac/hls_config.cfg -cmdlineconfig C:/Users/minec/OneDrive/Documents/Vitis_HLS/project1/prac/prac/hls/config.cmdline
VITIS-RUN internal step status: fail

------------------------------------------
VITIS-RUN command line :
------------------------------------------
C:/Xilinx/Vitis/2024.1/bin/unwrapped/win64.o/vitis-run.exe --mode hls --csim --config C:\Users\minec\OneDrive\Documents\Vitis_HLS\project1\prac\hls_config.cfg --work_dir prac 
  Options from -O    : 
  Options from *.ini : 
  Options from Hw Platform : 

==========================================
new:  steps log generated by v++ for new launch 
timestamp: 24 Feb 2025 14:07:21
------------------------------------------
VITIS-RUN internal step: writing a config file for vitis_hls: C:/Users/minec/OneDrive/Documents/Vitis_HLS/project1/prac/prac/hls/config.cmdline
timestamp: 24 Feb 2025 14:07:21
VITIS-RUN internal step status: success
------------------------------------------
VITIS-RUN internal step: running vitis_hls
timestamp: 24 Feb 2025 14:07:21
working dir: C:/Users/minec/OneDrive/Documents/Vitis_HLS/project1/prac
cmd: vitis_hls -nolog -run csim -work_dir C:/Users/minec/OneDrive/Documents/Vitis_HLS/project1/prac/prac -config C:/Users/minec/OneDrive/Documents/Vitis_HLS/project1/prac/hls_config.cfg -cmdlineconfig C:/Users/minec/OneDrive/Documents/Vitis_HLS/project1/prac/prac/hls/config.cmdline
VITIS-RUN internal step status: fail

------------------------------------------
VITIS-RUN command line :
------------------------------------------
C:/Xilinx/Vitis/2024.1/bin/unwrapped/win64.o/vitis-run.exe --mode hls --csim --config C:\Users\minec\OneDrive\Documents\Vitis_HLS\project1\prac\hls_config.cfg --work_dir prac 
  Options from -O    : 
  Options from *.ini : 
  Options from Hw Platform : 

==========================================
new:  steps log generated by v++ for new launch 
timestamp: 24 Feb 2025 14:08:50
------------------------------------------
VITIS-RUN internal step: writing a config file for vitis_hls: C:/Users/minec/OneDrive/Documents/Vitis_HLS/project1/prac/prac/hls/config.cmdline
timestamp: 24 Feb 2025 14:08:50
VITIS-RUN internal step status: success
------------------------------------------
VITIS-RUN internal step: running vitis_hls
timestamp: 24 Feb 2025 14:08:50
working dir: C:/Users/minec/OneDrive/Documents/Vitis_HLS/project1/prac
cmd: vitis_hls -nolog -run csim -work_dir C:/Users/minec/OneDrive/Documents/Vitis_HLS/project1/prac/prac -config C:/Users/minec/OneDrive/Documents/Vitis_HLS/project1/prac/hls_config.cfg -cmdlineconfig C:/Users/minec/OneDrive/Documents/Vitis_HLS/project1/prac/prac/hls/config.cmdline
VITIS-RUN internal step status: fail

------------------------------------------
VITIS-RUN command line :
------------------------------------------
C:/Xilinx/Vitis/2024.1/bin/unwrapped/win64.o/vitis-run.exe --mode hls --csim --config C:\Users\minec\OneDrive\Documents\Vitis_HLS\project1\prac\hls_config.cfg --work_dir prac 
  Options from -O    : 
  Options from *.ini : 
  Options from Hw Platform : 

==========================================
new:  steps log generated by v++ for new launch 
timestamp: 24 Feb 2025 14:09:36
------------------------------------------
VITIS-RUN internal step: writing a config file for vitis_hls: C:/Users/minec/OneDrive/Documents/Vitis_HLS/project1/prac/prac/hls/config.cmdline
timestamp: 24 Feb 2025 14:09:36
VITIS-RUN internal step status: success
------------------------------------------
VITIS-RUN internal step: running vitis_hls
timestamp: 24 Feb 2025 14:09:36
working dir: C:/Users/minec/OneDrive/Documents/Vitis_HLS/project1/prac
cmd: vitis_hls -nolog -run csim -work_dir C:/Users/minec/OneDrive/Documents/Vitis_HLS/project1/prac/prac -config C:/Users/minec/OneDrive/Documents/Vitis_HLS/project1/prac/hls_config.cfg -cmdlineconfig C:/Users/minec/OneDrive/Documents/Vitis_HLS/project1/prac/prac/hls/config.cmdline
VITIS-RUN internal step status: fail

------------------------------------------
VITIS-RUN command line :
------------------------------------------
C:/Xilinx/Vitis/2024.1/bin/unwrapped/win64.o/vitis-run.exe --mode hls --csim --config C:\Users\minec\OneDrive\Documents\Vitis_HLS\project1\prac\hls_config.cfg --work_dir prac 
  Options from -O    : 
  Options from *.ini : 
  Options from Hw Platform : 

==========================================
new:  steps log generated by v++ for new launch 
timestamp: 24 Feb 2025 14:10:11
------------------------------------------
VITIS-RUN internal step: writing a config file for vitis_hls: C:/Users/minec/OneDrive/Documents/Vitis_HLS/project1/prac/prac/hls/config.cmdline
timestamp: 24 Feb 2025 14:10:11
VITIS-RUN internal step status: success
------------------------------------------
VITIS-RUN internal step: running vitis_hls
timestamp: 24 Feb 2025 14:10:11
working dir: C:/Users/minec/OneDrive/Documents/Vitis_HLS/project1/prac
cmd: vitis_hls -nolog -run csim -work_dir C:/Users/minec/OneDrive/Documents/Vitis_HLS/project1/prac/prac -config C:/Users/minec/OneDrive/Documents/Vitis_HLS/project1/prac/hls_config.cfg -cmdlineconfig C:/Users/minec/OneDrive/Documents/Vitis_HLS/project1/prac/prac/hls/config.cmdline
VITIS-RUN internal step status: success

------------------------------------------
V++ command line :
------------------------------------------
C:/Xilinx/Vitis/2024.1/bin/unwrapped/win64.o/v++.exe -c --mode hls --config C:\Users\minec\OneDrive\Documents\Vitis_HLS\project1\prac\hls_config.cfg --work_dir prac 
  Options from -O    : 
  Options from *.ini : 
  Options from Hw Platform : 

==========================================
new:  steps log generated by v++ for new launch 
timestamp: 24 Feb 2025 14:10:28
------------------------------------------
V++ internal step: writing a config file for vitis_hls: C:/Users/minec/OneDrive/Documents/Vitis_HLS/project1/prac/prac/hls/config.cmdline
timestamp: 24 Feb 2025 14:10:28
V++ internal step status: success
------------------------------------------
V++ internal step: running vitis_hls
timestamp: 24 Feb 2025 14:10:28
working dir: C:/Users/minec/OneDrive/Documents/Vitis_HLS/project1/prac
cmd: vitis_hls -nolog -run csynth -work_dir C:/Users/minec/OneDrive/Documents/Vitis_HLS/project1/prac/prac -config C:/Users/minec/OneDrive/Documents/Vitis_HLS/project1/prac/hls_config.cfg -cmdlineconfig C:/Users/minec/OneDrive/Documents/Vitis_HLS/project1/prac/prac/hls/config.cmdline
V++ internal step status: success

------------------------------------------
VITIS-RUN command line :
------------------------------------------
C:/Xilinx/Vitis/2024.1/bin/unwrapped/win64.o/vitis-run.exe --mode hls --cosim --config C:\Users\minec\OneDrive\Documents\Vitis_HLS\project1\prac\hls_config.cfg --work_dir prac 
  Options from -O    : 
  Options from *.ini : 
  Options from Hw Platform : 

==========================================
new:  steps log generated by v++ for new launch 
timestamp: 24 Feb 2025 14:11:10
------------------------------------------
VITIS-RUN internal step: writing a config file for vitis_hls: C:/Users/minec/OneDrive/Documents/Vitis_HLS/project1/prac/prac/hls/config.cmdline
timestamp: 24 Feb 2025 14:11:10
VITIS-RUN internal step status: success
------------------------------------------
VITIS-RUN internal step: running vitis_hls
timestamp: 24 Feb 2025 14:11:10
working dir: C:/Users/minec/OneDrive/Documents/Vitis_HLS/project1/prac
cmd: vitis_hls -nolog -run cosim -work_dir C:/Users/minec/OneDrive/Documents/Vitis_HLS/project1/prac/prac -config C:/Users/minec/OneDrive/Documents/Vitis_HLS/project1/prac/hls_config.cfg -cmdlineconfig C:/Users/minec/OneDrive/Documents/Vitis_HLS/project1/prac/prac/hls/config.cmdline
VITIS-RUN internal step status: fail

------------------------------------------
VITIS-RUN command line :
------------------------------------------
C:/Xilinx/Vitis/2024.1/bin/unwrapped/win64.o/vitis-run.exe --mode hls --cosim --config C:\Users\minec\OneDrive\Documents\Vitis_HLS\project1\prac\hls_config.cfg --work_dir prac 
  Options from -O    : 
  Options from *.ini : 
  Options from Hw Platform : 

==========================================
new:  steps log generated by v++ for new launch 
timestamp: 24 Feb 2025 14:12:57
------------------------------------------
VITIS-RUN internal step: writing a config file for vitis_hls: C:/Users/minec/OneDrive/Documents/Vitis_HLS/project1/prac/prac/hls/config.cmdline
timestamp: 24 Feb 2025 14:12:57
VITIS-RUN internal step status: success
------------------------------------------
VITIS-RUN internal step: running vitis_hls
timestamp: 24 Feb 2025 14:12:57
working dir: C:/Users/minec/OneDrive/Documents/Vitis_HLS/project1/prac
cmd: vitis_hls -nolog -run cosim -work_dir C:/Users/minec/OneDrive/Documents/Vitis_HLS/project1/prac/prac -config C:/Users/minec/OneDrive/Documents/Vitis_HLS/project1/prac/hls_config.cfg -cmdlineconfig C:/Users/minec/OneDrive/Documents/Vitis_HLS/project1/prac/prac/hls/config.cmdline
VITIS-RUN internal step status: success

------------------------------------------
VITIS-RUN command line :
------------------------------------------
C:/Xilinx/Vitis/2024.1/bin/unwrapped/win64.o/vitis-run.exe --mode hls --csim --config C:\Users\minec\OneDrive\Documents\Vitis_HLS\project1\prac\hls_config.cfg --work_dir prac 
  Options from -O    : 
  Options from *.ini : 
  Options from Hw Platform : 

==========================================
new:  steps log generated by v++ for new launch 
timestamp: 24 Feb 2025 14:23:07
------------------------------------------
VITIS-RUN internal step: writing a config file for vitis_hls: C:/Users/minec/OneDrive/Documents/Vitis_HLS/project1/prac/prac/hls/config.cmdline
timestamp: 24 Feb 2025 14:23:07
VITIS-RUN internal step status: success
------------------------------------------
VITIS-RUN internal step: running vitis_hls
timestamp: 24 Feb 2025 14:23:07
working dir: C:/Users/minec/OneDrive/Documents/Vitis_HLS/project1/prac
cmd: vitis_hls -nolog -run csim -work_dir C:/Users/minec/OneDrive/Documents/Vitis_HLS/project1/prac/prac -config C:/Users/minec/OneDrive/Documents/Vitis_HLS/project1/prac/hls_config.cfg -cmdlineconfig C:/Users/minec/OneDrive/Documents/Vitis_HLS/project1/prac/prac/hls/config.cmdline
VITIS-RUN internal step status: success

------------------------------------------
V++ command line :
------------------------------------------
C:/Xilinx/Vitis/2024.1/bin/unwrapped/win64.o/v++.exe -c --mode hls --config C:\Users\minec\OneDrive\Documents\Vitis_HLS\project1\prac\hls_config.cfg --work_dir prac 
  Options from -O    : 
  Options from *.ini : 
  Options from Hw Platform : 

==========================================
new:  steps log generated by v++ for new launch 
timestamp: 24 Feb 2025 14:23:23
------------------------------------------
V++ internal step: writing a config file for vitis_hls: C:/Users/minec/OneDrive/Documents/Vitis_HLS/project1/prac/prac/hls/config.cmdline
timestamp: 24 Feb 2025 14:23:23
V++ internal step status: success
------------------------------------------
V++ internal step: running vitis_hls
timestamp: 24 Feb 2025 14:23:23
working dir: C:/Users/minec/OneDrive/Documents/Vitis_HLS/project1/prac
cmd: vitis_hls -nolog -run csynth -work_dir C:/Users/minec/OneDrive/Documents/Vitis_HLS/project1/prac/prac -config C:/Users/minec/OneDrive/Documents/Vitis_HLS/project1/prac/hls_config.cfg -cmdlineconfig C:/Users/minec/OneDrive/Documents/Vitis_HLS/project1/prac/prac/hls/config.cmdline
V++ internal step status: success

------------------------------------------
VITIS-RUN command line :
------------------------------------------
C:/Xilinx/Vitis/2024.1/bin/unwrapped/win64.o/vitis-run.exe --mode hls --csim --config C:\Users\minec\OneDrive\Documents\Vitis_HLS\project1\prac\hls_config.cfg --work_dir prac 
  Options from -O    : 
  Options from *.ini : 
  Options from Hw Platform : 

==========================================
new:  steps log generated by v++ for new launch 
timestamp: 24 Feb 2025 14:24:23
------------------------------------------
VITIS-RUN internal step: writing a config file for vitis_hls: C:/Users/minec/OneDrive/Documents/Vitis_HLS/project1/prac/prac/hls/config.cmdline
timestamp: 24 Feb 2025 14:24:23
VITIS-RUN internal step status: success
------------------------------------------
VITIS-RUN internal step: running vitis_hls
timestamp: 24 Feb 2025 14:24:23
working dir: C:/Users/minec/OneDrive/Documents/Vitis_HLS/project1/prac
cmd: vitis_hls -nolog -run csim -work_dir C:/Users/minec/OneDrive/Documents/Vitis_HLS/project1/prac/prac -config C:/Users/minec/OneDrive/Documents/Vitis_HLS/project1/prac/hls_config.cfg -cmdlineconfig C:/Users/minec/OneDrive/Documents/Vitis_HLS/project1/prac/prac/hls/config.cmdline
VITIS-RUN internal step status: success

------------------------------------------
VITIS-RUN command line :
------------------------------------------
C:/Xilinx/Vitis/2024.1/bin/unwrapped/win64.o/vitis-run.exe --mode hls --csim --config C:\Users\minec\OneDrive\Documents\Vitis_HLS\project1\prac\hls_config.cfg --work_dir prac 
  Options from -O    : 
  Options from *.ini : 
  Options from Hw Platform : 

==========================================
new:  steps log generated by v++ for new launch 
timestamp: 24 Feb 2025 14:25:35
------------------------------------------
VITIS-RUN internal step: writing a config file for vitis_hls: C:/Users/minec/OneDrive/Documents/Vitis_HLS/project1/prac/prac/hls/config.cmdline
timestamp: 24 Feb 2025 14:25:35
VITIS-RUN internal step status: success
------------------------------------------
VITIS-RUN internal step: running vitis_hls
timestamp: 24 Feb 2025 14:25:35
working dir: C:/Users/minec/OneDrive/Documents/Vitis_HLS/project1/prac
cmd: vitis_hls -nolog -run csim -work_dir C:/Users/minec/OneDrive/Documents/Vitis_HLS/project1/prac/prac -config C:/Users/minec/OneDrive/Documents/Vitis_HLS/project1/prac/hls_config.cfg -cmdlineconfig C:/Users/minec/OneDrive/Documents/Vitis_HLS/project1/prac/prac/hls/config.cmdline
VITIS-RUN internal step status: success

------------------------------------------
VITIS-RUN command line :
------------------------------------------
C:/Xilinx/Vitis/2024.1/bin/unwrapped/win64.o/vitis-run.exe --mode hls --csim --config C:\Users\minec\OneDrive\Documents\Vitis_HLS\project1\prac\hls_config.cfg --work_dir prac 
  Options from -O    : 
  Options from *.ini : 
  Options from Hw Platform : 

==========================================
new:  steps log generated by v++ for new launch 
timestamp: 24 Feb 2025 14:28:16
------------------------------------------
VITIS-RUN internal step: writing a config file for vitis_hls: C:/Users/minec/OneDrive/Documents/Vitis_HLS/project1/prac/prac/hls/config.cmdline
timestamp: 24 Feb 2025 14:28:16
VITIS-RUN internal step status: success
------------------------------------------
VITIS-RUN internal step: running vitis_hls
timestamp: 24 Feb 2025 14:28:16
working dir: C:/Users/minec/OneDrive/Documents/Vitis_HLS/project1/prac
cmd: vitis_hls -nolog -run csim -work_dir C:/Users/minec/OneDrive/Documents/Vitis_HLS/project1/prac/prac -config C:/Users/minec/OneDrive/Documents/Vitis_HLS/project1/prac/hls_config.cfg -cmdlineconfig C:/Users/minec/OneDrive/Documents/Vitis_HLS/project1/prac/prac/hls/config.cmdline
VITIS-RUN internal step status: fail

------------------------------------------
VITIS-RUN command line :
------------------------------------------
C:/Xilinx/Vitis/2024.1/bin/unwrapped/win64.o/vitis-run.exe --mode hls --csim --config C:\Users\minec\OneDrive\Documents\Vitis_HLS\project1\prac\hls_config.cfg --work_dir prac 
  Options from -O    : 
  Options from *.ini : 
  Options from Hw Platform : 

==========================================
new:  steps log generated by v++ for new launch 
timestamp: 24 Feb 2025 14:29:17
------------------------------------------
VITIS-RUN internal step: writing a config file for vitis_hls: C:/Users/minec/OneDrive/Documents/Vitis_HLS/project1/prac/prac/hls/config.cmdline
timestamp: 24 Feb 2025 14:29:17
VITIS-RUN internal step status: success
------------------------------------------
VITIS-RUN internal step: running vitis_hls
timestamp: 24 Feb 2025 14:29:17
working dir: C:/Users/minec/OneDrive/Documents/Vitis_HLS/project1/prac
cmd: vitis_hls -nolog -run csim -work_dir C:/Users/minec/OneDrive/Documents/Vitis_HLS/project1/prac/prac -config C:/Users/minec/OneDrive/Documents/Vitis_HLS/project1/prac/hls_config.cfg -cmdlineconfig C:/Users/minec/OneDrive/Documents/Vitis_HLS/project1/prac/prac/hls/config.cmdline
VITIS-RUN internal step status: fail

------------------------------------------
VITIS-RUN command line :
------------------------------------------
C:/Xilinx/Vitis/2024.1/bin/unwrapped/win64.o/vitis-run.exe --mode hls --csim --config C:\Users\minec\OneDrive\Documents\Vitis_HLS\project1\prac\hls_config.cfg --work_dir prac 
  Options from -O    : 
  Options from *.ini : 
  Options from Hw Platform : 

==========================================
new:  steps log generated by v++ for new launch 
timestamp: 24 Feb 2025 14:29:57
------------------------------------------
VITIS-RUN internal step: writing a config file for vitis_hls: C:/Users/minec/OneDrive/Documents/Vitis_HLS/project1/prac/prac/hls/config.cmdline
timestamp: 24 Feb 2025 14:29:57
VITIS-RUN internal step status: success
------------------------------------------
VITIS-RUN internal step: running vitis_hls
timestamp: 24 Feb 2025 14:29:57
working dir: C:/Users/minec/OneDrive/Documents/Vitis_HLS/project1/prac
cmd: vitis_hls -nolog -run csim -work_dir C:/Users/minec/OneDrive/Documents/Vitis_HLS/project1/prac/prac -config C:/Users/minec/OneDrive/Documents/Vitis_HLS/project1/prac/hls_config.cfg -cmdlineconfig C:/Users/minec/OneDrive/Documents/Vitis_HLS/project1/prac/prac/hls/config.cmdline
VITIS-RUN internal step status: fail

------------------------------------------
VITIS-RUN command line :
------------------------------------------
C:/Xilinx/Vitis/2024.1/bin/unwrapped/win64.o/vitis-run.exe --mode hls --csim --config C:\Users\minec\OneDrive\Documents\Vitis_HLS\project1\prac\hls_config.cfg --work_dir prac 
  Options from -O    : 
  Options from *.ini : 
  Options from Hw Platform : 

==========================================
new:  steps log generated by v++ for new launch 
timestamp: 24 Feb 2025 14:30:52
------------------------------------------
VITIS-RUN internal step: writing a config file for vitis_hls: C:/Users/minec/OneDrive/Documents/Vitis_HLS/project1/prac/prac/hls/config.cmdline
timestamp: 24 Feb 2025 14:30:52
VITIS-RUN internal step status: success
------------------------------------------
VITIS-RUN internal step: running vitis_hls
timestamp: 24 Feb 2025 14:30:52
working dir: C:/Users/minec/OneDrive/Documents/Vitis_HLS/project1/prac
cmd: vitis_hls -nolog -run csim -work_dir C:/Users/minec/OneDrive/Documents/Vitis_HLS/project1/prac/prac -config C:/Users/minec/OneDrive/Documents/Vitis_HLS/project1/prac/hls_config.cfg -cmdlineconfig C:/Users/minec/OneDrive/Documents/Vitis_HLS/project1/prac/prac/hls/config.cmdline
VITIS-RUN internal step status: fail

------------------------------------------
VITIS-RUN command line :
------------------------------------------
C:/Xilinx/Vitis/2024.1/bin/unwrapped/win64.o/vitis-run.exe --mode hls --csim --config C:\Users\minec\OneDrive\Documents\Vitis_HLS\project1\prac\hls_config.cfg --work_dir prac 
  Options from -O    : 
  Options from *.ini : 
  Options from Hw Platform : 

==========================================
new:  steps log generated by v++ for new launch 
timestamp: 24 Feb 2025 14:32:40
------------------------------------------
VITIS-RUN internal step: writing a config file for vitis_hls: C:/Users/minec/OneDrive/Documents/Vitis_HLS/project1/prac/prac/hls/config.cmdline
timestamp: 24 Feb 2025 14:32:40
VITIS-RUN internal step status: success
------------------------------------------
VITIS-RUN internal step: running vitis_hls
timestamp: 24 Feb 2025 14:32:40
working dir: C:/Users/minec/OneDrive/Documents/Vitis_HLS/project1/prac
cmd: vitis_hls -nolog -run csim -work_dir C:/Users/minec/OneDrive/Documents/Vitis_HLS/project1/prac/prac -config C:/Users/minec/OneDrive/Documents/Vitis_HLS/project1/prac/hls_config.cfg -cmdlineconfig C:/Users/minec/OneDrive/Documents/Vitis_HLS/project1/prac/prac/hls/config.cmdline
VITIS-RUN internal step status: fail

------------------------------------------
VITIS-RUN command line :
------------------------------------------
C:/Xilinx/Vitis/2024.1/bin/unwrapped/win64.o/vitis-run.exe --mode hls --csim --config C:\Users\minec\OneDrive\Documents\Vitis_HLS\project1\prac\hls_config.cfg --work_dir prac 
  Options from -O    : 
  Options from *.ini : 
  Options from Hw Platform : 

==========================================
new:  steps log generated by v++ for new launch 
timestamp: 24 Feb 2025 14:35:44
------------------------------------------
VITIS-RUN internal step: writing a config file for vitis_hls: C:/Users/minec/OneDrive/Documents/Vitis_HLS/project1/prac/prac/hls/config.cmdline
timestamp: 24 Feb 2025 14:35:44
VITIS-RUN internal step status: success
------------------------------------------
VITIS-RUN internal step: running vitis_hls
timestamp: 24 Feb 2025 14:35:44
working dir: C:/Users/minec/OneDrive/Documents/Vitis_HLS/project1/prac
cmd: vitis_hls -nolog -run csim -work_dir C:/Users/minec/OneDrive/Documents/Vitis_HLS/project1/prac/prac -config C:/Users/minec/OneDrive/Documents/Vitis_HLS/project1/prac/hls_config.cfg -cmdlineconfig C:/Users/minec/OneDrive/Documents/Vitis_HLS/project1/prac/prac/hls/config.cmdline
VITIS-RUN internal step status: fail

------------------------------------------
VITIS-RUN command line :
------------------------------------------
C:/Xilinx/Vitis/2024.1/bin/unwrapped/win64.o/vitis-run.exe --mode hls --csim --config C:\Users\minec\OneDrive\Documents\Vitis_HLS\project1\prac\hls_config.cfg --work_dir prac 
  Options from -O    : 
  Options from *.ini : 
  Options from Hw Platform : 

==========================================
new:  steps log generated by v++ for new launch 
timestamp: 24 Feb 2025 14:36:06
------------------------------------------
VITIS-RUN internal step: writing a config file for vitis_hls: C:/Users/minec/OneDrive/Documents/Vitis_HLS/project1/prac/prac/hls/config.cmdline
timestamp: 24 Feb 2025 14:36:06
VITIS-RUN internal step status: success
------------------------------------------
VITIS-RUN internal step: running vitis_hls
timestamp: 24 Feb 2025 14:36:06
working dir: C:/Users/minec/OneDrive/Documents/Vitis_HLS/project1/prac
cmd: vitis_hls -nolog -run csim -work_dir C:/Users/minec/OneDrive/Documents/Vitis_HLS/project1/prac/prac -config C:/Users/minec/OneDrive/Documents/Vitis_HLS/project1/prac/hls_config.cfg -cmdlineconfig C:/Users/minec/OneDrive/Documents/Vitis_HLS/project1/prac/prac/hls/config.cmdline
VITIS-RUN internal step status: success

------------------------------------------
VITIS-RUN command line :
------------------------------------------
C:/Xilinx/Vitis/2024.1/bin/unwrapped/win64.o/vitis-run.exe --mode hls --csim --config C:\Users\minec\OneDrive\Documents\Vitis_HLS\project1\prac\hls_config.cfg --work_dir prac 
  Options from -O    : 
  Options from *.ini : 
  Options from Hw Platform : 

==========================================
new:  steps log generated by v++ for new launch 
timestamp: 24 Feb 2025 14:39:18
------------------------------------------
VITIS-RUN internal step: writing a config file for vitis_hls: C:/Users/minec/OneDrive/Documents/Vitis_HLS/project1/prac/prac/hls/config.cmdline
timestamp: 24 Feb 2025 14:39:18
VITIS-RUN internal step status: success
------------------------------------------
VITIS-RUN internal step: running vitis_hls
timestamp: 24 Feb 2025 14:39:18
working dir: C:/Users/minec/OneDrive/Documents/Vitis_HLS/project1/prac
cmd: vitis_hls -nolog -run csim -work_dir C:/Users/minec/OneDrive/Documents/Vitis_HLS/project1/prac/prac -config C:/Users/minec/OneDrive/Documents/Vitis_HLS/project1/prac/hls_config.cfg -cmdlineconfig C:/Users/minec/OneDrive/Documents/Vitis_HLS/project1/prac/prac/hls/config.cmdline
VITIS-RUN internal step status: success

------------------------------------------
VITIS-RUN command line :
------------------------------------------
C:/Xilinx/Vitis/2024.1/bin/unwrapped/win64.o/vitis-run.exe --mode hls --csim --config C:\Users\minec\OneDrive\Documents\Vitis_HLS\project1\prac\hls_config.cfg --work_dir prac 
  Options from -O    : 
  Options from *.ini : 
  Options from Hw Platform : 

==========================================
new:  steps log generated by v++ for new launch 
timestamp: 24 Feb 2025 14:42:19
------------------------------------------
VITIS-RUN internal step: writing a config file for vitis_hls: C:/Users/minec/OneDrive/Documents/Vitis_HLS/project1/prac/prac/hls/config.cmdline
timestamp: 24 Feb 2025 14:42:19
VITIS-RUN internal step status: success
------------------------------------------
VITIS-RUN internal step: running vitis_hls
timestamp: 24 Feb 2025 14:42:19
working dir: C:/Users/minec/OneDrive/Documents/Vitis_HLS/project1/prac
cmd: vitis_hls -nolog -run csim -work_dir C:/Users/minec/OneDrive/Documents/Vitis_HLS/project1/prac/prac -config C:/Users/minec/OneDrive/Documents/Vitis_HLS/project1/prac/hls_config.cfg -cmdlineconfig C:/Users/minec/OneDrive/Documents/Vitis_HLS/project1/prac/prac/hls/config.cmdline
VITIS-RUN internal step status: success

------------------------------------------
VITIS-RUN command line :
------------------------------------------
C:/Xilinx/Vitis/2024.1/bin/unwrapped/win64.o/vitis-run.exe --mode hls --csim --config C:\Users\minec\OneDrive\Documents\Vitis_HLS\project1\prac\hls_config.cfg --work_dir prac 
  Options from -O    : 
  Options from *.ini : 
  Options from Hw Platform : 

==========================================
new:  steps log generated by v++ for new launch 
timestamp: 24 Feb 2025 14:42:55
------------------------------------------
VITIS-RUN internal step: writing a config file for vitis_hls: C:/Users/minec/OneDrive/Documents/Vitis_HLS/project1/prac/prac/hls/config.cmdline
timestamp: 24 Feb 2025 14:42:55
VITIS-RUN internal step status: success
------------------------------------------
VITIS-RUN internal step: running vitis_hls
timestamp: 24 Feb 2025 14:42:55
working dir: C:/Users/minec/OneDrive/Documents/Vitis_HLS/project1/prac
cmd: vitis_hls -nolog -run csim -work_dir C:/Users/minec/OneDrive/Documents/Vitis_HLS/project1/prac/prac -config C:/Users/minec/OneDrive/Documents/Vitis_HLS/project1/prac/hls_config.cfg -cmdlineconfig C:/Users/minec/OneDrive/Documents/Vitis_HLS/project1/prac/prac/hls/config.cmdline
VITIS-RUN internal step status: success

------------------------------------------
VITIS-RUN command line :
------------------------------------------
C:/Xilinx/Vitis/2024.1/bin/unwrapped/win64.o/vitis-run.exe --mode hls --csim --config C:\Users\minec\OneDrive\Documents\Vitis_HLS\project1\prac\hls_config.cfg --work_dir prac 
  Options from -O    : 
  Options from *.ini : 
  Options from Hw Platform : 

==========================================
new:  steps log generated by v++ for new launch 
timestamp: 24 Feb 2025 14:43:16
------------------------------------------
VITIS-RUN internal step: writing a config file for vitis_hls: C:/Users/minec/OneDrive/Documents/Vitis_HLS/project1/prac/prac/hls/config.cmdline
timestamp: 24 Feb 2025 14:43:16
VITIS-RUN internal step status: success
------------------------------------------
VITIS-RUN internal step: running vitis_hls
timestamp: 24 Feb 2025 14:43:16
working dir: C:/Users/minec/OneDrive/Documents/Vitis_HLS/project1/prac
cmd: vitis_hls -nolog -run csim -work_dir C:/Users/minec/OneDrive/Documents/Vitis_HLS/project1/prac/prac -config C:/Users/minec/OneDrive/Documents/Vitis_HLS/project1/prac/hls_config.cfg -cmdlineconfig C:/Users/minec/OneDrive/Documents/Vitis_HLS/project1/prac/prac/hls/config.cmdline
VITIS-RUN internal step status: success

------------------------------------------
V++ command line :
------------------------------------------
C:/Xilinx/Vitis/2024.1/bin/unwrapped/win64.o/v++.exe -c --mode hls --config C:\Users\minec\OneDrive\Documents\Vitis_HLS\project1\prac\hls_config.cfg --work_dir prac 
  Options from -O    : 
  Options from *.ini : 
  Options from Hw Platform : 

==========================================
new:  steps log generated by v++ for new launch 
timestamp: 24 Feb 2025 14:43:38
------------------------------------------
V++ internal step: writing a config file for vitis_hls: C:/Users/minec/OneDrive/Documents/Vitis_HLS/project1/prac/prac/hls/config.cmdline
timestamp: 24 Feb 2025 14:43:38
V++ internal step status: success
------------------------------------------
V++ internal step: running vitis_hls
timestamp: 24 Feb 2025 14:43:38
working dir: C:/Users/minec/OneDrive/Documents/Vitis_HLS/project1/prac
cmd: vitis_hls -nolog -run csynth -work_dir C:/Users/minec/OneDrive/Documents/Vitis_HLS/project1/prac/prac -config C:/Users/minec/OneDrive/Documents/Vitis_HLS/project1/prac/hls_config.cfg -cmdlineconfig C:/Users/minec/OneDrive/Documents/Vitis_HLS/project1/prac/prac/hls/config.cmdline
V++ internal step status: success

------------------------------------------
VITIS-RUN command line :
------------------------------------------
C:/Xilinx/Vitis/2024.1/bin/unwrapped/win64.o/vitis-run.exe --mode hls --cosim --config C:\Users\minec\OneDrive\Documents\Vitis_HLS\project1\prac\hls_config.cfg --work_dir prac 
  Options from -O    : 
  Options from *.ini : 
  Options from Hw Platform : 

==========================================
new:  steps log generated by v++ for new launch 
timestamp: 24 Feb 2025 14:44:11
------------------------------------------
VITIS-RUN internal step: writing a config file for vitis_hls: C:/Users/minec/OneDrive/Documents/Vitis_HLS/project1/prac/prac/hls/config.cmdline
timestamp: 24 Feb 2025 14:44:11
VITIS-RUN internal step status: success
------------------------------------------
VITIS-RUN internal step: running vitis_hls
timestamp: 24 Feb 2025 14:44:11
working dir: C:/Users/minec/OneDrive/Documents/Vitis_HLS/project1/prac
cmd: vitis_hls -nolog -run cosim -work_dir C:/Users/minec/OneDrive/Documents/Vitis_HLS/project1/prac/prac -config C:/Users/minec/OneDrive/Documents/Vitis_HLS/project1/prac/hls_config.cfg -cmdlineconfig C:/Users/minec/OneDrive/Documents/Vitis_HLS/project1/prac/prac/hls/config.cmdline
VITIS-RUN internal step status: success
