02/20/25 12:48:49: Running xcd server. This server was NOT built by gradle, but presumably rdi.
02/20/25 12:48:49: Server was asked to start on port: '60887'
02/20/25 12:48:49: Server is using token UUID: '8240b309-81f1-4085-b006-1e262f297df6'
02/20/25 12:48:49: SESSION_MGR: creating session with session uuid: '6d04a3e9-ade5-4ab9-8d63-1f78fcd2ec76' and name 'default'
02/20/25 12:48:49: Attempting to start server on port '60887'
02/20/25 12:48:49: Running Dispatch Server
02/20/25 12:48:49: Version 2.2.0
02/20/25 12:48:50: Dispatch Server: Accepted socket connection from client
02/20/25 12:48:50: Starting Socket connection
02/20/25 12:48:50: EXCHANGE_TOKEN received, server token: 8240b309-81f1-4085-b006-1e262f297df6, passed token: 8240b309-81f1-4085-b006-1e262f297df6
02/20/25 12:48:50: DISPATCH_HANDLER: Adding handler from function makeHandler in library librdi_system_diagram failed with exception: Could not dynamically load librdi_system_diagram.dll
02/20/25 12:48:50: SESSION_MGR: creating session with session uuid: 'a3f183dc-8868-498e-8277-e11a2795783d' and name 'vitis-run_compile_prac'
02/20/25 12:48:50: KERNEL_SVC: creating session with uuid: 'a3f183dc-8868-498e-8277-e11a2795783d' and name 'vitis-run_compile_prac'
02/20/25 12:48:50: GUIDANCE_SMGR: creating guidance session with uuid: 'a3f183dc-8868-498e-8277-e11a2795783d' and name 'vitis-run_compile_prac'
02/20/25 12:48:58: Dispatch Server: Accepted socket connection from client
02/20/25 12:48:58: Starting Socket connection
02/20/25 12:49:05: SESSION_MGR: closing session for UUID 'a3f183dc-8868-498e-8277-e11a2795783d' with name 'vitis-run_compile_prac'
02/20/25 12:49:05: KERNEL_SVC: closing session for UUID 'a3f183dc-8868-498e-8277-e11a2795783d' with name 'vitis-run_compile_prac'
02/20/25 12:49:05: GUIDANCE_SMGR: closing session for UUID 'a3f183dc-8868-498e-8277-e11a2795783d' with name 'vitis-run_compile_prac'
02/20/25 12:49:05: STOP_SERVER received, server token: 8240b309-81f1-4085-b006-1e262f297df6, passed token: 8240b309-81f1-4085-b006-1e262f297df6
02/20/25 12:49:05: Socket received request to stop server.
02/20/25 12:49:05: Dispatch Server: do_await_stop
02/20/25 12:49:05: SERVER: destructor for server bound to port 60887
02/20/25 12:49:05: Server exiting with status 0.
02/20/25 12:49:05: Closing log file.
02/20/25 12:49:59: Running xcd server. This server was NOT built by gradle, but presumably rdi.
02/20/25 12:49:59: Server was asked to start on port: '60896'
02/20/25 12:49:59: Server is using token UUID: 'bfca7db7-c11b-4740-91aa-ee57acec071b'
02/20/25 12:49:59: SESSION_MGR: creating session with session uuid: '6d04a3e9-ade5-4ab9-8d63-1f78fcd2ec76' and name 'default'
02/20/25 12:49:59: Attempting to start server on port '60896'
02/20/25 12:49:59: Running Dispatch Server
02/20/25 12:49:59: Version 2.2.0
02/20/25 12:50:00: Dispatch Server: Accepted socket connection from client
02/20/25 12:50:00: Starting Socket connection
02/20/25 12:50:00: EXCHANGE_TOKEN received, server token: bfca7db7-c11b-4740-91aa-ee57acec071b, passed token: bfca7db7-c11b-4740-91aa-ee57acec071b
02/20/25 12:50:00: DISPATCH_HANDLER: Adding handler from function makeHandler in library librdi_system_diagram failed with exception: Could not dynamically load librdi_system_diagram.dll
02/20/25 12:50:00: SESSION_MGR: creating session with session uuid: 'd88ade31-1d97-4013-a16f-c8e3d292259a' and name 'vitis-run_compile_prac'
02/20/25 12:50:00: KERNEL_SVC: creating session with uuid: 'd88ade31-1d97-4013-a16f-c8e3d292259a' and name 'vitis-run_compile_prac'
02/20/25 12:50:00: GUIDANCE_SMGR: creating guidance session with uuid: 'd88ade31-1d97-4013-a16f-c8e3d292259a' and name 'vitis-run_compile_prac'
02/20/25 12:50:06: Dispatch Server: Accepted socket connection from client
02/20/25 12:50:06: Starting Socket connection
02/20/25 12:50:07: SESSION_MGR: closing session for UUID 'd88ade31-1d97-4013-a16f-c8e3d292259a' with name 'vitis-run_compile_prac'
02/20/25 12:50:07: KERNEL_SVC: closing session for UUID 'd88ade31-1d97-4013-a16f-c8e3d292259a' with name 'vitis-run_compile_prac'
02/20/25 12:50:07: GUIDANCE_SMGR: closing session for UUID 'd88ade31-1d97-4013-a16f-c8e3d292259a' with name 'vitis-run_compile_prac'
02/20/25 12:50:07: STOP_SERVER received, server token: bfca7db7-c11b-4740-91aa-ee57acec071b, passed token: bfca7db7-c11b-4740-91aa-ee57acec071b
02/20/25 12:50:07: Socket received request to stop server.
02/20/25 12:50:07: Dispatch Server: do_await_stop
02/20/25 12:50:07: SERVER: destructor for server bound to port 60896
02/20/25 12:50:07: Server exiting with status 0.
02/20/25 12:50:07: Closing log file.
02/20/25 12:58:37: Running xcd server. This server was NOT built by gradle, but presumably rdi.
02/20/25 12:58:37: Server was asked to start on port: '58678'
02/20/25 12:58:37: Server is using token UUID: '0d0a5872-dd8e-47ec-91db-173153167917'
02/20/25 12:58:37: SESSION_MGR: creating session with session uuid: '6d04a3e9-ade5-4ab9-8d63-1f78fcd2ec76' and name 'default'
02/20/25 12:58:37: Attempting to start server on port '58678'
02/20/25 12:58:37: Running Dispatch Server
02/20/25 12:58:37: Version 2.2.0
02/20/25 12:58:38: Dispatch Server: Accepted socket connection from client
02/20/25 12:58:38: Starting Socket connection
02/20/25 12:58:38: EXCHANGE_TOKEN received, server token: 0d0a5872-dd8e-47ec-91db-173153167917, passed token: 0d0a5872-dd8e-47ec-91db-173153167917
02/20/25 12:58:38: DISPATCH_HANDLER: Adding handler from function makeHandler in library librdi_system_diagram failed with exception: Could not dynamically load librdi_system_diagram.dll
02/20/25 12:58:38: SESSION_MGR: creating session with session uuid: 'c2d84ffc-1ff2-41e6-869c-e702ed3f3d3f' and name 'vitis-run_compile_prac'
02/20/25 12:58:38: KERNEL_SVC: creating session with uuid: 'c2d84ffc-1ff2-41e6-869c-e702ed3f3d3f' and name 'vitis-run_compile_prac'
02/20/25 12:58:38: GUIDANCE_SMGR: creating guidance session with uuid: 'c2d84ffc-1ff2-41e6-869c-e702ed3f3d3f' and name 'vitis-run_compile_prac'
02/20/25 12:58:44: Dispatch Server: Accepted socket connection from client
02/20/25 12:58:44: Starting Socket connection
02/20/25 12:58:48: SESSION_MGR: closing session for UUID 'c2d84ffc-1ff2-41e6-869c-e702ed3f3d3f' with name 'vitis-run_compile_prac'
02/20/25 12:58:48: KERNEL_SVC: closing session for UUID 'c2d84ffc-1ff2-41e6-869c-e702ed3f3d3f' with name 'vitis-run_compile_prac'
02/20/25 12:58:48: GUIDANCE_SMGR: closing session for UUID 'c2d84ffc-1ff2-41e6-869c-e702ed3f3d3f' with name 'vitis-run_compile_prac'
02/20/25 12:58:48: STOP_SERVER received, server token: 0d0a5872-dd8e-47ec-91db-173153167917, passed token: 0d0a5872-dd8e-47ec-91db-173153167917
02/20/25 12:58:48: Socket received request to stop server.
02/20/25 12:58:48: Dispatch Server: do_await_stop
02/20/25 12:58:48: SERVER: destructor for server bound to port 58678
02/20/25 12:58:48: Server exiting with status 0.
02/20/25 12:58:48: Closing log file.
02/20/25 12:59:47: Running xcd server. This server was NOT built by gradle, but presumably rdi.
02/20/25 12:59:47: Server was asked to start on port: '58710'
02/20/25 12:59:47: Server is using token UUID: '307ca1b7-df6f-4f56-9060-c7b44d6e34b1'
02/20/25 12:59:47: SESSION_MGR: creating session with session uuid: '6d04a3e9-ade5-4ab9-8d63-1f78fcd2ec76' and name 'default'
02/20/25 12:59:47: Attempting to start server on port '58710'
02/20/25 12:59:47: Running Dispatch Server
02/20/25 12:59:47: Version 2.2.0
02/20/25 12:59:49: Dispatch Server: Accepted socket connection from client
02/20/25 12:59:49: Starting Socket connection
02/20/25 12:59:49: EXCHANGE_TOKEN received, server token: 307ca1b7-df6f-4f56-9060-c7b44d6e34b1, passed token: 307ca1b7-df6f-4f56-9060-c7b44d6e34b1
02/20/25 12:59:49: DISPATCH_HANDLER: Adding handler from function makeHandler in library librdi_system_diagram failed with exception: Could not dynamically load librdi_system_diagram.dll
02/20/25 12:59:49: SESSION_MGR: creating session with session uuid: 'f779f00a-ed50-4b67-a103-9486af938575' and name 'vitis-run_compile_prac'
02/20/25 12:59:49: KERNEL_SVC: creating session with uuid: 'f779f00a-ed50-4b67-a103-9486af938575' and name 'vitis-run_compile_prac'
02/20/25 12:59:49: GUIDANCE_SMGR: creating guidance session with uuid: 'f779f00a-ed50-4b67-a103-9486af938575' and name 'vitis-run_compile_prac'
02/20/25 12:59:54: Dispatch Server: Accepted socket connection from client
02/20/25 12:59:54: Starting Socket connection
02/20/25 12:59:56: SESSION_MGR: closing session for UUID 'f779f00a-ed50-4b67-a103-9486af938575' with name 'vitis-run_compile_prac'
02/20/25 12:59:56: KERNEL_SVC: closing session for UUID 'f779f00a-ed50-4b67-a103-9486af938575' with name 'vitis-run_compile_prac'
02/20/25 12:59:56: GUIDANCE_SMGR: closing session for UUID 'f779f00a-ed50-4b67-a103-9486af938575' with name 'vitis-run_compile_prac'
02/20/25 12:59:56: STOP_SERVER received, server token: 307ca1b7-df6f-4f56-9060-c7b44d6e34b1, passed token: 307ca1b7-df6f-4f56-9060-c7b44d6e34b1
02/20/25 12:59:56: Socket received request to stop server.
02/20/25 12:59:56: Dispatch Server: do_await_stop
02/20/25 12:59:56: SERVER: destructor for server bound to port 58710
02/20/25 12:59:56: Server exiting with status 0.
02/20/25 12:59:56: Closing log file.
02/20/25 13:00:13: Running xcd server. This server was NOT built by gradle, but presumably rdi.
02/20/25 13:00:13: Server was asked to start on port: '58715'
02/20/25 13:00:13: Server is using token UUID: '101745b6-ff4b-4f22-819b-3718ded9ea89'
02/20/25 13:00:13: SESSION_MGR: creating session with session uuid: '6d04a3e9-ade5-4ab9-8d63-1f78fcd2ec76' and name 'default'
02/20/25 13:00:13: Attempting to start server on port '58715'
02/20/25 13:00:13: Running Dispatch Server
02/20/25 13:00:13: Version 2.2.0
02/20/25 13:00:15: Dispatch Server: Accepted socket connection from client
02/20/25 13:00:15: Starting Socket connection
02/20/25 13:00:15: EXCHANGE_TOKEN received, server token: 101745b6-ff4b-4f22-819b-3718ded9ea89, passed token: 101745b6-ff4b-4f22-819b-3718ded9ea89
02/20/25 13:00:15: DISPATCH_HANDLER: Adding handler from function makeHandler in library librdi_system_diagram failed with exception: Could not dynamically load librdi_system_diagram.dll
02/20/25 13:00:15: SESSION_MGR: creating session with session uuid: 'a7b05c0a-87da-41e8-b090-4c038d917daf' and name 'vitis-run_compile_prac'
02/20/25 13:00:15: KERNEL_SVC: creating session with uuid: 'a7b05c0a-87da-41e8-b090-4c038d917daf' and name 'vitis-run_compile_prac'
02/20/25 13:00:15: GUIDANCE_SMGR: creating guidance session with uuid: 'a7b05c0a-87da-41e8-b090-4c038d917daf' and name 'vitis-run_compile_prac'
02/20/25 13:00:20: Dispatch Server: Accepted socket connection from client
02/20/25 13:00:20: Starting Socket connection
02/20/25 13:00:23: SESSION_MGR: closing session for UUID 'a7b05c0a-87da-41e8-b090-4c038d917daf' with name 'vitis-run_compile_prac'
02/20/25 13:00:23: KERNEL_SVC: closing session for UUID 'a7b05c0a-87da-41e8-b090-4c038d917daf' with name 'vitis-run_compile_prac'
02/20/25 13:00:23: GUIDANCE_SMGR: closing session for UUID 'a7b05c0a-87da-41e8-b090-4c038d917daf' with name 'vitis-run_compile_prac'
02/20/25 13:00:23: STOP_SERVER received, server token: 101745b6-ff4b-4f22-819b-3718ded9ea89, passed token: 101745b6-ff4b-4f22-819b-3718ded9ea89
02/20/25 13:00:23: Socket received request to stop server.
02/20/25 13:00:23: Dispatch Server: do_await_stop
02/20/25 13:00:23: SERVER: destructor for server bound to port 58715
02/20/25 13:00:23: Server exiting with status 0.
02/20/25 13:00:23: Closing log file.
02/20/25 13:04:23: Running xcd server. This server was NOT built by gradle, but presumably rdi.
02/20/25 13:04:23: Server was asked to start on port: '58765'
02/20/25 13:04:23: Server is using token UUID: '6abf670c-e649-4a53-86d1-520eedc649a0'
02/20/25 13:04:23: SESSION_MGR: creating session with session uuid: '6d04a3e9-ade5-4ab9-8d63-1f78fcd2ec76' and name 'default'
02/20/25 13:04:23: Attempting to start server on port '58765'
02/20/25 13:04:23: Running Dispatch Server
02/20/25 13:04:23: Version 2.2.0
02/20/25 13:04:25: Dispatch Server: Accepted socket connection from client
02/20/25 13:04:25: Starting Socket connection
02/20/25 13:04:25: EXCHANGE_TOKEN received, server token: 6abf670c-e649-4a53-86d1-520eedc649a0, passed token: 6abf670c-e649-4a53-86d1-520eedc649a0
02/20/25 13:04:25: DISPATCH_HANDLER: Adding handler from function makeHandler in library librdi_system_diagram failed with exception: Could not dynamically load librdi_system_diagram.dll
02/20/25 13:04:25: SESSION_MGR: creating session with session uuid: 'dd432365-6574-45d1-9f63-1884c1dc17eb' and name 'v++_compile_prac'
02/20/25 13:04:25: KERNEL_SVC: creating session with uuid: 'dd432365-6574-45d1-9f63-1884c1dc17eb' and name 'v++_compile_prac'
02/20/25 13:04:25: GUIDANCE_SMGR: creating guidance session with uuid: 'dd432365-6574-45d1-9f63-1884c1dc17eb' and name 'v++_compile_prac'
02/20/25 13:04:30: Dispatch Server: Accepted socket connection from client
02/20/25 13:04:30: Starting Socket connection
02/20/25 13:04:48: SESSION_MGR: closing session for UUID 'dd432365-6574-45d1-9f63-1884c1dc17eb' with name 'v++_compile_prac'
02/20/25 13:04:48: KERNEL_SVC: closing session for UUID 'dd432365-6574-45d1-9f63-1884c1dc17eb' with name 'v++_compile_prac'
02/20/25 13:04:48: GUIDANCE_SMGR: closing session for UUID 'dd432365-6574-45d1-9f63-1884c1dc17eb' with name 'v++_compile_prac'
02/20/25 13:04:48: STOP_SERVER received, server token: 6abf670c-e649-4a53-86d1-520eedc649a0, passed token: 6abf670c-e649-4a53-86d1-520eedc649a0
02/20/25 13:04:48: Socket received request to stop server.
02/20/25 13:04:48: Dispatch Server: do_await_stop
02/20/25 13:04:48: SERVER: destructor for server bound to port 58765
02/20/25 13:04:48: Server exiting with status 0.
02/20/25 13:04:48: Closing log file.
02/20/25 13:06:06: Running xcd server. This server was NOT built by gradle, but presumably rdi.
02/20/25 13:06:06: Server was asked to start on port: '61166'
02/20/25 13:06:06: Server is using token UUID: 'a96b6c12-d73a-433f-94aa-91c89f993abe'
02/20/25 13:06:06: SESSION_MGR: creating session with session uuid: '6d04a3e9-ade5-4ab9-8d63-1f78fcd2ec76' and name 'default'
02/20/25 13:06:06: Attempting to start server on port '61166'
02/20/25 13:06:06: Running Dispatch Server
02/20/25 13:06:06: Version 2.2.0
02/20/25 13:06:08: Dispatch Server: Accepted socket connection from client
02/20/25 13:06:08: Starting Socket connection
02/20/25 13:06:08: EXCHANGE_TOKEN received, server token: a96b6c12-d73a-433f-94aa-91c89f993abe, passed token: a96b6c12-d73a-433f-94aa-91c89f993abe
02/20/25 13:06:08: DISPATCH_HANDLER: Adding handler from function makeHandler in library librdi_system_diagram failed with exception: Could not dynamically load librdi_system_diagram.dll
02/20/25 13:06:08: SESSION_MGR: creating session with session uuid: '5d7b5773-2f72-46ca-bf45-43e6afde6b98' and name 'vitis-run_compile_prac'
02/20/25 13:06:08: KERNEL_SVC: creating session with uuid: '5d7b5773-2f72-46ca-bf45-43e6afde6b98' and name 'vitis-run_compile_prac'
02/20/25 13:06:08: GUIDANCE_SMGR: creating guidance session with uuid: '5d7b5773-2f72-46ca-bf45-43e6afde6b98' and name 'vitis-run_compile_prac'
02/20/25 13:06:14: Dispatch Server: Accepted socket connection from client
02/20/25 13:06:14: Starting Socket connection
02/20/25 13:06:42: SESSION_MGR: closing session for UUID '5d7b5773-2f72-46ca-bf45-43e6afde6b98' with name 'vitis-run_compile_prac'
02/20/25 13:06:42: KERNEL_SVC: closing session for UUID '5d7b5773-2f72-46ca-bf45-43e6afde6b98' with name 'vitis-run_compile_prac'
02/20/25 13:06:42: GUIDANCE_SMGR: closing session for UUID '5d7b5773-2f72-46ca-bf45-43e6afde6b98' with name 'vitis-run_compile_prac'
02/20/25 13:06:42: STOP_SERVER received, server token: a96b6c12-d73a-433f-94aa-91c89f993abe, passed token: a96b6c12-d73a-433f-94aa-91c89f993abe
02/20/25 13:06:42: Socket received request to stop server.
02/20/25 13:06:42: Dispatch Server: do_await_stop
02/20/25 13:06:42: SERVER: destructor for server bound to port 61166
02/20/25 13:06:42: Server exiting with status 0.
02/20/25 13:06:42: Closing log file.
02/24/25 13:57:01: Running xcd server. This server was NOT built by gradle, but presumably rdi.
02/24/25 13:57:01: Server was asked to start on port: '55153'
02/24/25 13:57:01: Server is using token UUID: '4f42694e-ef1f-4576-be23-15e4a19e1ed9'
02/24/25 13:57:01: SESSION_MGR: creating session with session uuid: '6d04a3e9-ade5-4ab9-8d63-1f78fcd2ec76' and name 'default'
02/24/25 13:57:01: Attempting to start server on port '55153'
02/24/25 13:57:01: Running Dispatch Server
02/24/25 13:57:01: Version 2.2.0
02/24/25 13:57:02: Dispatch Server: Accepted socket connection from client
02/24/25 13:57:02: Starting Socket connection
02/24/25 13:57:02: EXCHANGE_TOKEN received, server token: 4f42694e-ef1f-4576-be23-15e4a19e1ed9, passed token: 4f42694e-ef1f-4576-be23-15e4a19e1ed9
02/24/25 13:57:02: DISPATCH_HANDLER: Adding handler from function makeHandler in library librdi_system_diagram failed with exception: Could not dynamically load librdi_system_diagram.dll
02/24/25 13:57:02: SESSION_MGR: creating session with session uuid: 'd170421c-bd72-4381-be15-5f8594141dc5' and name 'vitis-run_compile_prac'
02/24/25 13:57:02: KERNEL_SVC: creating session with uuid: 'd170421c-bd72-4381-be15-5f8594141dc5' and name 'vitis-run_compile_prac'
02/24/25 13:57:02: GUIDANCE_SMGR: creating guidance session with uuid: 'd170421c-bd72-4381-be15-5f8594141dc5' and name 'vitis-run_compile_prac'
02/24/25 13:57:10: Dispatch Server: Accepted socket connection from client
02/24/25 13:57:10: Starting Socket connection
02/24/25 13:57:16: SESSION_MGR: closing session for UUID 'd170421c-bd72-4381-be15-5f8594141dc5' with name 'vitis-run_compile_prac'
02/24/25 13:57:16: KERNEL_SVC: closing session for UUID 'd170421c-bd72-4381-be15-5f8594141dc5' with name 'vitis-run_compile_prac'
02/24/25 13:57:16: GUIDANCE_SMGR: closing session for UUID 'd170421c-bd72-4381-be15-5f8594141dc5' with name 'vitis-run_compile_prac'
02/24/25 13:57:16: STOP_SERVER received, server token: 4f42694e-ef1f-4576-be23-15e4a19e1ed9, passed token: 4f42694e-ef1f-4576-be23-15e4a19e1ed9
02/24/25 13:57:16: Socket received request to stop server.
02/24/25 13:57:16: Dispatch Server: do_await_stop
02/24/25 13:57:16: SERVER: destructor for server bound to port 55153
02/24/25 13:57:16: Server exiting with status 0.
02/24/25 13:57:16: Closing log file.
02/24/25 13:58:18: Running xcd server. This server was NOT built by gradle, but presumably rdi.
02/24/25 13:58:18: Server was asked to start on port: '50744'
02/24/25 13:58:18: Server is using token UUID: 'cc25acdc-a2d6-4846-8385-ca3a6b9b31d3'
02/24/25 13:58:18: SESSION_MGR: creating session with session uuid: '6d04a3e9-ade5-4ab9-8d63-1f78fcd2ec76' and name 'default'
02/24/25 13:58:18: Attempting to start server on port '50744'
02/24/25 13:58:18: Running Dispatch Server
02/24/25 13:58:18: Version 2.2.0
02/24/25 13:58:19: Dispatch Server: Accepted socket connection from client
02/24/25 13:58:19: Starting Socket connection
02/24/25 13:58:19: EXCHANGE_TOKEN received, server token: cc25acdc-a2d6-4846-8385-ca3a6b9b31d3, passed token: cc25acdc-a2d6-4846-8385-ca3a6b9b31d3
02/24/25 13:58:19: DISPATCH_HANDLER: Adding handler from function makeHandler in library librdi_system_diagram failed with exception: Could not dynamically load librdi_system_diagram.dll
02/24/25 13:58:19: SESSION_MGR: creating session with session uuid: '6f7ae6ba-47be-4f9e-81a9-ac8cde936d19' and name 'vitis-run_compile_prac'
02/24/25 13:58:19: KERNEL_SVC: creating session with uuid: '6f7ae6ba-47be-4f9e-81a9-ac8cde936d19' and name 'vitis-run_compile_prac'
02/24/25 13:58:19: GUIDANCE_SMGR: creating guidance session with uuid: '6f7ae6ba-47be-4f9e-81a9-ac8cde936d19' and name 'vitis-run_compile_prac'
02/24/25 13:58:24: Dispatch Server: Accepted socket connection from client
02/24/25 13:58:24: Starting Socket connection
02/24/25 13:58:29: SESSION_MGR: closing session for UUID '6f7ae6ba-47be-4f9e-81a9-ac8cde936d19' with name 'vitis-run_compile_prac'
02/24/25 13:58:29: KERNEL_SVC: closing session for UUID '6f7ae6ba-47be-4f9e-81a9-ac8cde936d19' with name 'vitis-run_compile_prac'
02/24/25 13:58:29: GUIDANCE_SMGR: closing session for UUID '6f7ae6ba-47be-4f9e-81a9-ac8cde936d19' with name 'vitis-run_compile_prac'
02/24/25 13:58:29: STOP_SERVER received, server token: cc25acdc-a2d6-4846-8385-ca3a6b9b31d3, passed token: cc25acdc-a2d6-4846-8385-ca3a6b9b31d3
02/24/25 13:58:29: Socket received request to stop server.
02/24/25 13:58:29: Dispatch Server: do_await_stop
02/24/25 13:58:29: SERVER: destructor for server bound to port 50744
02/24/25 13:58:29: Server exiting with status 0.
02/24/25 13:58:29: Closing log file.
02/24/25 13:58:45: Running xcd server. This server was NOT built by gradle, but presumably rdi.
02/24/25 13:58:45: Server was asked to start on port: '50750'
02/24/25 13:58:45: Server is using token UUID: '026a7eab-b86e-42a5-b8b7-07212095f45e'
02/24/25 13:58:45: SESSION_MGR: creating session with session uuid: '6d04a3e9-ade5-4ab9-8d63-1f78fcd2ec76' and name 'default'
02/24/25 13:58:45: Attempting to start server on port '50750'
02/24/25 13:58:45: Running Dispatch Server
02/24/25 13:58:45: Version 2.2.0
02/24/25 13:58:46: Dispatch Server: Accepted socket connection from client
02/24/25 13:58:46: Starting Socket connection
02/24/25 13:58:46: EXCHANGE_TOKEN received, server token: 026a7eab-b86e-42a5-b8b7-07212095f45e, passed token: 026a7eab-b86e-42a5-b8b7-07212095f45e
02/24/25 13:58:46: DISPATCH_HANDLER: Adding handler from function makeHandler in library librdi_system_diagram failed with exception: Could not dynamically load librdi_system_diagram.dll
02/24/25 13:58:46: SESSION_MGR: creating session with session uuid: '58feaf18-2aa8-4b75-a541-a91580a21204' and name 'vitis-run_compile_prac'
02/24/25 13:58:46: KERNEL_SVC: creating session with uuid: '58feaf18-2aa8-4b75-a541-a91580a21204' and name 'vitis-run_compile_prac'
02/24/25 13:58:46: GUIDANCE_SMGR: creating guidance session with uuid: '58feaf18-2aa8-4b75-a541-a91580a21204' and name 'vitis-run_compile_prac'
02/24/25 13:58:52: Dispatch Server: Accepted socket connection from client
02/24/25 13:58:52: Starting Socket connection
02/24/25 13:58:55: SESSION_MGR: closing session for UUID '58feaf18-2aa8-4b75-a541-a91580a21204' with name 'vitis-run_compile_prac'
02/24/25 13:58:55: KERNEL_SVC: closing session for UUID '58feaf18-2aa8-4b75-a541-a91580a21204' with name 'vitis-run_compile_prac'
02/24/25 13:58:55: GUIDANCE_SMGR: closing session for UUID '58feaf18-2aa8-4b75-a541-a91580a21204' with name 'vitis-run_compile_prac'
02/24/25 13:58:55: STOP_SERVER received, server token: 026a7eab-b86e-42a5-b8b7-07212095f45e, passed token: 026a7eab-b86e-42a5-b8b7-07212095f45e
02/24/25 13:58:55: Socket received request to stop server.
02/24/25 13:58:55: Dispatch Server: do_await_stop
02/24/25 13:58:55: SERVER: destructor for server bound to port 50750
02/24/25 13:58:55: Server exiting with status 0.
02/24/25 13:58:55: Closing log file.
02/24/25 13:59:29: Running xcd server. This server was NOT built by gradle, but presumably rdi.
02/24/25 13:59:29: Server was asked to start on port: '50771'
02/24/25 13:59:29: Server is using token UUID: '548479bf-5f80-41df-8a27-91fa2eba402a'
02/24/25 13:59:29: SESSION_MGR: creating session with session uuid: '6d04a3e9-ade5-4ab9-8d63-1f78fcd2ec76' and name 'default'
02/24/25 13:59:29: Attempting to start server on port '50771'
02/24/25 13:59:29: Running Dispatch Server
02/24/25 13:59:29: Version 2.2.0
02/24/25 13:59:31: Dispatch Server: Accepted socket connection from client
02/24/25 13:59:31: Starting Socket connection
02/24/25 13:59:31: EXCHANGE_TOKEN received, server token: 548479bf-5f80-41df-8a27-91fa2eba402a, passed token: 548479bf-5f80-41df-8a27-91fa2eba402a
02/24/25 13:59:31: DISPATCH_HANDLER: Adding handler from function makeHandler in library librdi_system_diagram failed with exception: Could not dynamically load librdi_system_diagram.dll
02/24/25 13:59:31: SESSION_MGR: creating session with session uuid: '187e0d00-a2e2-4ba5-ac67-00d9374b0d51' and name 'vitis-run_compile_prac'
02/24/25 13:59:31: KERNEL_SVC: creating session with uuid: '187e0d00-a2e2-4ba5-ac67-00d9374b0d51' and name 'vitis-run_compile_prac'
02/24/25 13:59:31: GUIDANCE_SMGR: creating guidance session with uuid: '187e0d00-a2e2-4ba5-ac67-00d9374b0d51' and name 'vitis-run_compile_prac'
02/24/25 13:59:36: Dispatch Server: Accepted socket connection from client
02/24/25 13:59:36: Starting Socket connection
02/24/25 13:59:39: SESSION_MGR: closing session for UUID '187e0d00-a2e2-4ba5-ac67-00d9374b0d51' with name 'vitis-run_compile_prac'
02/24/25 13:59:39: KERNEL_SVC: closing session for UUID '187e0d00-a2e2-4ba5-ac67-00d9374b0d51' with name 'vitis-run_compile_prac'
02/24/25 13:59:39: GUIDANCE_SMGR: closing session for UUID '187e0d00-a2e2-4ba5-ac67-00d9374b0d51' with name 'vitis-run_compile_prac'
02/24/25 13:59:39: STOP_SERVER received, server token: 548479bf-5f80-41df-8a27-91fa2eba402a, passed token: 548479bf-5f80-41df-8a27-91fa2eba402a
02/24/25 13:59:39: Socket received request to stop server.
02/24/25 13:59:39: Dispatch Server: do_await_stop
02/24/25 13:59:39: SERVER: destructor for server bound to port 50771
02/24/25 13:59:39: Server exiting with status 0.
02/24/25 13:59:39: Closing log file.
02/24/25 14:01:24: Running xcd server. This server was NOT built by gradle, but presumably rdi.
02/24/25 14:01:24: Server was asked to start on port: '50788'
02/24/25 14:01:24: Server is using token UUID: '274fafc6-e5da-4383-9dbe-b6714c812f00'
02/24/25 14:01:24: SESSION_MGR: creating session with session uuid: '6d04a3e9-ade5-4ab9-8d63-1f78fcd2ec76' and name 'default'
02/24/25 14:01:24: Attempting to start server on port '50788'
02/24/25 14:01:24: Running Dispatch Server
02/24/25 14:01:24: Version 2.2.0
02/24/25 14:01:25: Dispatch Server: Accepted socket connection from client
02/24/25 14:01:25: Starting Socket connection
02/24/25 14:01:25: EXCHANGE_TOKEN received, server token: 274fafc6-e5da-4383-9dbe-b6714c812f00, passed token: 274fafc6-e5da-4383-9dbe-b6714c812f00
02/24/25 14:01:25: DISPATCH_HANDLER: Adding handler from function makeHandler in library librdi_system_diagram failed with exception: Could not dynamically load librdi_system_diagram.dll
02/24/25 14:01:25: SESSION_MGR: creating session with session uuid: 'e7c71e50-82de-410f-8deb-8f720b86424b' and name 'vitis-run_compile_prac'
02/24/25 14:01:25: KERNEL_SVC: creating session with uuid: 'e7c71e50-82de-410f-8deb-8f720b86424b' and name 'vitis-run_compile_prac'
02/24/25 14:01:25: GUIDANCE_SMGR: creating guidance session with uuid: 'e7c71e50-82de-410f-8deb-8f720b86424b' and name 'vitis-run_compile_prac'
02/24/25 14:01:31: Dispatch Server: Accepted socket connection from client
02/24/25 14:01:31: Starting Socket connection
02/24/25 14:01:33: SESSION_MGR: closing session for UUID 'e7c71e50-82de-410f-8deb-8f720b86424b' with name 'vitis-run_compile_prac'
02/24/25 14:01:33: KERNEL_SVC: closing session for UUID 'e7c71e50-82de-410f-8deb-8f720b86424b' with name 'vitis-run_compile_prac'
02/24/25 14:01:33: GUIDANCE_SMGR: closing session for UUID 'e7c71e50-82de-410f-8deb-8f720b86424b' with name 'vitis-run_compile_prac'
02/24/25 14:01:33: STOP_SERVER received, server token: 274fafc6-e5da-4383-9dbe-b6714c812f00, passed token: 274fafc6-e5da-4383-9dbe-b6714c812f00
02/24/25 14:01:33: Socket received request to stop server.
02/24/25 14:01:33: Dispatch Server: do_await_stop
02/24/25 14:01:33: SERVER: destructor for server bound to port 50788
02/24/25 14:01:33: Server exiting with status 0.
02/24/25 14:01:33: Closing log file.
02/24/25 14:03:56: Running xcd server. This server was NOT built by gradle, but presumably rdi.
02/24/25 14:03:56: Server was asked to start on port: '50841'
02/24/25 14:03:56: Server is using token UUID: '9e06fdde-1365-4545-9fbd-fc811a114670'
02/24/25 14:03:56: SESSION_MGR: creating session with session uuid: '6d04a3e9-ade5-4ab9-8d63-1f78fcd2ec76' and name 'default'
02/24/25 14:03:56: Attempting to start server on port '50841'
02/24/25 14:03:56: Running Dispatch Server
02/24/25 14:03:56: Version 2.2.0
02/24/25 14:03:57: Dispatch Server: Accepted socket connection from client
02/24/25 14:03:57: Starting Socket connection
02/24/25 14:03:57: EXCHANGE_TOKEN received, server token: 9e06fdde-1365-4545-9fbd-fc811a114670, passed token: 9e06fdde-1365-4545-9fbd-fc811a114670
02/24/25 14:03:57: DISPATCH_HANDLER: Adding handler from function makeHandler in library librdi_system_diagram failed with exception: Could not dynamically load librdi_system_diagram.dll
02/24/25 14:03:57: SESSION_MGR: creating session with session uuid: 'fb3b5652-7248-43c9-a41b-70f08a56401a' and name 'vitis-run_compile_prac'
02/24/25 14:03:57: KERNEL_SVC: creating session with uuid: 'fb3b5652-7248-43c9-a41b-70f08a56401a' and name 'vitis-run_compile_prac'
02/24/25 14:03:57: GUIDANCE_SMGR: creating guidance session with uuid: 'fb3b5652-7248-43c9-a41b-70f08a56401a' and name 'vitis-run_compile_prac'
02/24/25 14:04:03: Dispatch Server: Accepted socket connection from client
02/24/25 14:04:03: Starting Socket connection
02/24/25 14:04:05: SESSION_MGR: closing session for UUID 'fb3b5652-7248-43c9-a41b-70f08a56401a' with name 'vitis-run_compile_prac'
02/24/25 14:04:05: KERNEL_SVC: closing session for UUID 'fb3b5652-7248-43c9-a41b-70f08a56401a' with name 'vitis-run_compile_prac'
02/24/25 14:04:05: GUIDANCE_SMGR: closing session for UUID 'fb3b5652-7248-43c9-a41b-70f08a56401a' with name 'vitis-run_compile_prac'
02/24/25 14:04:05: STOP_SERVER received, server token: 9e06fdde-1365-4545-9fbd-fc811a114670, passed token: 9e06fdde-1365-4545-9fbd-fc811a114670
02/24/25 14:04:05: Socket received request to stop server.
02/24/25 14:04:05: Dispatch Server: do_await_stop
02/24/25 14:04:05: SERVER: destructor for server bound to port 50841
02/24/25 14:04:05: Server exiting with status 0.
02/24/25 14:04:05: Closing log file.
02/24/25 14:06:57: Running xcd server. This server was NOT built by gradle, but presumably rdi.
02/24/25 14:06:57: Server was asked to start on port: '50861'
02/24/25 14:06:57: Server is using token UUID: 'ab21c52c-6eb3-47f5-ba54-62b03cf44423'
02/24/25 14:06:57: SESSION_MGR: creating session with session uuid: '6d04a3e9-ade5-4ab9-8d63-1f78fcd2ec76' and name 'default'
02/24/25 14:06:57: Attempting to start server on port '50861'
02/24/25 14:06:57: Running Dispatch Server
02/24/25 14:06:57: Version 2.2.0
02/24/25 14:06:59: Dispatch Server: Accepted socket connection from client
02/24/25 14:06:59: Starting Socket connection
02/24/25 14:06:59: EXCHANGE_TOKEN received, server token: ab21c52c-6eb3-47f5-ba54-62b03cf44423, passed token: ab21c52c-6eb3-47f5-ba54-62b03cf44423
02/24/25 14:06:59: DISPATCH_HANDLER: Adding handler from function makeHandler in library librdi_system_diagram failed with exception: Could not dynamically load librdi_system_diagram.dll
02/24/25 14:06:59: SESSION_MGR: creating session with session uuid: '0c5601db-ee7c-4812-8ae1-75111617c679' and name 'vitis-run_compile_prac'
02/24/25 14:06:59: KERNEL_SVC: creating session with uuid: '0c5601db-ee7c-4812-8ae1-75111617c679' and name 'vitis-run_compile_prac'
02/24/25 14:06:59: GUIDANCE_SMGR: creating guidance session with uuid: '0c5601db-ee7c-4812-8ae1-75111617c679' and name 'vitis-run_compile_prac'
02/24/25 14:07:04: Dispatch Server: Accepted socket connection from client
02/24/25 14:07:04: Starting Socket connection
02/24/25 14:07:06: SESSION_MGR: closing session for UUID '0c5601db-ee7c-4812-8ae1-75111617c679' with name 'vitis-run_compile_prac'
02/24/25 14:07:06: KERNEL_SVC: closing session for UUID '0c5601db-ee7c-4812-8ae1-75111617c679' with name 'vitis-run_compile_prac'
02/24/25 14:07:06: GUIDANCE_SMGR: closing session for UUID '0c5601db-ee7c-4812-8ae1-75111617c679' with name 'vitis-run_compile_prac'
02/24/25 14:07:06: STOP_SERVER received, server token: ab21c52c-6eb3-47f5-ba54-62b03cf44423, passed token: ab21c52c-6eb3-47f5-ba54-62b03cf44423
02/24/25 14:07:06: Socket received request to stop server.
02/24/25 14:07:06: Dispatch Server: do_await_stop
02/24/25 14:07:06: SERVER: destructor for server bound to port 50861
02/24/25 14:07:06: Server exiting with status 0.
02/24/25 14:07:06: Closing log file.
02/24/25 14:07:19: Running xcd server. This server was NOT built by gradle, but presumably rdi.
02/24/25 14:07:19: Server was asked to start on port: '50865'
02/24/25 14:07:19: Server is using token UUID: 'b662f944-6016-422e-bac4-bd9ec72b6825'
02/24/25 14:07:19: SESSION_MGR: creating session with session uuid: '6d04a3e9-ade5-4ab9-8d63-1f78fcd2ec76' and name 'default'
02/24/25 14:07:19: Attempting to start server on port '50865'
02/24/25 14:07:19: Running Dispatch Server
02/24/25 14:07:19: Version 2.2.0
02/24/25 14:07:21: Dispatch Server: Accepted socket connection from client
02/24/25 14:07:21: Starting Socket connection
02/24/25 14:07:21: EXCHANGE_TOKEN received, server token: b662f944-6016-422e-bac4-bd9ec72b6825, passed token: b662f944-6016-422e-bac4-bd9ec72b6825
02/24/25 14:07:21: DISPATCH_HANDLER: Adding handler from function makeHandler in library librdi_system_diagram failed with exception: Could not dynamically load librdi_system_diagram.dll
02/24/25 14:07:21: SESSION_MGR: creating session with session uuid: 'f9da658f-652e-4305-913c-71155861e246' and name 'vitis-run_compile_prac'
02/24/25 14:07:21: KERNEL_SVC: creating session with uuid: 'f9da658f-652e-4305-913c-71155861e246' and name 'vitis-run_compile_prac'
02/24/25 14:07:21: GUIDANCE_SMGR: creating guidance session with uuid: 'f9da658f-652e-4305-913c-71155861e246' and name 'vitis-run_compile_prac'
02/24/25 14:07:26: Dispatch Server: Accepted socket connection from client
02/24/25 14:07:26: Starting Socket connection
02/24/25 14:07:28: SESSION_MGR: closing session for UUID 'f9da658f-652e-4305-913c-71155861e246' with name 'vitis-run_compile_prac'
02/24/25 14:07:28: KERNEL_SVC: closing session for UUID 'f9da658f-652e-4305-913c-71155861e246' with name 'vitis-run_compile_prac'
02/24/25 14:07:28: GUIDANCE_SMGR: closing session for UUID 'f9da658f-652e-4305-913c-71155861e246' with name 'vitis-run_compile_prac'
02/24/25 14:07:28: STOP_SERVER received, server token: b662f944-6016-422e-bac4-bd9ec72b6825, passed token: b662f944-6016-422e-bac4-bd9ec72b6825
02/24/25 14:07:28: Socket received request to stop server.
02/24/25 14:07:28: Dispatch Server: do_await_stop
02/24/25 14:07:28: SERVER: destructor for server bound to port 50865
02/24/25 14:07:28: Server exiting with status 0.
02/24/25 14:07:28: Closing log file.
02/24/25 14:08:48: Running xcd server. This server was NOT built by gradle, but presumably rdi.
02/24/25 14:08:48: Server was asked to start on port: '50875'
02/24/25 14:08:48: Server is using token UUID: '365a80bc-ab65-4d1d-b6d5-3ab793adc23d'
02/24/25 14:08:48: SESSION_MGR: creating session with session uuid: '6d04a3e9-ade5-4ab9-8d63-1f78fcd2ec76' and name 'default'
02/24/25 14:08:48: Attempting to start server on port '50875'
02/24/25 14:08:48: Running Dispatch Server
02/24/25 14:08:48: Version 2.2.0
02/24/25 14:08:50: Dispatch Server: Accepted socket connection from client
02/24/25 14:08:50: Starting Socket connection
02/24/25 14:08:50: EXCHANGE_TOKEN received, server token: 365a80bc-ab65-4d1d-b6d5-3ab793adc23d, passed token: 365a80bc-ab65-4d1d-b6d5-3ab793adc23d
02/24/25 14:08:50: DISPATCH_HANDLER: Adding handler from function makeHandler in library librdi_system_diagram failed with exception: Could not dynamically load librdi_system_diagram.dll
02/24/25 14:08:50: SESSION_MGR: creating session with session uuid: '2d5c031d-1aec-4344-bfe9-06f72f4522a3' and name 'vitis-run_compile_prac'
02/24/25 14:08:50: KERNEL_SVC: creating session with uuid: '2d5c031d-1aec-4344-bfe9-06f72f4522a3' and name 'vitis-run_compile_prac'
02/24/25 14:08:50: GUIDANCE_SMGR: creating guidance session with uuid: '2d5c031d-1aec-4344-bfe9-06f72f4522a3' and name 'vitis-run_compile_prac'
02/24/25 14:08:55: Dispatch Server: Accepted socket connection from client
02/24/25 14:08:55: Starting Socket connection
02/24/25 14:08:59: SESSION_MGR: closing session for UUID '2d5c031d-1aec-4344-bfe9-06f72f4522a3' with name 'vitis-run_compile_prac'
02/24/25 14:08:59: KERNEL_SVC: closing session for UUID '2d5c031d-1aec-4344-bfe9-06f72f4522a3' with name 'vitis-run_compile_prac'
02/24/25 14:08:59: GUIDANCE_SMGR: closing session for UUID '2d5c031d-1aec-4344-bfe9-06f72f4522a3' with name 'vitis-run_compile_prac'
02/24/25 14:08:59: STOP_SERVER received, server token: 365a80bc-ab65-4d1d-b6d5-3ab793adc23d, passed token: 365a80bc-ab65-4d1d-b6d5-3ab793adc23d
02/24/25 14:08:59: Socket received request to stop server.
02/24/25 14:08:59: Dispatch Server: do_await_stop
02/24/25 14:08:59: SERVER: destructor for server bound to port 50875
02/24/25 14:08:59: Server exiting with status 0.
02/24/25 14:08:59: Closing log file.
02/24/25 14:09:34: Running xcd server. This server was NOT built by gradle, but presumably rdi.
02/24/25 14:09:34: Server was asked to start on port: '50880'
02/24/25 14:09:34: Server is using token UUID: '7cc084a6-eda6-429e-b7e1-45df8a1d4e66'
02/24/25 14:09:34: SESSION_MGR: creating session with session uuid: '6d04a3e9-ade5-4ab9-8d63-1f78fcd2ec76' and name 'default'
02/24/25 14:09:34: Attempting to start server on port '50880'
02/24/25 14:09:34: Running Dispatch Server
02/24/25 14:09:34: Version 2.2.0
02/24/25 14:09:36: Dispatch Server: Accepted socket connection from client
02/24/25 14:09:36: Starting Socket connection
02/24/25 14:09:36: EXCHANGE_TOKEN received, server token: 7cc084a6-eda6-429e-b7e1-45df8a1d4e66, passed token: 7cc084a6-eda6-429e-b7e1-45df8a1d4e66
02/24/25 14:09:36: DISPATCH_HANDLER: Adding handler from function makeHandler in library librdi_system_diagram failed with exception: Could not dynamically load librdi_system_diagram.dll
02/24/25 14:09:36: SESSION_MGR: creating session with session uuid: '7c12fb68-9e9b-400e-be80-ccd5e0d4ad76' and name 'vitis-run_compile_prac'
02/24/25 14:09:36: KERNEL_SVC: creating session with uuid: '7c12fb68-9e9b-400e-be80-ccd5e0d4ad76' and name 'vitis-run_compile_prac'
02/24/25 14:09:36: GUIDANCE_SMGR: creating guidance session with uuid: '7c12fb68-9e9b-400e-be80-ccd5e0d4ad76' and name 'vitis-run_compile_prac'
02/24/25 14:09:41: Dispatch Server: Accepted socket connection from client
02/24/25 14:09:41: Starting Socket connection
02/24/25 14:09:44: SESSION_MGR: closing session for UUID '7c12fb68-9e9b-400e-be80-ccd5e0d4ad76' with name 'vitis-run_compile_prac'
02/24/25 14:09:44: KERNEL_SVC: closing session for UUID '7c12fb68-9e9b-400e-be80-ccd5e0d4ad76' with name 'vitis-run_compile_prac'
02/24/25 14:09:44: GUIDANCE_SMGR: closing session for UUID '7c12fb68-9e9b-400e-be80-ccd5e0d4ad76' with name 'vitis-run_compile_prac'
02/24/25 14:09:44: STOP_SERVER received, server token: 7cc084a6-eda6-429e-b7e1-45df8a1d4e66, passed token: 7cc084a6-eda6-429e-b7e1-45df8a1d4e66
02/24/25 14:09:44: Socket received request to stop server.
02/24/25 14:09:44: Dispatch Server: do_await_stop
02/24/25 14:09:44: SERVER: destructor for server bound to port 50880
02/24/25 14:09:44: Server exiting with status 0.
02/24/25 14:09:44: Closing log file.
02/24/25 14:10:09: Running xcd server. This server was NOT built by gradle, but presumably rdi.
02/24/25 14:10:09: Server was asked to start on port: '50887'
02/24/25 14:10:09: Server is using token UUID: 'ec32c030-7f06-48ca-a28e-ca67c5f6a961'
02/24/25 14:10:09: SESSION_MGR: creating session with session uuid: '6d04a3e9-ade5-4ab9-8d63-1f78fcd2ec76' and name 'default'
02/24/25 14:10:09: Attempting to start server on port '50887'
02/24/25 14:10:09: Running Dispatch Server
02/24/25 14:10:09: Version 2.2.0
02/24/25 14:10:11: Dispatch Server: Accepted socket connection from client
02/24/25 14:10:11: Starting Socket connection
02/24/25 14:10:11: EXCHANGE_TOKEN received, server token: ec32c030-7f06-48ca-a28e-ca67c5f6a961, passed token: ec32c030-7f06-48ca-a28e-ca67c5f6a961
02/24/25 14:10:11: DISPATCH_HANDLER: Adding handler from function makeHandler in library librdi_system_diagram failed with exception: Could not dynamically load librdi_system_diagram.dll
02/24/25 14:10:11: SESSION_MGR: creating session with session uuid: 'b0e8d156-ef5b-40dd-a033-4bdfc3e8e0eb' and name 'vitis-run_compile_prac'
02/24/25 14:10:11: KERNEL_SVC: creating session with uuid: 'b0e8d156-ef5b-40dd-a033-4bdfc3e8e0eb' and name 'vitis-run_compile_prac'
02/24/25 14:10:11: GUIDANCE_SMGR: creating guidance session with uuid: 'b0e8d156-ef5b-40dd-a033-4bdfc3e8e0eb' and name 'vitis-run_compile_prac'
02/24/25 14:10:16: Dispatch Server: Accepted socket connection from client
02/24/25 14:10:16: Starting Socket connection
02/24/25 14:10:19: SESSION_MGR: closing session for UUID 'b0e8d156-ef5b-40dd-a033-4bdfc3e8e0eb' with name 'vitis-run_compile_prac'
02/24/25 14:10:19: KERNEL_SVC: closing session for UUID 'b0e8d156-ef5b-40dd-a033-4bdfc3e8e0eb' with name 'vitis-run_compile_prac'
02/24/25 14:10:19: GUIDANCE_SMGR: closing session for UUID 'b0e8d156-ef5b-40dd-a033-4bdfc3e8e0eb' with name 'vitis-run_compile_prac'
02/24/25 14:10:19: STOP_SERVER received, server token: ec32c030-7f06-48ca-a28e-ca67c5f6a961, passed token: ec32c030-7f06-48ca-a28e-ca67c5f6a961
02/24/25 14:10:19: Socket received request to stop server.
02/24/25 14:10:19: Dispatch Server: do_await_stop
02/24/25 14:10:19: SERVER: destructor for server bound to port 50887
02/24/25 14:10:19: Server exiting with status 0.
02/24/25 14:10:19: Closing log file.
02/24/25 14:10:27: Running xcd server. This server was NOT built by gradle, but presumably rdi.
02/24/25 14:10:27: Server was asked to start on port: '50891'
02/24/25 14:10:27: Server is using token UUID: '5841e86f-41d7-4277-b7c9-18ec0d4b0c76'
02/24/25 14:10:27: SESSION_MGR: creating session with session uuid: '6d04a3e9-ade5-4ab9-8d63-1f78fcd2ec76' and name 'default'
02/24/25 14:10:27: Attempting to start server on port '50891'
02/24/25 14:10:27: Running Dispatch Server
02/24/25 14:10:27: Version 2.2.0
02/24/25 14:10:28: Dispatch Server: Accepted socket connection from client
02/24/25 14:10:28: Starting Socket connection
02/24/25 14:10:28: EXCHANGE_TOKEN received, server token: 5841e86f-41d7-4277-b7c9-18ec0d4b0c76, passed token: 5841e86f-41d7-4277-b7c9-18ec0d4b0c76
02/24/25 14:10:28: DISPATCH_HANDLER: Adding handler from function makeHandler in library librdi_system_diagram failed with exception: Could not dynamically load librdi_system_diagram.dll
02/24/25 14:10:28: SESSION_MGR: creating session with session uuid: 'fcc0ce27-c7ee-48ef-a87c-422e34c1c184' and name 'v++_compile_prac'
02/24/25 14:10:28: KERNEL_SVC: creating session with uuid: 'fcc0ce27-c7ee-48ef-a87c-422e34c1c184' and name 'v++_compile_prac'
02/24/25 14:10:28: GUIDANCE_SMGR: creating guidance session with uuid: 'fcc0ce27-c7ee-48ef-a87c-422e34c1c184' and name 'v++_compile_prac'
02/24/25 14:10:34: Dispatch Server: Accepted socket connection from client
02/24/25 14:10:34: Starting Socket connection
02/24/25 14:10:51: SESSION_MGR: closing session for UUID 'fcc0ce27-c7ee-48ef-a87c-422e34c1c184' with name 'v++_compile_prac'
02/24/25 14:10:51: KERNEL_SVC: closing session for UUID 'fcc0ce27-c7ee-48ef-a87c-422e34c1c184' with name 'v++_compile_prac'
02/24/25 14:10:51: GUIDANCE_SMGR: closing session for UUID 'fcc0ce27-c7ee-48ef-a87c-422e34c1c184' with name 'v++_compile_prac'
02/24/25 14:10:51: STOP_SERVER received, server token: 5841e86f-41d7-4277-b7c9-18ec0d4b0c76, passed token: 5841e86f-41d7-4277-b7c9-18ec0d4b0c76
02/24/25 14:10:51: Socket received request to stop server.
02/24/25 14:10:51: Dispatch Server: do_await_stop
02/24/25 14:10:51: SERVER: destructor for server bound to port 50891
02/24/25 14:10:51: Server exiting with status 0.
02/24/25 14:10:51: Closing log file.
02/24/25 14:11:08: Running xcd server. This server was NOT built by gradle, but presumably rdi.
02/24/25 14:11:08: Server was asked to start on port: '50894'
02/24/25 14:11:08: Server is using token UUID: 'c72fa29b-93bb-438a-927b-1c43b86e4d2f'
02/24/25 14:11:08: SESSION_MGR: creating session with session uuid: '6d04a3e9-ade5-4ab9-8d63-1f78fcd2ec76' and name 'default'
02/24/25 14:11:08: Attempting to start server on port '50894'
02/24/25 14:11:08: Running Dispatch Server
02/24/25 14:11:08: Version 2.2.0
02/24/25 14:11:09: Dispatch Server: Accepted socket connection from client
02/24/25 14:11:09: Starting Socket connection
02/24/25 14:11:10: EXCHANGE_TOKEN received, server token: c72fa29b-93bb-438a-927b-1c43b86e4d2f, passed token: c72fa29b-93bb-438a-927b-1c43b86e4d2f
02/24/25 14:11:10: DISPATCH_HANDLER: Adding handler from function makeHandler in library librdi_system_diagram failed with exception: Could not dynamically load librdi_system_diagram.dll
02/24/25 14:11:10: SESSION_MGR: creating session with session uuid: 'f1386cc0-219a-42a8-846e-1d6b96d96ba7' and name 'vitis-run_compile_prac'
02/24/25 14:11:10: KERNEL_SVC: creating session with uuid: 'f1386cc0-219a-42a8-846e-1d6b96d96ba7' and name 'vitis-run_compile_prac'
02/24/25 14:11:10: GUIDANCE_SMGR: creating guidance session with uuid: 'f1386cc0-219a-42a8-846e-1d6b96d96ba7' and name 'vitis-run_compile_prac'
02/24/25 14:11:15: Dispatch Server: Accepted socket connection from client
02/24/25 14:11:15: Starting Socket connection
02/24/25 14:11:27: SESSION_MGR: closing session for UUID 'f1386cc0-219a-42a8-846e-1d6b96d96ba7' with name 'vitis-run_compile_prac'
02/24/25 14:11:27: KERNEL_SVC: closing session for UUID 'f1386cc0-219a-42a8-846e-1d6b96d96ba7' with name 'vitis-run_compile_prac'
02/24/25 14:11:27: GUIDANCE_SMGR: closing session for UUID 'f1386cc0-219a-42a8-846e-1d6b96d96ba7' with name 'vitis-run_compile_prac'
02/24/25 14:11:27: STOP_SERVER received, server token: c72fa29b-93bb-438a-927b-1c43b86e4d2f, passed token: c72fa29b-93bb-438a-927b-1c43b86e4d2f
02/24/25 14:11:27: Socket received request to stop server.
02/24/25 14:11:27: Dispatch Server: do_await_stop
02/24/25 14:11:27: SERVER: destructor for server bound to port 50894
02/24/25 14:11:27: Server exiting with status 0.
02/24/25 14:11:27: Closing log file.
02/24/25 14:12:55: Running xcd server. This server was NOT built by gradle, but presumably rdi.
02/24/25 14:12:55: Server was asked to start on port: '50923'
02/24/25 14:12:55: Server is using token UUID: '428896fc-969f-481e-891c-8a89500e5406'
02/24/25 14:12:55: SESSION_MGR: creating session with session uuid: '6d04a3e9-ade5-4ab9-8d63-1f78fcd2ec76' and name 'default'
02/24/25 14:12:55: Attempting to start server on port '50923'
02/24/25 14:12:55: Running Dispatch Server
02/24/25 14:12:55: Version 2.2.0
02/24/25 14:12:57: Dispatch Server: Accepted socket connection from client
02/24/25 14:12:57: Starting Socket connection
02/24/25 14:12:57: EXCHANGE_TOKEN received, server token: 428896fc-969f-481e-891c-8a89500e5406, passed token: 428896fc-969f-481e-891c-8a89500e5406
02/24/25 14:12:57: DISPATCH_HANDLER: Adding handler from function makeHandler in library librdi_system_diagram failed with exception: Could not dynamically load librdi_system_diagram.dll
02/24/25 14:12:57: SESSION_MGR: creating session with session uuid: '5ccf4358-bd30-4fc5-a695-153df991f0eb' and name 'vitis-run_compile_prac'
02/24/25 14:12:57: KERNEL_SVC: creating session with uuid: '5ccf4358-bd30-4fc5-a695-153df991f0eb' and name 'vitis-run_compile_prac'
02/24/25 14:12:57: GUIDANCE_SMGR: creating guidance session with uuid: '5ccf4358-bd30-4fc5-a695-153df991f0eb' and name 'vitis-run_compile_prac'
02/24/25 14:13:02: Dispatch Server: Accepted socket connection from client
02/24/25 14:13:02: Starting Socket connection
02/24/25 14:13:31: SESSION_MGR: closing session for UUID '5ccf4358-bd30-4fc5-a695-153df991f0eb' with name 'vitis-run_compile_prac'
02/24/25 14:13:31: KERNEL_SVC: closing session for UUID '5ccf4358-bd30-4fc5-a695-153df991f0eb' with name 'vitis-run_compile_prac'
02/24/25 14:13:31: GUIDANCE_SMGR: closing session for UUID '5ccf4358-bd30-4fc5-a695-153df991f0eb' with name 'vitis-run_compile_prac'
02/24/25 14:13:31: STOP_SERVER received, server token: 428896fc-969f-481e-891c-8a89500e5406, passed token: 428896fc-969f-481e-891c-8a89500e5406
02/24/25 14:13:31: Socket received request to stop server.
02/24/25 14:13:31: Dispatch Server: do_await_stop
02/24/25 14:13:31: SERVER: destructor for server bound to port 50923
02/24/25 14:13:31: Server exiting with status 0.
02/24/25 14:13:31: Closing log file.
02/24/25 14:23:05: Running xcd server. This server was NOT built by gradle, but presumably rdi.
02/24/25 14:23:05: Server was asked to start on port: '51076'
02/24/25 14:23:05: Server is using token UUID: '2c2d4997-2644-48c1-b3cc-61dfb3fe3c62'
02/24/25 14:23:05: SESSION_MGR: creating session with session uuid: '6d04a3e9-ade5-4ab9-8d63-1f78fcd2ec76' and name 'default'
02/24/25 14:23:05: Attempting to start server on port '51076'
02/24/25 14:23:05: Running Dispatch Server
02/24/25 14:23:05: Version 2.2.0
02/24/25 14:23:07: Dispatch Server: Accepted socket connection from client
02/24/25 14:23:07: Starting Socket connection
02/24/25 14:23:07: EXCHANGE_TOKEN received, server token: 2c2d4997-2644-48c1-b3cc-61dfb3fe3c62, passed token: 2c2d4997-2644-48c1-b3cc-61dfb3fe3c62
02/24/25 14:23:07: DISPATCH_HANDLER: Adding handler from function makeHandler in library librdi_system_diagram failed with exception: Could not dynamically load librdi_system_diagram.dll
02/24/25 14:23:07: SESSION_MGR: creating session with session uuid: '4a206d41-c2eb-4300-9280-61ebe26c65f0' and name 'vitis-run_compile_prac'
02/24/25 14:23:07: KERNEL_SVC: creating session with uuid: '4a206d41-c2eb-4300-9280-61ebe26c65f0' and name 'vitis-run_compile_prac'
02/24/25 14:23:07: GUIDANCE_SMGR: creating guidance session with uuid: '4a206d41-c2eb-4300-9280-61ebe26c65f0' and name 'vitis-run_compile_prac'
02/24/25 14:23:12: Dispatch Server: Accepted socket connection from client
02/24/25 14:23:12: Starting Socket connection
02/24/25 14:23:17: SESSION_MGR: closing session for UUID '4a206d41-c2eb-4300-9280-61ebe26c65f0' with name 'vitis-run_compile_prac'
02/24/25 14:23:17: KERNEL_SVC: closing session for UUID '4a206d41-c2eb-4300-9280-61ebe26c65f0' with name 'vitis-run_compile_prac'
02/24/25 14:23:17: GUIDANCE_SMGR: closing session for UUID '4a206d41-c2eb-4300-9280-61ebe26c65f0' with name 'vitis-run_compile_prac'
02/24/25 14:23:17: STOP_SERVER received, server token: 2c2d4997-2644-48c1-b3cc-61dfb3fe3c62, passed token: 2c2d4997-2644-48c1-b3cc-61dfb3fe3c62
02/24/25 14:23:17: Socket received request to stop server.
02/24/25 14:23:17: Dispatch Server: do_await_stop
02/24/25 14:23:17: SERVER: destructor for server bound to port 51076
02/24/25 14:23:17: Server exiting with status 0.
02/24/25 14:23:17: Closing log file.
02/24/25 14:23:21: Running xcd server. This server was NOT built by gradle, but presumably rdi.
02/24/25 14:23:21: Server was asked to start on port: '51080'
02/24/25 14:23:21: Server is using token UUID: 'c8898d4d-5f01-4bf9-84b8-5bd08c73e71d'
02/24/25 14:23:21: SESSION_MGR: creating session with session uuid: '6d04a3e9-ade5-4ab9-8d63-1f78fcd2ec76' and name 'default'
02/24/25 14:23:21: Attempting to start server on port '51080'
02/24/25 14:23:21: Running Dispatch Server
02/24/25 14:23:21: Version 2.2.0
02/24/25 14:23:23: Dispatch Server: Accepted socket connection from client
02/24/25 14:23:23: Starting Socket connection
02/24/25 14:23:23: EXCHANGE_TOKEN received, server token: c8898d4d-5f01-4bf9-84b8-5bd08c73e71d, passed token: c8898d4d-5f01-4bf9-84b8-5bd08c73e71d
02/24/25 14:23:23: DISPATCH_HANDLER: Adding handler from function makeHandler in library librdi_system_diagram failed with exception: Could not dynamically load librdi_system_diagram.dll
02/24/25 14:23:23: SESSION_MGR: creating session with session uuid: '0f17a7e8-c658-45d3-bc49-dc2ea669eb81' and name 'v++_compile_prac'
02/24/25 14:23:23: KERNEL_SVC: creating session with uuid: '0f17a7e8-c658-45d3-bc49-dc2ea669eb81' and name 'v++_compile_prac'
02/24/25 14:23:23: GUIDANCE_SMGR: creating guidance session with uuid: '0f17a7e8-c658-45d3-bc49-dc2ea669eb81' and name 'v++_compile_prac'
02/24/25 14:23:28: Dispatch Server: Accepted socket connection from client
02/24/25 14:23:28: Starting Socket connection
02/24/25 14:23:46: SESSION_MGR: closing session for UUID '0f17a7e8-c658-45d3-bc49-dc2ea669eb81' with name 'v++_compile_prac'
02/24/25 14:23:46: KERNEL_SVC: closing session for UUID '0f17a7e8-c658-45d3-bc49-dc2ea669eb81' with name 'v++_compile_prac'
02/24/25 14:23:46: GUIDANCE_SMGR: closing session for UUID '0f17a7e8-c658-45d3-bc49-dc2ea669eb81' with name 'v++_compile_prac'
02/24/25 14:23:46: STOP_SERVER received, server token: c8898d4d-5f01-4bf9-84b8-5bd08c73e71d, passed token: c8898d4d-5f01-4bf9-84b8-5bd08c73e71d
02/24/25 14:23:46: Socket received request to stop server.
02/24/25 14:23:46: Dispatch Server: do_await_stop
02/24/25 14:23:46: SERVER: destructor for server bound to port 51080
02/24/25 14:23:46: Server exiting with status 0.
02/24/25 14:23:46: Closing log file.
02/24/25 14:24:21: Running xcd server. This server was NOT built by gradle, but presumably rdi.
02/24/25 14:24:21: Server was asked to start on port: '51088'
02/24/25 14:24:21: Server is using token UUID: '359a214f-19f2-4aab-977c-6febcbef2eb5'
02/24/25 14:24:21: SESSION_MGR: creating session with session uuid: '6d04a3e9-ade5-4ab9-8d63-1f78fcd2ec76' and name 'default'
02/24/25 14:24:21: Attempting to start server on port '51088'
02/24/25 14:24:21: Running Dispatch Server
02/24/25 14:24:21: Version 2.2.0
02/24/25 14:24:23: Dispatch Server: Accepted socket connection from client
02/24/25 14:24:23: Starting Socket connection
02/24/25 14:24:23: EXCHANGE_TOKEN received, server token: 359a214f-19f2-4aab-977c-6febcbef2eb5, passed token: 359a214f-19f2-4aab-977c-6febcbef2eb5
02/24/25 14:24:23: DISPATCH_HANDLER: Adding handler from function makeHandler in library librdi_system_diagram failed with exception: Could not dynamically load librdi_system_diagram.dll
02/24/25 14:24:23: SESSION_MGR: creating session with session uuid: '27ca1e25-5877-4107-ae69-5c84ae052422' and name 'vitis-run_compile_prac'
02/24/25 14:24:23: KERNEL_SVC: creating session with uuid: '27ca1e25-5877-4107-ae69-5c84ae052422' and name 'vitis-run_compile_prac'
02/24/25 14:24:23: GUIDANCE_SMGR: creating guidance session with uuid: '27ca1e25-5877-4107-ae69-5c84ae052422' and name 'vitis-run_compile_prac'
02/24/25 14:24:28: Dispatch Server: Accepted socket connection from client
02/24/25 14:24:28: Starting Socket connection
02/24/25 14:24:31: SESSION_MGR: closing session for UUID '27ca1e25-5877-4107-ae69-5c84ae052422' with name 'vitis-run_compile_prac'
02/24/25 14:24:31: KERNEL_SVC: closing session for UUID '27ca1e25-5877-4107-ae69-5c84ae052422' with name 'vitis-run_compile_prac'
02/24/25 14:24:31: GUIDANCE_SMGR: closing session for UUID '27ca1e25-5877-4107-ae69-5c84ae052422' with name 'vitis-run_compile_prac'
02/24/25 14:24:31: STOP_SERVER received, server token: 359a214f-19f2-4aab-977c-6febcbef2eb5, passed token: 359a214f-19f2-4aab-977c-6febcbef2eb5
02/24/25 14:24:31: Socket received request to stop server.
02/24/25 14:24:31: Dispatch Server: do_await_stop
02/24/25 14:24:31: SERVER: destructor for server bound to port 51088
02/24/25 14:24:31: Server exiting with status 0.
02/24/25 14:24:31: Closing log file.
02/24/25 14:25:34: Running xcd server. This server was NOT built by gradle, but presumably rdi.
02/24/25 14:25:34: Server was asked to start on port: '51092'
02/24/25 14:25:34: Server is using token UUID: '822a5dde-c79a-49d2-8187-bb371726e028'
02/24/25 14:25:34: SESSION_MGR: creating session with session uuid: '6d04a3e9-ade5-4ab9-8d63-1f78fcd2ec76' and name 'default'
02/24/25 14:25:34: Attempting to start server on port '51092'
02/24/25 14:25:34: Running Dispatch Server
02/24/25 14:25:34: Version 2.2.0
02/24/25 14:25:35: Dispatch Server: Accepted socket connection from client
02/24/25 14:25:35: Starting Socket connection
02/24/25 14:25:35: EXCHANGE_TOKEN received, server token: 822a5dde-c79a-49d2-8187-bb371726e028, passed token: 822a5dde-c79a-49d2-8187-bb371726e028
02/24/25 14:25:35: DISPATCH_HANDLER: Adding handler from function makeHandler in library librdi_system_diagram failed with exception: Could not dynamically load librdi_system_diagram.dll
02/24/25 14:25:35: SESSION_MGR: creating session with session uuid: '54e3e7f7-68cf-4273-bfe9-4e3ac77de185' and name 'vitis-run_compile_prac'
02/24/25 14:25:35: KERNEL_SVC: creating session with uuid: '54e3e7f7-68cf-4273-bfe9-4e3ac77de185' and name 'vitis-run_compile_prac'
02/24/25 14:25:35: GUIDANCE_SMGR: creating guidance session with uuid: '54e3e7f7-68cf-4273-bfe9-4e3ac77de185' and name 'vitis-run_compile_prac'
02/24/25 14:25:40: Dispatch Server: Accepted socket connection from client
02/24/25 14:25:40: Starting Socket connection
02/24/25 14:25:43: SESSION_MGR: closing session for UUID '54e3e7f7-68cf-4273-bfe9-4e3ac77de185' with name 'vitis-run_compile_prac'
02/24/25 14:25:43: KERNEL_SVC: closing session for UUID '54e3e7f7-68cf-4273-bfe9-4e3ac77de185' with name 'vitis-run_compile_prac'
02/24/25 14:25:43: GUIDANCE_SMGR: closing session for UUID '54e3e7f7-68cf-4273-bfe9-4e3ac77de185' with name 'vitis-run_compile_prac'
02/24/25 14:25:43: STOP_SERVER received, server token: 822a5dde-c79a-49d2-8187-bb371726e028, passed token: 822a5dde-c79a-49d2-8187-bb371726e028
02/24/25 14:25:43: Socket received request to stop server.
02/24/25 14:25:43: Dispatch Server: do_await_stop
02/24/25 14:25:43: SERVER: destructor for server bound to port 51092
02/24/25 14:25:43: Server exiting with status 0.
02/24/25 14:25:43: Closing log file.
02/24/25 14:28:15: Running xcd server. This server was NOT built by gradle, but presumably rdi.
02/24/25 14:28:15: Server was asked to start on port: '51133'
02/24/25 14:28:15: Server is using token UUID: '3abaf256-aea8-4b4c-82e2-8c3d64ab275b'
02/24/25 14:28:15: SESSION_MGR: creating session with session uuid: '6d04a3e9-ade5-4ab9-8d63-1f78fcd2ec76' and name 'default'
02/24/25 14:28:15: Attempting to start server on port '51133'
02/24/25 14:28:15: Running Dispatch Server
02/24/25 14:28:15: Version 2.2.0
02/24/25 14:28:16: Dispatch Server: Accepted socket connection from client
02/24/25 14:28:16: Starting Socket connection
02/24/25 14:28:16: EXCHANGE_TOKEN received, server token: 3abaf256-aea8-4b4c-82e2-8c3d64ab275b, passed token: 3abaf256-aea8-4b4c-82e2-8c3d64ab275b
02/24/25 14:28:16: DISPATCH_HANDLER: Adding handler from function makeHandler in library librdi_system_diagram failed with exception: Could not dynamically load librdi_system_diagram.dll
02/24/25 14:28:16: SESSION_MGR: creating session with session uuid: 'e3fab053-1be5-4dda-bcde-f720f7444349' and name 'vitis-run_compile_prac'
02/24/25 14:28:16: KERNEL_SVC: creating session with uuid: 'e3fab053-1be5-4dda-bcde-f720f7444349' and name 'vitis-run_compile_prac'
02/24/25 14:28:16: GUIDANCE_SMGR: creating guidance session with uuid: 'e3fab053-1be5-4dda-bcde-f720f7444349' and name 'vitis-run_compile_prac'
02/24/25 14:28:22: Dispatch Server: Accepted socket connection from client
02/24/25 14:28:22: Starting Socket connection
02/24/25 14:28:24: SESSION_MGR: closing session for UUID 'e3fab053-1be5-4dda-bcde-f720f7444349' with name 'vitis-run_compile_prac'
02/24/25 14:28:24: KERNEL_SVC: closing session for UUID 'e3fab053-1be5-4dda-bcde-f720f7444349' with name 'vitis-run_compile_prac'
02/24/25 14:28:24: GUIDANCE_SMGR: closing session for UUID 'e3fab053-1be5-4dda-bcde-f720f7444349' with name 'vitis-run_compile_prac'
02/24/25 14:28:24: STOP_SERVER received, server token: 3abaf256-aea8-4b4c-82e2-8c3d64ab275b, passed token: 3abaf256-aea8-4b4c-82e2-8c3d64ab275b
02/24/25 14:28:24: Socket received request to stop server.
02/24/25 14:28:24: Dispatch Server: do_await_stop
02/24/25 14:28:24: SERVER: destructor for server bound to port 51133
02/24/25 14:28:24: Server exiting with status 0.
02/24/25 14:28:24: Closing log file.
02/24/25 14:29:15: Running xcd server. This server was NOT built by gradle, but presumably rdi.
02/24/25 14:29:15: Server was asked to start on port: '51139'
02/24/25 14:29:15: Server is using token UUID: '9fc72aa8-a14a-4db9-a19b-2343b42e2a6d'
02/24/25 14:29:15: SESSION_MGR: creating session with session uuid: '6d04a3e9-ade5-4ab9-8d63-1f78fcd2ec76' and name 'default'
02/24/25 14:29:15: Attempting to start server on port '51139'
02/24/25 14:29:15: Running Dispatch Server
02/24/25 14:29:15: Version 2.2.0
02/24/25 14:29:17: Dispatch Server: Accepted socket connection from client
02/24/25 14:29:17: Starting Socket connection
02/24/25 14:29:17: EXCHANGE_TOKEN received, server token: 9fc72aa8-a14a-4db9-a19b-2343b42e2a6d, passed token: 9fc72aa8-a14a-4db9-a19b-2343b42e2a6d
02/24/25 14:29:17: DISPATCH_HANDLER: Adding handler from function makeHandler in library librdi_system_diagram failed with exception: Could not dynamically load librdi_system_diagram.dll
02/24/25 14:29:17: SESSION_MGR: creating session with session uuid: 'e49f0ad3-a358-4caa-a765-342690100351' and name 'vitis-run_compile_prac'
02/24/25 14:29:17: KERNEL_SVC: creating session with uuid: 'e49f0ad3-a358-4caa-a765-342690100351' and name 'vitis-run_compile_prac'
02/24/25 14:29:17: GUIDANCE_SMGR: creating guidance session with uuid: 'e49f0ad3-a358-4caa-a765-342690100351' and name 'vitis-run_compile_prac'
02/24/25 14:29:22: Dispatch Server: Accepted socket connection from client
02/24/25 14:29:22: Starting Socket connection
02/24/25 14:29:25: SESSION_MGR: closing session for UUID 'e49f0ad3-a358-4caa-a765-342690100351' with name 'vitis-run_compile_prac'
02/24/25 14:29:25: KERNEL_SVC: closing session for UUID 'e49f0ad3-a358-4caa-a765-342690100351' with name 'vitis-run_compile_prac'
02/24/25 14:29:25: GUIDANCE_SMGR: closing session for UUID 'e49f0ad3-a358-4caa-a765-342690100351' with name 'vitis-run_compile_prac'
02/24/25 14:29:25: STOP_SERVER received, server token: 9fc72aa8-a14a-4db9-a19b-2343b42e2a6d, passed token: 9fc72aa8-a14a-4db9-a19b-2343b42e2a6d
02/24/25 14:29:25: Socket received request to stop server.
02/24/25 14:29:25: Dispatch Server: do_await_stop
02/24/25 14:29:25: SERVER: destructor for server bound to port 51139
02/24/25 14:29:25: Server exiting with status 0.
02/24/25 14:29:25: Closing log file.
02/24/25 14:29:55: Running xcd server. This server was NOT built by gradle, but presumably rdi.
02/24/25 14:29:55: Server was asked to start on port: '51150'
02/24/25 14:29:55: Server is using token UUID: 'e21c7c6b-5607-430c-bbcd-2277a31768d0'
02/24/25 14:29:55: SESSION_MGR: creating session with session uuid: '6d04a3e9-ade5-4ab9-8d63-1f78fcd2ec76' and name 'default'
02/24/25 14:29:55: Attempting to start server on port '51150'
02/24/25 14:29:55: Running Dispatch Server
02/24/25 14:29:55: Version 2.2.0
02/24/25 14:29:57: Dispatch Server: Accepted socket connection from client
02/24/25 14:29:57: Starting Socket connection
02/24/25 14:29:57: EXCHANGE_TOKEN received, server token: e21c7c6b-5607-430c-bbcd-2277a31768d0, passed token: e21c7c6b-5607-430c-bbcd-2277a31768d0
02/24/25 14:29:57: DISPATCH_HANDLER: Adding handler from function makeHandler in library librdi_system_diagram failed with exception: Could not dynamically load librdi_system_diagram.dll
02/24/25 14:29:57: SESSION_MGR: creating session with session uuid: '043f43c3-0e30-4f17-a0ff-800ae66ef8ec' and name 'vitis-run_compile_prac'
02/24/25 14:29:57: KERNEL_SVC: creating session with uuid: '043f43c3-0e30-4f17-a0ff-800ae66ef8ec' and name 'vitis-run_compile_prac'
02/24/25 14:29:57: GUIDANCE_SMGR: creating guidance session with uuid: '043f43c3-0e30-4f17-a0ff-800ae66ef8ec' and name 'vitis-run_compile_prac'
02/24/25 14:30:02: Dispatch Server: Accepted socket connection from client
02/24/25 14:30:02: Starting Socket connection
02/24/25 14:30:06: SESSION_MGR: closing session for UUID '043f43c3-0e30-4f17-a0ff-800ae66ef8ec' with name 'vitis-run_compile_prac'
02/24/25 14:30:06: KERNEL_SVC: closing session for UUID '043f43c3-0e30-4f17-a0ff-800ae66ef8ec' with name 'vitis-run_compile_prac'
02/24/25 14:30:06: GUIDANCE_SMGR: closing session for UUID '043f43c3-0e30-4f17-a0ff-800ae66ef8ec' with name 'vitis-run_compile_prac'
02/24/25 14:30:06: STOP_SERVER received, server token: e21c7c6b-5607-430c-bbcd-2277a31768d0, passed token: e21c7c6b-5607-430c-bbcd-2277a31768d0
02/24/25 14:30:06: Socket received request to stop server.
02/24/25 14:30:06: Dispatch Server: do_await_stop
02/24/25 14:30:06: SERVER: destructor for server bound to port 51150
02/24/25 14:30:06: Server exiting with status 0.
02/24/25 14:30:06: Closing log file.
02/24/25 14:30:50: Running xcd server. This server was NOT built by gradle, but presumably rdi.
02/24/25 14:30:50: Server was asked to start on port: '51157'
02/24/25 14:30:50: Server is using token UUID: 'a85d37b4-cbec-4b02-8813-e54a519ab96b'
02/24/25 14:30:50: SESSION_MGR: creating session with session uuid: '6d04a3e9-ade5-4ab9-8d63-1f78fcd2ec76' and name 'default'
02/24/25 14:30:50: Attempting to start server on port '51157'
02/24/25 14:30:50: Running Dispatch Server
02/24/25 14:30:50: Version 2.2.0
02/24/25 14:30:52: Dispatch Server: Accepted socket connection from client
02/24/25 14:30:52: Starting Socket connection
02/24/25 14:30:52: EXCHANGE_TOKEN received, server token: a85d37b4-cbec-4b02-8813-e54a519ab96b, passed token: a85d37b4-cbec-4b02-8813-e54a519ab96b
02/24/25 14:30:52: DISPATCH_HANDLER: Adding handler from function makeHandler in library librdi_system_diagram failed with exception: Could not dynamically load librdi_system_diagram.dll
02/24/25 14:30:52: SESSION_MGR: creating session with session uuid: 'f8164af6-b12e-4467-8878-fcce101ecddc' and name 'vitis-run_compile_prac'
02/24/25 14:30:52: KERNEL_SVC: creating session with uuid: 'f8164af6-b12e-4467-8878-fcce101ecddc' and name 'vitis-run_compile_prac'
02/24/25 14:30:52: GUIDANCE_SMGR: creating guidance session with uuid: 'f8164af6-b12e-4467-8878-fcce101ecddc' and name 'vitis-run_compile_prac'
02/24/25 14:30:57: Dispatch Server: Accepted socket connection from client
02/24/25 14:30:57: Starting Socket connection
02/24/25 14:31:01: SESSION_MGR: closing session for UUID 'f8164af6-b12e-4467-8878-fcce101ecddc' with name 'vitis-run_compile_prac'
02/24/25 14:31:01: KERNEL_SVC: closing session for UUID 'f8164af6-b12e-4467-8878-fcce101ecddc' with name 'vitis-run_compile_prac'
02/24/25 14:31:01: GUIDANCE_SMGR: closing session for UUID 'f8164af6-b12e-4467-8878-fcce101ecddc' with name 'vitis-run_compile_prac'
02/24/25 14:31:01: STOP_SERVER received, server token: a85d37b4-cbec-4b02-8813-e54a519ab96b, passed token: a85d37b4-cbec-4b02-8813-e54a519ab96b
02/24/25 14:31:01: Socket received request to stop server.
02/24/25 14:31:01: Dispatch Server: do_await_stop
02/24/25 14:31:01: SERVER: destructor for server bound to port 51157
02/24/25 14:31:01: Server exiting with status 0.
02/24/25 14:31:01: Closing log file.
02/24/25 14:32:38: Running xcd server. This server was NOT built by gradle, but presumably rdi.
02/24/25 14:32:38: Server was asked to start on port: '51168'
02/24/25 14:32:38: Server is using token UUID: '29579b59-989a-4512-ad87-35dfad566cd8'
02/24/25 14:32:38: SESSION_MGR: creating session with session uuid: '6d04a3e9-ade5-4ab9-8d63-1f78fcd2ec76' and name 'default'
02/24/25 14:32:38: Attempting to start server on port '51168'
02/24/25 14:32:38: Running Dispatch Server
02/24/25 14:32:38: Version 2.2.0
02/24/25 14:32:40: Dispatch Server: Accepted socket connection from client
02/24/25 14:32:40: Starting Socket connection
02/24/25 14:32:40: EXCHANGE_TOKEN received, server token: 29579b59-989a-4512-ad87-35dfad566cd8, passed token: 29579b59-989a-4512-ad87-35dfad566cd8
02/24/25 14:32:40: DISPATCH_HANDLER: Adding handler from function makeHandler in library librdi_system_diagram failed with exception: Could not dynamically load librdi_system_diagram.dll
02/24/25 14:32:40: SESSION_MGR: creating session with session uuid: '140c164a-5f2b-4c7e-938c-5c11535febe6' and name 'vitis-run_compile_prac'
02/24/25 14:32:40: KERNEL_SVC: creating session with uuid: '140c164a-5f2b-4c7e-938c-5c11535febe6' and name 'vitis-run_compile_prac'
02/24/25 14:32:40: GUIDANCE_SMGR: creating guidance session with uuid: '140c164a-5f2b-4c7e-938c-5c11535febe6' and name 'vitis-run_compile_prac'
02/24/25 14:32:45: Dispatch Server: Accepted socket connection from client
02/24/25 14:32:45: Starting Socket connection
02/24/25 14:32:49: SESSION_MGR: closing session for UUID '140c164a-5f2b-4c7e-938c-5c11535febe6' with name 'vitis-run_compile_prac'
02/24/25 14:32:49: KERNEL_SVC: closing session for UUID '140c164a-5f2b-4c7e-938c-5c11535febe6' with name 'vitis-run_compile_prac'
02/24/25 14:32:49: GUIDANCE_SMGR: closing session for UUID '140c164a-5f2b-4c7e-938c-5c11535febe6' with name 'vitis-run_compile_prac'
02/24/25 14:32:49: STOP_SERVER received, server token: 29579b59-989a-4512-ad87-35dfad566cd8, passed token: 29579b59-989a-4512-ad87-35dfad566cd8
02/24/25 14:32:49: Socket received request to stop server.
02/24/25 14:32:49: Dispatch Server: do_await_stop
02/24/25 14:32:49: SERVER: destructor for server bound to port 51168
02/24/25 14:32:49: Server exiting with status 0.
02/24/25 14:32:49: Closing log file.
02/24/25 14:35:42: Running xcd server. This server was NOT built by gradle, but presumably rdi.
02/24/25 14:35:42: Server was asked to start on port: '51211'
02/24/25 14:35:42: Server is using token UUID: '0cdf4904-3370-4fdb-9a36-5bd236107d6e'
02/24/25 14:35:42: SESSION_MGR: creating session with session uuid: '6d04a3e9-ade5-4ab9-8d63-1f78fcd2ec76' and name 'default'
02/24/25 14:35:42: Attempting to start server on port '51211'
02/24/25 14:35:42: Running Dispatch Server
02/24/25 14:35:42: Version 2.2.0
02/24/25 14:35:44: Dispatch Server: Accepted socket connection from client
02/24/25 14:35:44: Starting Socket connection
02/24/25 14:35:44: EXCHANGE_TOKEN received, server token: 0cdf4904-3370-4fdb-9a36-5bd236107d6e, passed token: 0cdf4904-3370-4fdb-9a36-5bd236107d6e
02/24/25 14:35:44: DISPATCH_HANDLER: Adding handler from function makeHandler in library librdi_system_diagram failed with exception: Could not dynamically load librdi_system_diagram.dll
02/24/25 14:35:44: SESSION_MGR: creating session with session uuid: '99262952-aff1-4210-9118-de159ae63402' and name 'vitis-run_compile_prac'
02/24/25 14:35:44: KERNEL_SVC: creating session with uuid: '99262952-aff1-4210-9118-de159ae63402' and name 'vitis-run_compile_prac'
02/24/25 14:35:44: GUIDANCE_SMGR: creating guidance session with uuid: '99262952-aff1-4210-9118-de159ae63402' and name 'vitis-run_compile_prac'
02/24/25 14:35:49: Dispatch Server: Accepted socket connection from client
02/24/25 14:35:49: Starting Socket connection
02/24/25 14:35:53: SESSION_MGR: closing session for UUID '99262952-aff1-4210-9118-de159ae63402' with name 'vitis-run_compile_prac'
02/24/25 14:35:53: KERNEL_SVC: closing session for UUID '99262952-aff1-4210-9118-de159ae63402' with name 'vitis-run_compile_prac'
02/24/25 14:35:53: GUIDANCE_SMGR: closing session for UUID '99262952-aff1-4210-9118-de159ae63402' with name 'vitis-run_compile_prac'
02/24/25 14:35:53: STOP_SERVER received, server token: 0cdf4904-3370-4fdb-9a36-5bd236107d6e, passed token: 0cdf4904-3370-4fdb-9a36-5bd236107d6e
02/24/25 14:35:53: Socket received request to stop server.
02/24/25 14:35:53: Dispatch Server: do_await_stop
02/24/25 14:35:53: SERVER: destructor for server bound to port 51211
02/24/25 14:35:53: Server exiting with status 0.
02/24/25 14:35:53: Closing log file.
02/24/25 14:36:05: Running xcd server. This server was NOT built by gradle, but presumably rdi.
02/24/25 14:36:05: Server was asked to start on port: '51215'
02/24/25 14:36:05: Server is using token UUID: '1d467309-41ed-41a7-8cd3-179311c7b1ce'
02/24/25 14:36:05: SESSION_MGR: creating session with session uuid: '6d04a3e9-ade5-4ab9-8d63-1f78fcd2ec76' and name 'default'
02/24/25 14:36:05: Attempting to start server on port '51215'
02/24/25 14:36:05: Running Dispatch Server
02/24/25 14:36:05: Version 2.2.0
02/24/25 14:36:06: Dispatch Server: Accepted socket connection from client
02/24/25 14:36:06: Starting Socket connection
02/24/25 14:36:06: EXCHANGE_TOKEN received, server token: 1d467309-41ed-41a7-8cd3-179311c7b1ce, passed token: 1d467309-41ed-41a7-8cd3-179311c7b1ce
02/24/25 14:36:06: DISPATCH_HANDLER: Adding handler from function makeHandler in library librdi_system_diagram failed with exception: Could not dynamically load librdi_system_diagram.dll
02/24/25 14:36:06: SESSION_MGR: creating session with session uuid: '59b40de6-9b92-4604-b382-fd87064510d2' and name 'vitis-run_compile_prac'
02/24/25 14:36:06: KERNEL_SVC: creating session with uuid: '59b40de6-9b92-4604-b382-fd87064510d2' and name 'vitis-run_compile_prac'
02/24/25 14:36:06: GUIDANCE_SMGR: creating guidance session with uuid: '59b40de6-9b92-4604-b382-fd87064510d2' and name 'vitis-run_compile_prac'
02/24/25 14:36:11: Dispatch Server: Accepted socket connection from client
02/24/25 14:36:11: Starting Socket connection
02/24/25 14:36:14: SESSION_MGR: closing session for UUID '59b40de6-9b92-4604-b382-fd87064510d2' with name 'vitis-run_compile_prac'
02/24/25 14:36:14: KERNEL_SVC: closing session for UUID '59b40de6-9b92-4604-b382-fd87064510d2' with name 'vitis-run_compile_prac'
02/24/25 14:36:14: GUIDANCE_SMGR: closing session for UUID '59b40de6-9b92-4604-b382-fd87064510d2' with name 'vitis-run_compile_prac'
02/24/25 14:36:14: STOP_SERVER received, server token: 1d467309-41ed-41a7-8cd3-179311c7b1ce, passed token: 1d467309-41ed-41a7-8cd3-179311c7b1ce
02/24/25 14:36:14: Socket received request to stop server.
02/24/25 14:36:14: Dispatch Server: do_await_stop
02/24/25 14:36:14: SERVER: destructor for server bound to port 51215
02/24/25 14:36:14: Server exiting with status 0.
02/24/25 14:36:14: Closing log file.
02/24/25 14:39:16: Running xcd server. This server was NOT built by gradle, but presumably rdi.
02/24/25 14:39:16: Server was asked to start on port: '51236'
02/24/25 14:39:16: Server is using token UUID: '19585222-121b-4e56-a4d5-f12ae5979cf3'
02/24/25 14:39:16: SESSION_MGR: creating session with session uuid: '6d04a3e9-ade5-4ab9-8d63-1f78fcd2ec76' and name 'default'
02/24/25 14:39:16: Attempting to start server on port '51236'
02/24/25 14:39:16: Running Dispatch Server
02/24/25 14:39:16: Version 2.2.0
02/24/25 14:39:18: Dispatch Server: Accepted socket connection from client
02/24/25 14:39:18: Starting Socket connection
02/24/25 14:39:18: EXCHANGE_TOKEN received, server token: 19585222-121b-4e56-a4d5-f12ae5979cf3, passed token: 19585222-121b-4e56-a4d5-f12ae5979cf3
02/24/25 14:39:18: DISPATCH_HANDLER: Adding handler from function makeHandler in library librdi_system_diagram failed with exception: Could not dynamically load librdi_system_diagram.dll
02/24/25 14:39:18: SESSION_MGR: creating session with session uuid: '1b6848e0-33ee-4d8f-b46a-fa10f47cd2e9' and name 'vitis-run_compile_prac'
02/24/25 14:39:18: KERNEL_SVC: creating session with uuid: '1b6848e0-33ee-4d8f-b46a-fa10f47cd2e9' and name 'vitis-run_compile_prac'
02/24/25 14:39:18: GUIDANCE_SMGR: creating guidance session with uuid: '1b6848e0-33ee-4d8f-b46a-fa10f47cd2e9' and name 'vitis-run_compile_prac'
02/24/25 14:39:23: Dispatch Server: Accepted socket connection from client
02/24/25 14:39:23: Starting Socket connection
02/24/25 14:39:28: SESSION_MGR: closing session for UUID '1b6848e0-33ee-4d8f-b46a-fa10f47cd2e9' with name 'vitis-run_compile_prac'
02/24/25 14:39:28: KERNEL_SVC: closing session for UUID '1b6848e0-33ee-4d8f-b46a-fa10f47cd2e9' with name 'vitis-run_compile_prac'
02/24/25 14:39:28: GUIDANCE_SMGR: closing session for UUID '1b6848e0-33ee-4d8f-b46a-fa10f47cd2e9' with name 'vitis-run_compile_prac'
02/24/25 14:39:28: STOP_SERVER received, server token: 19585222-121b-4e56-a4d5-f12ae5979cf3, passed token: 19585222-121b-4e56-a4d5-f12ae5979cf3
02/24/25 14:39:28: Socket received request to stop server.
02/24/25 14:39:28: Dispatch Server: do_await_stop
02/24/25 14:39:28: SERVER: destructor for server bound to port 51236
02/24/25 14:39:28: Server exiting with status 0.
02/24/25 14:39:28: Closing log file.
02/24/25 14:42:17: Running xcd server. This server was NOT built by gradle, but presumably rdi.
02/24/25 14:42:17: Server was asked to start on port: '51256'
02/24/25 14:42:17: Server is using token UUID: '28b92113-798a-4685-852b-a283267ce569'
02/24/25 14:42:17: SESSION_MGR: creating session with session uuid: '6d04a3e9-ade5-4ab9-8d63-1f78fcd2ec76' and name 'default'
02/24/25 14:42:17: Attempting to start server on port '51256'
02/24/25 14:42:17: Running Dispatch Server
02/24/25 14:42:17: Version 2.2.0
02/24/25 14:42:19: Dispatch Server: Accepted socket connection from client
02/24/25 14:42:19: Starting Socket connection
02/24/25 14:42:19: EXCHANGE_TOKEN received, server token: 28b92113-798a-4685-852b-a283267ce569, passed token: 28b92113-798a-4685-852b-a283267ce569
02/24/25 14:42:19: DISPATCH_HANDLER: Adding handler from function makeHandler in library librdi_system_diagram failed with exception: Could not dynamically load librdi_system_diagram.dll
02/24/25 14:42:19: SESSION_MGR: creating session with session uuid: 'b7190777-19db-415b-b4d4-35bec49f99e8' and name 'vitis-run_compile_prac'
02/24/25 14:42:19: KERNEL_SVC: creating session with uuid: 'b7190777-19db-415b-b4d4-35bec49f99e8' and name 'vitis-run_compile_prac'
02/24/25 14:42:19: GUIDANCE_SMGR: creating guidance session with uuid: 'b7190777-19db-415b-b4d4-35bec49f99e8' and name 'vitis-run_compile_prac'
02/24/25 14:42:24: Dispatch Server: Accepted socket connection from client
02/24/25 14:42:24: Starting Socket connection
02/24/25 14:42:28: SESSION_MGR: closing session for UUID 'b7190777-19db-415b-b4d4-35bec49f99e8' with name 'vitis-run_compile_prac'
02/24/25 14:42:28: KERNEL_SVC: closing session for UUID 'b7190777-19db-415b-b4d4-35bec49f99e8' with name 'vitis-run_compile_prac'
02/24/25 14:42:28: GUIDANCE_SMGR: closing session for UUID 'b7190777-19db-415b-b4d4-35bec49f99e8' with name 'vitis-run_compile_prac'
02/24/25 14:42:28: STOP_SERVER received, server token: 28b92113-798a-4685-852b-a283267ce569, passed token: 28b92113-798a-4685-852b-a283267ce569
02/24/25 14:42:28: Socket received request to stop server.
02/24/25 14:42:28: Dispatch Server: do_await_stop
02/24/25 14:42:28: SERVER: destructor for server bound to port 51256
02/24/25 14:42:28: Server exiting with status 0.
02/24/25 14:42:28: Closing log file.
02/24/25 14:42:53: Running xcd server. This server was NOT built by gradle, but presumably rdi.
02/24/25 14:42:53: Server was asked to start on port: '51264'
02/24/25 14:42:53: Server is using token UUID: '924bc141-73f3-4d92-894b-956ac385eade'
02/24/25 14:42:53: SESSION_MGR: creating session with session uuid: '6d04a3e9-ade5-4ab9-8d63-1f78fcd2ec76' and name 'default'
02/24/25 14:42:53: Attempting to start server on port '51264'
02/24/25 14:42:53: Running Dispatch Server
02/24/25 14:42:53: Version 2.2.0
02/24/25 14:42:55: Dispatch Server: Accepted socket connection from client
02/24/25 14:42:55: Starting Socket connection
02/24/25 14:42:55: EXCHANGE_TOKEN received, server token: 924bc141-73f3-4d92-894b-956ac385eade, passed token: 924bc141-73f3-4d92-894b-956ac385eade
02/24/25 14:42:55: DISPATCH_HANDLER: Adding handler from function makeHandler in library librdi_system_diagram failed with exception: Could not dynamically load librdi_system_diagram.dll
02/24/25 14:42:55: SESSION_MGR: creating session with session uuid: '0ada0d11-3453-4532-a456-ff1a54721a19' and name 'vitis-run_compile_prac'
02/24/25 14:42:55: KERNEL_SVC: creating session with uuid: '0ada0d11-3453-4532-a456-ff1a54721a19' and name 'vitis-run_compile_prac'
02/24/25 14:42:55: GUIDANCE_SMGR: creating guidance session with uuid: '0ada0d11-3453-4532-a456-ff1a54721a19' and name 'vitis-run_compile_prac'
02/24/25 14:43:00: Dispatch Server: Accepted socket connection from client
02/24/25 14:43:00: Starting Socket connection
02/24/25 14:43:02: SESSION_MGR: closing session for UUID '0ada0d11-3453-4532-a456-ff1a54721a19' with name 'vitis-run_compile_prac'
02/24/25 14:43:02: KERNEL_SVC: closing session for UUID '0ada0d11-3453-4532-a456-ff1a54721a19' with name 'vitis-run_compile_prac'
02/24/25 14:43:02: GUIDANCE_SMGR: closing session for UUID '0ada0d11-3453-4532-a456-ff1a54721a19' with name 'vitis-run_compile_prac'
02/24/25 14:43:02: STOP_SERVER received, server token: 924bc141-73f3-4d92-894b-956ac385eade, passed token: 924bc141-73f3-4d92-894b-956ac385eade
02/24/25 14:43:02: Socket received request to stop server.
02/24/25 14:43:02: Dispatch Server: do_await_stop
02/24/25 14:43:02: SERVER: destructor for server bound to port 51264
02/24/25 14:43:02: Server exiting with status 0.
02/24/25 14:43:02: Closing log file.
02/24/25 14:43:15: Running xcd server. This server was NOT built by gradle, but presumably rdi.
02/24/25 14:43:15: Server was asked to start on port: '51268'
02/24/25 14:43:15: Server is using token UUID: '0bd67489-7dfb-474c-9410-13924bb72f6b'
02/24/25 14:43:15: SESSION_MGR: creating session with session uuid: '6d04a3e9-ade5-4ab9-8d63-1f78fcd2ec76' and name 'default'
02/24/25 14:43:15: Attempting to start server on port '51268'
02/24/25 14:43:15: Running Dispatch Server
02/24/25 14:43:15: Version 2.2.0
02/24/25 14:43:16: Dispatch Server: Accepted socket connection from client
02/24/25 14:43:16: Starting Socket connection
02/24/25 14:43:16: EXCHANGE_TOKEN received, server token: 0bd67489-7dfb-474c-9410-13924bb72f6b, passed token: 0bd67489-7dfb-474c-9410-13924bb72f6b
02/24/25 14:43:16: DISPATCH_HANDLER: Adding handler from function makeHandler in library librdi_system_diagram failed with exception: Could not dynamically load librdi_system_diagram.dll
02/24/25 14:43:16: SESSION_MGR: creating session with session uuid: 'b910539e-3837-4e56-bc76-34ff27de8b7f' and name 'vitis-run_compile_prac'
02/24/25 14:43:16: KERNEL_SVC: creating session with uuid: 'b910539e-3837-4e56-bc76-34ff27de8b7f' and name 'vitis-run_compile_prac'
02/24/25 14:43:16: GUIDANCE_SMGR: creating guidance session with uuid: 'b910539e-3837-4e56-bc76-34ff27de8b7f' and name 'vitis-run_compile_prac'
02/24/25 14:43:21: Dispatch Server: Accepted socket connection from client
02/24/25 14:43:21: Starting Socket connection
02/24/25 14:43:24: SESSION_MGR: closing session for UUID 'b910539e-3837-4e56-bc76-34ff27de8b7f' with name 'vitis-run_compile_prac'
02/24/25 14:43:24: KERNEL_SVC: closing session for UUID 'b910539e-3837-4e56-bc76-34ff27de8b7f' with name 'vitis-run_compile_prac'
02/24/25 14:43:24: GUIDANCE_SMGR: closing session for UUID 'b910539e-3837-4e56-bc76-34ff27de8b7f' with name 'vitis-run_compile_prac'
02/24/25 14:43:24: STOP_SERVER received, server token: 0bd67489-7dfb-474c-9410-13924bb72f6b, passed token: 0bd67489-7dfb-474c-9410-13924bb72f6b
02/24/25 14:43:24: Socket received request to stop server.
02/24/25 14:43:24: Dispatch Server: do_await_stop
02/24/25 14:43:24: SERVER: destructor for server bound to port 51268
02/24/25 14:43:24: Server exiting with status 0.
02/24/25 14:43:24: Closing log file.
02/24/25 14:43:36: Running xcd server. This server was NOT built by gradle, but presumably rdi.
02/24/25 14:43:36: Server was asked to start on port: '51271'
02/24/25 14:43:36: Server is using token UUID: '4c1cd2f4-be72-4772-9888-63a7a1205564'
02/24/25 14:43:36: SESSION_MGR: creating session with session uuid: '6d04a3e9-ade5-4ab9-8d63-1f78fcd2ec76' and name 'default'
02/24/25 14:43:36: Attempting to start server on port '51271'
02/24/25 14:43:36: Running Dispatch Server
02/24/25 14:43:36: Version 2.2.0
02/24/25 14:43:38: Dispatch Server: Accepted socket connection from client
02/24/25 14:43:38: Starting Socket connection
02/24/25 14:43:38: EXCHANGE_TOKEN received, server token: 4c1cd2f4-be72-4772-9888-63a7a1205564, passed token: 4c1cd2f4-be72-4772-9888-63a7a1205564
02/24/25 14:43:38: DISPATCH_HANDLER: Adding handler from function makeHandler in library librdi_system_diagram failed with exception: Could not dynamically load librdi_system_diagram.dll
02/24/25 14:43:38: SESSION_MGR: creating session with session uuid: '6eaf0173-d620-42e9-8c5d-df3f7a6c7a21' and name 'v++_compile_prac'
02/24/25 14:43:38: KERNEL_SVC: creating session with uuid: '6eaf0173-d620-42e9-8c5d-df3f7a6c7a21' and name 'v++_compile_prac'
02/24/25 14:43:38: GUIDANCE_SMGR: creating guidance session with uuid: '6eaf0173-d620-42e9-8c5d-df3f7a6c7a21' and name 'v++_compile_prac'
02/24/25 14:43:43: Dispatch Server: Accepted socket connection from client
02/24/25 14:43:43: Starting Socket connection
02/24/25 14:44:04: SESSION_MGR: closing session for UUID '6eaf0173-d620-42e9-8c5d-df3f7a6c7a21' with name 'v++_compile_prac'
02/24/25 14:44:04: KERNEL_SVC: closing session for UUID '6eaf0173-d620-42e9-8c5d-df3f7a6c7a21' with name 'v++_compile_prac'
02/24/25 14:44:04: GUIDANCE_SMGR: closing session for UUID '6eaf0173-d620-42e9-8c5d-df3f7a6c7a21' with name 'v++_compile_prac'
02/24/25 14:44:04: STOP_SERVER received, server token: 4c1cd2f4-be72-4772-9888-63a7a1205564, passed token: 4c1cd2f4-be72-4772-9888-63a7a1205564
02/24/25 14:44:04: Socket received request to stop server.
02/24/25 14:44:04: Dispatch Server: do_await_stop
02/24/25 14:44:04: SERVER: destructor for server bound to port 51271
02/24/25 14:44:04: Server exiting with status 0.
02/24/25 14:44:04: Closing log file.
02/24/25 14:44:09: Running xcd server. This server was NOT built by gradle, but presumably rdi.
02/24/25 14:44:09: Server was asked to start on port: '51281'
02/24/25 14:44:09: Server is using token UUID: 'ddf0624c-1b85-46b0-9026-172f7d7b5cb9'
02/24/25 14:44:09: SESSION_MGR: creating session with session uuid: '6d04a3e9-ade5-4ab9-8d63-1f78fcd2ec76' and name 'default'
02/24/25 14:44:09: Attempting to start server on port '51281'
02/24/25 14:44:09: Running Dispatch Server
02/24/25 14:44:09: Version 2.2.0
02/24/25 14:44:11: Dispatch Server: Accepted socket connection from client
02/24/25 14:44:11: Starting Socket connection
02/24/25 14:44:11: EXCHANGE_TOKEN received, server token: ddf0624c-1b85-46b0-9026-172f7d7b5cb9, passed token: ddf0624c-1b85-46b0-9026-172f7d7b5cb9
02/24/25 14:44:11: DISPATCH_HANDLER: Adding handler from function makeHandler in library librdi_system_diagram failed with exception: Could not dynamically load librdi_system_diagram.dll
02/24/25 14:44:11: SESSION_MGR: creating session with session uuid: '0c4e0456-7425-4107-9dba-a8d30d822d37' and name 'vitis-run_compile_prac'
02/24/25 14:44:11: KERNEL_SVC: creating session with uuid: '0c4e0456-7425-4107-9dba-a8d30d822d37' and name 'vitis-run_compile_prac'
02/24/25 14:44:11: GUIDANCE_SMGR: creating guidance session with uuid: '0c4e0456-7425-4107-9dba-a8d30d822d37' and name 'vitis-run_compile_prac'
02/24/25 14:44:17: Dispatch Server: Accepted socket connection from client
02/24/25 14:44:17: Starting Socket connection
02/24/25 14:44:43: SESSION_MGR: closing session for UUID '0c4e0456-7425-4107-9dba-a8d30d822d37' with name 'vitis-run_compile_prac'
02/24/25 14:44:43: KERNEL_SVC: closing session for UUID '0c4e0456-7425-4107-9dba-a8d30d822d37' with name 'vitis-run_compile_prac'
02/24/25 14:44:43: GUIDANCE_SMGR: closing session for UUID '0c4e0456-7425-4107-9dba-a8d30d822d37' with name 'vitis-run_compile_prac'
02/24/25 14:44:43: STOP_SERVER received, server token: ddf0624c-1b85-46b0-9026-172f7d7b5cb9, passed token: ddf0624c-1b85-46b0-9026-172f7d7b5cb9
02/24/25 14:44:43: Socket received request to stop server.
02/24/25 14:44:43: Dispatch Server: do_await_stop
02/24/25 14:44:43: SERVER: destructor for server bound to port 51281
02/24/25 14:44:43: Server exiting with status 0.
02/24/25 14:44:43: Closing log file.
