Unsorted Data: 41 67 34 0 69 24 78 58 62 64 5 45 81 27 61 91 95 42 27 36 
Sorted Data: 0 5 24 27 27 34 36 41 42 45 58 61 62 64 67 69 78 81 91 95 
Test Passed: Array is sorted correctly and assertions passed

C:\Users\minec\OneDrive\Documents\Vitis_HLS\project1\prac\prac\hls\sim\verilog>set PATH= 

C:\Users\minec\OneDrive\Documents\Vitis_HLS\project1\prac\prac\hls\sim\verilog>call C:/Xilinx/Vivado/2024.1/bin/xelab xil_defaultlib.apatb_bubble_sort_top glbl -Oenable_linking_all_libraries  -prj bubble_sort.prj -L smartconnect_v1_0 -L axi_protocol_checker_v1_1_12 -L axi_protocol_checker_v1_1_13 -L axis_protocol_checker_v1_1_11 -L axis_protocol_checker_v1_1_12 -L xil_defaultlib -L unisims_ver -L xpm  -L floating_point_v7_0_23 -L floating_point_v7_1_18 --lib "ieee_proposed=./ieee_proposed" -s bubble_sort  
Vivado Simulator v2024.1
Copyright 1986-2022 Xilinx, Inc. All Rights Reserved.
Copyright 2022-2024 Advanced Micro Devices, Inc. All Rights Reserved.
Running: C:/Xilinx/Vivado/2024.1/bin/unwrapped/win64.o/xelab.exe xil_defaultlib.apatb_bubble_sort_top glbl -Oenable_linking_all_libraries -prj bubble_sort.prj -L smartconnect_v1_0 -L axi_protocol_checker_v1_1_12 -L axi_protocol_checker_v1_1_13 -L axis_protocol_checker_v1_1_11 -L axis_protocol_checker_v1_1_12 -L xil_defaultlib -L unisims_ver -L xpm -L floating_point_v7_0_23 -L floating_point_v7_1_18 --lib ieee_proposed=./ieee_proposed -s bubble_sort 
Multi-threading is on. Using 10 slave threads.
INFO: [VRFC 10-2263] Analyzing SystemVerilog file "C:/Users/minec/OneDrive/Documents/Vitis_HLS/project1/prac/prac/hls/sim/verilog/glbl.v" into library work
INFO: [VRFC 10-311] analyzing module glbl
INFO: [VRFC 10-2263] Analyzing SystemVerilog file "C:/Users/minec/OneDrive/Documents/Vitis_HLS/project1/prac/prac/hls/sim/verilog/AESL_automem_M.v" into library xil_defaultlib
INFO: [VRFC 10-311] analyzing module AESL_automem_M
INFO: [VRFC 10-2263] Analyzing SystemVerilog file "C:/Users/minec/OneDrive/Documents/Vitis_HLS/project1/prac/prac/hls/sim/verilog/bubble_sort.autotb.v" into library xil_defaultlib
INFO: [VRFC 10-311] analyzing module apatb_bubble_sort_top
INFO: [VRFC 10-2263] Analyzing SystemVerilog file "C:/Users/minec/OneDrive/Documents/Vitis_HLS/project1/prac/prac/hls/sim/verilog/bubble_sort.v" into library xil_defaultlib
INFO: [VRFC 10-311] analyzing module bubble_sort
INFO: [VRFC 10-2263] Analyzing SystemVerilog file "C:/Users/minec/OneDrive/Documents/Vitis_HLS/project1/prac/prac/hls/sim/verilog/bubble_sort_bubble_sort_Pipeline_VITIS_LOOP_30_2.v" into library xil_defaultlib
INFO: [VRFC 10-311] analyzing module bubble_sort_bubble_sort_Pipeline_VITIS_LOOP_30_2
INFO: [VRFC 10-2263] Analyzing SystemVerilog file "C:/Users/minec/OneDrive/Documents/Vitis_HLS/project1/prac/prac/hls/sim/verilog/bubble_sort_flow_control_loop_pipe_sequential_init.v" into library xil_defaultlib
INFO: [VRFC 10-311] analyzing module bubble_sort_flow_control_loop_pipe_sequential_init
INFO: [VRFC 10-2263] Analyzing SystemVerilog file "C:/Users/minec/OneDrive/Documents/Vitis_HLS/project1/prac/prac/hls/sim/verilog/dataflow_monitor.sv" into library xil_defaultlib
INFO: [VRFC 10-311] analyzing module dataflow_monitor
Starting static elaboration
Pass Through NonSizing Optimizer
Completed static elaboration
Starting simulation data flow analysis
Completed simulation data flow analysis
Time Resolution for simulation is 1ps
Compiling package xil_defaultlib.$unit_dataflow_monitor_sv
Compiling module xil_defaultlib.bubble_sort_flow_control_loop_pi...
Compiling module xil_defaultlib.bubble_sort_bubble_sort_Pipeline...
Compiling module xil_defaultlib.bubble_sort
Compiling module xil_defaultlib.AESL_automem_M
Compiling module xil_defaultlib.nodf_module_intf_default
Compiling module xil_defaultlib.seq_loop_intf(FSM_WIDTH=5)
Compiling module xil_defaultlib.upc_loop_intf_default
Compiling module xil_defaultlib.dataflow_monitor_1
Compiling module xil_defaultlib.apatb_bubble_sort_top
Compiling module work.glbl
Built simulation snapshot bubble_sort

****** xsim v2024.1 (64-bit)
  **** SW Build 5076996 on Wed May 22 18:37:14 MDT 2024
  **** IP Build 5075265 on Wed May 22 21:45:21 MDT 2024
  **** SharedData Build 5076995 on Wed May 22 18:29:18 MDT 2024
  **** Start of session at: Thu Feb 27 20:12:36 2025
    ** Copyright 1986-2022 Xilinx, Inc. All Rights Reserved.
    ** Copyright 2022-2024 Advanced Micro Devices, Inc. All Rights Reserved.

source xsim.dir/bubble_sort/xsim_script.tcl
# xsim {bubble_sort} -autoloadwcfg -tclbatch {bubble_sort.tcl}
Time resolution is 1 ps
source bubble_sort.tcl
## run all
////////////////////////////////////////////////////////////////////////////////////
// Inter-Transaction Progress: Completed Transaction / Total Transaction
// Intra-Transaction Progress: Measured Latency / Latency Estimation * 100%
//
// RTL Simulation : "Inter-Transaction Progress" ["Intra-Transaction Progress"] @ "Simulation Time"
////////////////////////////////////////////////////////////////////////////////////
// RTL Simulation : 0 / 1 [0.00%] @ "125000"
// RTL Simulation : 1 / 1 [100.00%] @ "4905000"
////////////////////////////////////////////////////////////////////////////////////
$finish called at time : 4965 ns : File "C:/Users/minec/OneDrive/Documents/Vitis_HLS/project1/prac/prac/hls/sim/verilog/bubble_sort.autotb.v" Line 243
## quit
INFO: [Common 17-206] Exiting xsim at Thu Feb 27 20:12:38 2025...
Unsorted Data: 41 67 34 0 69 24 78 58 62 64 5 45 81 27 61 91 95 42 27 36 
Sorted Data: 0 5 24 27 27 34 36 41 42 45 58 61 62 64 67 69 78 81 91 95 
Test Passed: Array is sorted correctly and assertions passed
