Vivado Simulator v2024.1
Copyright 1986-2022 Xilinx, Inc. All Rights Reserved.
Copyright 2022-2024 Advanced Micro Devices, Inc. All Rights Reserved.
Running: C:/Xilinx/Vivado/2024.1/bin/unwrapped/win64.o/xelab.exe xil_defaultlib.apatb_bubble_sort_top glbl -Oenable_linking_all_libraries -prj bubble_sort.prj -L smartconnect_v1_0 -L axi_protocol_checker_v1_1_12 -L axi_protocol_checker_v1_1_13 -L axis_protocol_checker_v1_1_11 -L axis_protocol_checker_v1_1_12 -L xil_defaultlib -L unisims_ver -L xpm -L floating_point_v7_0_23 -L floating_point_v7_1_18 --lib ieee_proposed=./ieee_proposed -s bubble_sort 
Multi-threading is on. Using 10 slave threads.
INFO: [VRFC 10-2263] Analyzing SystemVerilog file "C:/Users/minec/OneDrive/Documents/Vitis_HLS/project1/prac/prac/hls/sim/verilog/glbl.v" into library work
INFO: [VRFC 10-311] analyzing module glbl
INFO: [VRFC 10-2263] Analyzing SystemVerilog file "C:/Users/minec/OneDrive/Documents/Vitis_HLS/project1/prac/prac/hls/sim/verilog/AESL_automem_M.v" into library xil_defaultlib
INFO: [VRFC 10-311] analyzing module AESL_automem_M
INFO: [VRFC 10-2263] Analyzing SystemVerilog file "C:/Users/minec/OneDrive/Documents/Vitis_HLS/project1/prac/prac/hls/sim/verilog/bubble_sort.autotb.v" into library xil_defaultlib
INFO: [VRFC 10-311] analyzing module apatb_bubble_sort_top
INFO: [VRFC 10-2263] Analyzing SystemVerilog file "C:/Users/minec/OneDrive/Documents/Vitis_HLS/project1/prac/prac/hls/sim/verilog/bubble_sort.v" into library xil_defaultlib
INFO: [VRFC 10-311] analyzing module bubble_sort
INFO: [VRFC 10-2263] Analyzing SystemVerilog file "C:/Users/minec/OneDrive/Documents/Vitis_HLS/project1/prac/prac/hls/sim/verilog/bubble_sort_bubble_sort_Pipeline_VITIS_LOOP_30_2.v" into library xil_defaultlib
INFO: [VRFC 10-311] analyzing module bubble_sort_bubble_sort_Pipeline_VITIS_LOOP_30_2
INFO: [VRFC 10-2263] Analyzing SystemVerilog file "C:/Users/minec/OneDrive/Documents/Vitis_HLS/project1/prac/prac/hls/sim/verilog/bubble_sort_flow_control_loop_pipe_sequential_init.v" into library xil_defaultlib
INFO: [VRFC 10-311] analyzing module bubble_sort_flow_control_loop_pipe_sequential_init
INFO: [VRFC 10-2263] Analyzing SystemVerilog file "C:/Users/minec/OneDrive/Documents/Vitis_HLS/project1/prac/prac/hls/sim/verilog/dataflow_monitor.sv" into library xil_defaultlib
INFO: [VRFC 10-311] analyzing module dataflow_monitor
Starting static elaboration
Pass Through NonSizing Optimizer
Completed static elaboration
Starting simulation data flow analysis
Completed simulation data flow analysis
Time Resolution for simulation is 1ps
Compiling package xil_defaultlib.$unit_dataflow_monitor_sv
Compiling module xil_defaultlib.bubble_sort_flow_control_loop_pi...
Compiling module xil_defaultlib.bubble_sort_bubble_sort_Pipeline...
Compiling module xil_defaultlib.bubble_sort
Compiling module xil_defaultlib.AESL_automem_M
Compiling module xil_defaultlib.nodf_module_intf_default
Compiling module xil_defaultlib.seq_loop_intf(FSM_WIDTH=5)
Compiling module xil_defaultlib.upc_loop_intf_default
Compiling module xil_defaultlib.dataflow_monitor_1
Compiling module xil_defaultlib.apatb_bubble_sort_top
Compiling module work.glbl
Built simulation snapshot bubble_sort
