#-----------------------------------------------------------
# xsim v2024.1 (64-bit)
# SW Build 5076996 on Wed May 22 18:37:14 MDT 2024
# IP Build 5075265 on Wed May 22 21:45:21 MDT 2024
# SharedData Build 5076995 on Wed May 22 18:29:18 MDT 2024
# Start of session at: Thu Feb 27 20:12:36 2025
# Process ID: 6824
# Current directory: C:/Users/minec/OneDrive/Documents/Vitis_HLS/project1/prac/prac/hls/sim/verilog
# Command line: xsim.exe -mode tcl -source {xsim.dir/bubble_sort/xsim_script.tcl}
# Log file: C:/Users/minec/OneDrive/Documents/Vitis_HLS/project1/prac/prac/hls/sim/verilog/xsim.log
# Journal file: C:/Users/minec/OneDrive/Documents/Vitis_HLS/project1/prac/prac/hls/sim/verilog\xsim.jou
# Running On        :DESKTOP-99HFAOL
# Platform          :Windows Server 2016 or Windows 10
# Operating System  :19045
# Processor Detail  :AMD Ryzen 5 3600X 6-Core Processor             
# CPU Frequency     :3793 MHz
# CPU Physical cores:6
# CPU Logical cores :12
# Host memory       :17084 MB
# Swap memory       :11274 MB
# Total Virtual     :28359 MB
# Available Virtual :10295 MB
#-----------------------------------------------------------
source xsim.dir/bubble_sort/xsim_script.tcl
# xsim {bubble_sort} -autoloadwcfg -tclbatch {bubble_sort.tcl}
Time resolution is 1 ps
source bubble_sort.tcl
## run all
////////////////////////////////////////////////////////////////////////////////////
// Inter-Transaction Progress: Completed Transaction / Total Transaction
// Intra-Transaction Progress: Measured Latency / Latency Estimation * 100%
//
// RTL Simulation : "Inter-Transaction Progress" ["Intra-Transaction Progress"] @ "Simulation Time"
////////////////////////////////////////////////////////////////////////////////////
// RTL Simulation : 0 / 1 [0.00%] @ "125000"
// RTL Simulation : 1 / 1 [100.00%] @ "4905000"
////////////////////////////////////////////////////////////////////////////////////
$finish called at time : 4965 ns : File "C:/Users/minec/OneDrive/Documents/Vitis_HLS/project1/prac/prac/hls/sim/verilog/bubble_sort.autotb.v" Line 243
## quit
INFO: [Common 17-206] Exiting xsim at Thu Feb 27 20:12:38 2025...
